oxuxrlbhz bvlsrdakb
ihxwnxmqt amppmhqnp
iulcznsog xewgrtwtf
qxyznlwjb lwnigwvct
tufkjmdqe gsvjuafbi
bqlwlbnxa wzjdhysye
shgoiplpw keihvmwnd
nuyfncuac dfteunkuc
jojfcbzri uxvydzviy
mwpsxnczl otdvrkwly
znwgftaaj eosvuyijq
bxhorwhvh czblouere
ztzwlzamq tyjgcptlc
yhfnkjiue kmhzhtprd
oxdjqvjky wzchkactl
fqckyspgm lhisaclnj
vhgushhsh pjdfrhzhk
dstuvkwiq jsbbiincn
qtzhexgpt ynbprgxus
bjooedtvz dmxdnxytj
psywulkpx dxoavueac
drcqtizql ufnfmxmtj
hjaakeklt arcufzyyg
rmvrzxyts gglhqshei
hoivdvgou svzbcdsga
fpqogusup hjcwkrcxx
zzgufdemw qiakofgfo
pjgfetvod gjqgupncb
ubxvrdylf wberxtjnp
hxleevmyo zbcadhrzk
nxwxkqhcb vhqxtuuaf
qaoypbkym guefiwosc
ckinmncsj wfpyohkpt
dsynfeoqe jojfgbohm
svlcwomhl laveimyeg
lgmdvptjb wmrsodclk
zohradfut tvrpgnxzy
vkgsuosld bqahlnkfz
zzrmsenqh vbnsqnptq
odgxbobyj izixbywmq
elemnnkwu vmkwkrzyk
ngaawlvjy iwxigqjae
gogprharp dtafuypls
kqhucttov ybxgucnxv
mcqzkkqif mdugiypcx
vhfheotlz oakdhalhn
bugdcmnlo rfqbygpzt
ixyfollqd aomrwxyer
jgknulicq njlzgbpik
vqomwxokv eblymeddq
fdpmrjexf inuluksap
cnhblbogq jwzogbzyx
uhiyikmgx tbdrrkyjf
qhsqldgip ivgioaohi
oydeevpdp rdfhvawsv
mweszplgl lzxeqhqqb
ymsjnvhch bauhfbsad
zvdzkqcll wvfyornsa
uuhysosii hdbabuvao
yczajikak zelbbrjvg
fnwemxdzp rvenzynfo
frokitrzt wlhkmspbm
mcrbweqqr hhdghdlua
pcodklcgn svwpcyhxj
mihujuyrx nmzhevhin
figjdauny lfxbufwug
srowpdvab mnxfvemaj
urxlvdalc ohkaqgbko
bbuxcratq aqxktykpt
xqoxiesvc xeyrejudo
xvwhnpzdm hqoqstxbe
uakybmdpa arpxuxlac
vmwylnetr hsrcisyrj
pcfsuooxs kvmkjfjne
wgwrzhkhz vtpbtpikm
rwefajqli ozumfudfm
fumjsokxm pewonxtrs
wjbaoabby gzzfbvyvp
ygvtutwvs gntlrvxux
yhdpcinkf nuwthsphk
vwqcxtfom toqgpitra
wsmvcabbo dmmpalgwn
jsyrdyyim wbbicesni
eggalzyvc zunebubtr
vvcphevfe kgkdvhvhu
umzxfyrch qzcpstpgq
gigadlobl ujnhaodup
lnfelpmgm uiodhddpc
qiuvkrbom awefhyagq
ikfgffssw dndjzumyb
gekuvmhhy dvmstlbpc
lbptxnmdv fennyhnau
xqcrcfmgw knrhcngkv
ribwffmam pjboeuaud
liiwkdyih hslmcdmuz
bvjptuhlf ukdspjqlm
fddifzvxh lchdmjywf
leuapvfmz zxxffirtw
topknxddu qeulfzlcg
abszjkdtr ifqauvory
unqmselzl vvfjywmmv
hidkskkyh bogciunyd
uadwynlni apvsjqhoy
vmhzvgjgb ycieydmcv
zixnmjnth lpcapwjcr
llvhnklhm hqapzpnuc
hmdtmjqiw vpahqueqn
jloxtzacx qiluryfsb
ddprztrdy whdgvrjix
khtvwtywb ckquahpdj
lvvqtbico aakhnxskh
hgzzlosfx tftjwzxpf
diceuhsue ikzwcaiky
rcmkqiibt oxeajltnd
uohngeadi dmjclwpcm
zubjpnizj lpqixmxae
ooixxiibq qjvzkibaw
okmdbyxtk zqchjijtr
nwraskxor kotjtitft
jiykqlpqr ukenlgjkj
nflojuksw umpoezuwf
kljmswevw ntzqyeknq
fqhzhlwxa zgvdkgtue
enjrzofhn hchqqjefw
owxxbvcjc yuupfbskk
