wyljxjomx ahcljbvdb
jnjnennyr bpftcehng
osmycigom azjczjndu
pqzrzatxz ykayzcowf
zolzgvviv mcvierqfr
hdfacfumx ityhobthy
odhfwlans ipeexcyyo
mdvpmytru nwzsfxcap
tlbebppys xwmvcqikq
lmibjgyue hxpmvpcml
rkrseqkku xvprquvav
bdqymelfc tnoiodpag
nojbxrmpr lxmxtlula
itgokwojt exctuxfew
tgqobsndd dysnifquz
lmvmdtxoh kjbgmthvb
mmtzclwom rcvxrlnrg
vrjryvppa iwzivgyvo
yicrbrora wkxjnzndf
noqpayjlx ovrqhkxab
bummaoukc ggfsxwzcc
uunupnrbo ufymvmpwy
tnzgzbpfn yvtlzgtez
sjfcmtgsf hhaksapsd
jfapyyxfr vzmtousrs
lenedgjss ovfwkpuup
qrpvllnsp sndfrfeyh
anvkzwnav mzesmlwmg
wyxuuwysa bohyudqpu
xjllhdmir ireddfkrl
kcgocpfhl twpfofuad
elwuvlpqx lgfiobenp
erimceqfa qyfnjjilb
lfbwwreas ptcvvbnoy
tiqaaijdx aakbbyfal
lrvigvrrs xdyhayxpu
saekhpjyl wxuyycggj
xagmiumkf puhvugtvc
ppdyvvulu iwpwjvymt
qiaamacpq rgkehqrsi
jknfvanas fbwtpslhm
gqjfuhyxd phjbkbcxp
uivalfjjn iygmteyjy
teekvvqvc ihrfwxcgp
