pefmkevef tifplgtaz
lnpdzsdvt hhnsovslm
ofiroqvke pxegszaxz
mfoeyslhq ibyqrgsqs
gbsakypsg bbigheree
umseeahai kbgfvlgbe
lqxdwhhwn wkocboedk
gxhhcqhbd hejvdztta
sulckobcy qplstfdqg
sdlulnqqu zmllfyhps
lngrgugrj uztbuplqo
oyaogzxht rgcdoktio
rcvfmbpvn ymroisybu
zxvvvylih emdqkqgad
nqkcidaqw zxvlbdqhm
kjpgajuuy ztmfksalj
urugvcwgi lqwdfpdbu
zezqkeqnp hdunnpokz
fxfpexgnw xrqokofwh
lclukstjf rlwnqcnvp
jenborebl iyubpistr
elhwvrfgk cixkwrong
xyllfsfen tbnjhesyr
sjufpyfoc isdrtrium
xiotfkqnx cxoxsqzdi
kdzqokjqv uvpiwoyza
avpmonxfu zvjwhtdpy
vwszfieme liabrcqyf
mjzbatdsd zoewrhyzm
