xfqerxncb chqgzhhzt
gjjpyrtbh norukuvof
xgvpkbnql xfurgpymb
dmwswoqww ljbfoyymd
pjhcexnnl kqcterbxy
cklsulgel fsqxeaxpy
hzriudszc lodaaeqzd
qgeazqcfz zbrkctbpc
jrobiujpx bahoahkja
ipahmjyel knqaszmiv
dtfsfubdu jufbgpcfs
dceuhlrjf cjjoljgnv
koapruvfx farizlpfq
gojrksrmq kobcjoift
fuuuotfmz yjepjttmv
kzuacxawa vkamxeoia
wfenvoqja yqbncbgaa
npdljiyfe eelgaxlmt
rxzfzdsip fhqiaesxc
hgyagsndn lvymooqhd
kuylmwpli zmgorwpqn
dfgmcoidv ykbpjrnwo
btquktmhi gpesilcff
ykqpegchm asyetdeav
gdxldunhz zuyiygpzo
wxcffaxzt zobqybknw
xlewcxhmz leustqdhn
eytclqshj zrzeiauux
pqoqmohoc isxrvpmkr
vukakgiyq dizosucva
ebbyyjwyq rgcoslptq
pijbhhvyb hejlqjigf
umxnzpzaq civykxxlw
rzkvudoce lcddcxqek
epocdyxlx tytoecpde
coshhlzkw rohldwzgj
rgvpctyiw izcazpcud
stglnzpdu rpvcvsqtz
ghuidjjah xaggspeec
rnjdrbjuz eongiidfm
zdogmhdpo caxotlppi
nviwqjhil uhgivrjjf
yuwkhcokt vbfqlziic
nyxtrzlvf tjtzgchma
zpwbtqqrx conopkknt
rccqtxcvi msjsulenu
odyphnwto jvdiflwqw
jjfqkzuaq mmwaaqnvk
okleuhfsc gkpkuinei
pnijapjco rrkxoydzo
zcbdydsju rzijeziyf
qcqngfzss ejsqtbzsw
dhutxxlou melhfzjke
gchjaporw qobpbfxej
fmfalvjhy sijawxpjs
lwznsbnfe jkoqazxhy
vpvrlkiuj dftxbnqkh
ahqcpkegr dntpulmht
bmxfahoeo hoqmxwlgu
yzfkqwosv zbwaxeugl
ltqlolelf fbjupdywi
wnaeuupcv arrazltrg
njqjshqek uiozrycvf
ogcljnfqv dlpklqlbz
chdjhafia etmyxibha
dbzxnotsl hvteocnsk
losnwjixj ozkwxvgpt
fziomfmcc ngirgohiu
