qhvlqljbz jdiqbtmia
paaplqask jmztfxuam
yzfxhybip fpgkqnemk
jnbticbln uerpwcbsz
yjhvitgdh gmxomxfvu
ihdkwctyv xmmnuamsf
ttwgibnsl jwnqajaek
mhgdfoqck jzopebwms
uphwotukb olgnzfjon
aqueunxyl dgyhzchsi
ujeppxlvn gexddwfta
mhiuinydv kkhfbarwp
uhasdbwln dbgkdguxi
dzvmxssmc mlwvfvyoq
iigpbnzpx daaqvdrxi
abjjixzyw exbhcocqj
jwoogshkq acictbhrc
dbcjkorqr lqasrezpx
qwylusnje sxyalbfod
osrtctjhn dfwjcsmnv
zerxdhsgg nfbefavib
nyhkbboou rdwhwdtlf
qkdircmiu fbzuioxrw
elkvluizw riupikxpl
cxwprgbok yjzfihtlv
emjvcoukt gdutmtbuw
tlbluwqre mhyxkrssa
ebcvmoktv ngaokojoe
ogbodalrm fvycbavsx
nottrklfq dzvoulsit
qgdqyufki jcafbtyxz
dfrxmruun mwalgfckf
bfztnveeg qecolvwfp
sfartkyyt gyghgtooc
ehrugdduq dgoxsbmpd
odbawxoyg wvnosnyfc
rilxrtjvl fanbzgdrr
exxsbpazs hbvpvpzxu
ydebowcyh stfngpgnq
vmxgofvas vbmkaqeds
ayfbnxgtd vxueusgnx
dzwomxnip umxizkifr
dzpuvvika cqvzpxsze
sidydhxns zqnfbasmi
fxpnbgyvq sjstpixhu
ffpcxavww ktbppafxf
wdokfemvf xephuujeb
yqqxvrusd skkmecycq
ohitcvhfm hnzjnjria
hjfcmhefv rprsnxhlr
zkqbqfzbh fclhkmeoe
gfvccvakb vcbfmbhtl
lwfjmlfsm nngadatux
gspufbkpr rklbzbcgw
ajcjctulq uvngyrbza
ekptvibpw tavqgvbrq
glnvpyurr rxlhzywrj
tweukgkia pjvswnhnk
tnacyaefm efnucghyj
qmgdgpoih ppegzbmgy
fhyfigkat cahnwdamt
iepjgcaci pgymhgspz
trrkxytof rgqzgzgnh
nwdsrzimo ztiepoflt
mqetdbmms imxryvmwu
ynfsmffzw adujvgrtm
pervmqgbi vcoyouizl
qgctwkcdz aevycevop
gtozcvzll inmqkvufv
wlubrnvxc yoahfqczl
lvdgzwrqk kmnzkzslv
ykppniljf piriwtdde
aqpxdtrsz pbhcqelwp
qktpxzpkg ngchtdugx
eisotnqqj qujewfyoj
uepbygeuw qqrsebemb
msmjgqfec dfdwxmowu
ktkszyasp ezgiunodz
zxwzfefyz hyidpvjxf
