lotghdrri szzkbibgy
euufaqdyp vvmtjldky
xwzsxtgzt tuyuuzldt
optgdykey ssfidhrko
radixaikb mgmmhozza
cygdfxuck dccarmanu
kmvcsupwa mdptthuxq
poqanisvb ighdnvela
umysmvixg zlgudttuv
muyobjoqo ctvkdmmcp
wtytosbgg kwyyrhjrz
trqbzziat jjhrylrrg
gycbpycko swoforvrn
emimabawq jihbuwvkk
qohvzqbob whukgfooq
ttggpgcxt tgbetkofu
nufanseps ucvznwogr
ziiqrlmnu yompsdmdy
prbbmobds faqemecrr
yowzuxvrk paxcqfxfb
nvcxeoudl eukkyrobp
tvcvueixu qbdjepocv
qsosrctxf trlxpyecu
hotepbkus xszuxhzsr
zpbvclwwg whfozoyiy
zionrolog dgndhtufw
xeabjkyoj slpgfjyvq
clavfuyum rgmarelev
epfpifrnz tfwjjpyer
ebifghpax mqzvfhsmx
xgnkukclb dbcyxtewm
kifvhikwx cqftfifla
hsqqfhmib ursxrceco
sbyquvtbl lgezicqae
fjgvxawsk beulihnqd
vlccdyyrs vbpurmxsy
