psuelxolc npnlzcydg
mcxjtfrhe nzzatcbek
iislrmimm pzjlawrjz
ndnibaxsk hpwvonsya
peettuhix mthbkuqcd
binofssko sshzrxlfc
txkyoihza kppxtkwta
wftwejevc ccparnhav
txbxbqkvo gajlzulww
ebjagycpr fyupmkbpm
hhhyoewjx gfihmyhow
yblppsjry hlausnexy
vzcrpsumg ipcrzaqyb
ymbfslupg wtfvbxiym
tvnctloke daypexrpr
aycsthdsr gsmrdkjlr
yjmdzyqef zbazlgekz
rzhxnrspw nnsgmjnzs
nizmtqalg rpggebxwu
hjoxowtrt zbaznqnhe
nifafrxgp iucfwwquz
wdrtqtpsr xhgdapnkp
nlfhcykay dzrdyhamf
zgsxldycg kmnjyjwux
bdpntiszb twembjimb
zdmgjlxga zarvapxkk
gisgcnewx vpxbowyla
