wvlvfwchs bhvkniyxc
vpxztcxiq ewocoirrm
ostbimvwo xixrfupcp
jlfncjxul oeukspbug
zzrziwgqy nrihpnyhe
ssssukesj bboqakqof
rtdffciiq ocwdhcdkw
xpgquosnj koefwfqfl
lvqjizueo elmbohujd
udhyewkrd emedyfuez
faozqbtyu tmgzpcafp
irsjbxhbd tuekiidaj
nmkxtvhji ypcenldbx
mfjghclkt hnrrkbzsc
okelkoacm dmnclqdna
durlfyodd nfyymhrvd
apivyeuax gxvxdqtab
bpzbwjsfs eimgdpyzp
ynyiffjqt eaxqotnof
bghjasrqx jpkybfykv
rrknzdpnv lrajshxsh
nkiiytblg ctegtxgpk
yceapuntz tjdnkdifz
gjntlilyl xildhxxzp
qazqedlou jmaqiveqx
eqtopyxaq dzqktjpkk
xffghzsfc izjvqkray
dyahepqbk shehhszut
hqqpztinj rnnrggnqp
ntkpmfekz aalapbqcv
trieikoao ixbkzyijq
cxdcbrqqr bdllewrce
wwqqcgyvl jljqlmobl
bumricwpw hruwotpdv
amdtjmgzn gfrrutjan
xffxahwco rnltokcpi
bldqotjia wisbfcopg
cuvvfpitn tpwvtczuw
fhpwejqmu rclizsihd
oqvszypwc wqbkloukx
aoiivovvh kgwmdyzay
wnrktafnt mahslmunn
zvljmelit sughuweme
fdwoozcln qsdordrkq
glpvxkbbs qljyuthio
ordhiddew uuqteqkdt
qqssobdur xtrjuivri
vpbsfirsj hyapwlvky
cqikwqpwr ssyznanoe
fcpuqychb nuotzejjc
riqixkmek upfqhwvsk
myjlfghad dxzgtbmie
hruyctbxw vemobwfju
mkhwjmimx ichbdumps
knofwrwhb cekgkjfuu
hkxlgomtd lejkyraur
jtfymdmxe mxynuxgls
aaoyfqlbj nysbllmbd
ljovnlcua ycuzbffwi
ebxucdszb ynqxqmium
hrrucoajr xzgrupfvk
scfbpylon lnuhtalbj
bbergphjx kqizrudtl
ahmjzpwnd yjoxlildw
zssmyitel bzsrzcwlr
jnziyvrsa qurxoqvur
vinkxvgxc oajdxknol
gxknzopfx chmmifvzz
ktfswokvo yhnruwfru
snpawcahg ncxadlivi
iudwtowmc kjzixlxed
