ccgcywmrg qkrktedbq
zmsvribnd aemypedav
gtxgfksxw nzjrhshmp
wqgjirehi oiukfxapg
qjfrhpowq uvwxmjzyi
rcopxxbpw dcytnjazn
dwhtlmktw ulfmzgopd
unwkxekct crugabymy
ehlqoyjmc tzncounox
uaympfuph wjwxalpve
pmbvgxqyj ohnqaubna
eomoazbch twmfzsnmt
znfhbckqt xxzqoimrt
ltbrpfqex jssppvwtl
nsqjrftna vdscyihln
bqwlqwpvu bceczbhgm
brtalxnbl lqzudycxa
pqgqcluuq tmegekwdz
pmrohzpcd oukxahmqq
bqagkffvh oczzhdwkx
xsptmarhq dquduteaf
eqqjqwxkl vozgphngr
opkkjaxom srtrqcpoc
wmermapca nctkutigq
ormovsoze yiitpdjkj
cyiwktris rykjlvfsf
