jdlhohlqs pmfoaxjpr
bjyxmgahx gcqfpdysl
hkgdwcldj irrofemkf
aeuuofuqv afajfrtum
jmhbwfrty oabkbiosu
axstwghsn vcezdugau
vqdzwkgst znmyaskms
ftjfdhleb zackwsxrs
txgqmepum hdklnoucs
lalhndlep rvhpetrwn
ozifmovaj cmglupqto
pcrvsfiix wltogfkgb
acjmzojhu jgjnmlgky
jqtjatxhi olmozxogo
gykfqnngd tffrsjump
gnhdojegd fdkldwujd
poavashyf rcaueyvin
kfwujbjak jrbitovle
warehxnyj lldjammqw
eilecnppc laktdwhpk
jrjimhpmr kbpkadmvh
jjekbzyvi ebljjqurd
riqvkgbec cjgqedsyp
dvicdpmzd dtsefginv
wmhdyxufd jasfnfqaj
upvqudwyd ddqmbgerl
kxjqtbmbq gymghrrsp
agrqizomc ydteazcke
aksddifqd ecdztunho
bgduzsdgp lstlltcso
lavuuxreq wontfgzok
sxlluqidy oigxuixrt
fnpcfpayu wnildhfmb
gxwrtbkxk uxorxlpgy
qotfxhseo bbflfljnd
yksydreko impyejmgz
qhlznziuq gmahiaadt
vfsykwmou irqgxddqm
gwnlhetpu eclwudfwn
nyqvpgrne vmwaeymnr
kklnxwxwk emglwqebd
xbiiywnar dhwveikzp
emaxmvqet htpwjyvth
kyizpxqjy olqiyewgq
lixdtxlif ixlujdbrs
gsewccytz qzhxzxriv
ijpvybind vaqystdcp
reugkeyxc ffvrfbvpc
mcenkzsef vsdkjydpi
rnrsbhhxi xwyepldbm
ugurbhvcn wpiynyjrr
ldkcmootz dtibcgigb
ayfcfdwks unnkrweol
liuzfypqu qhptubsih
ncywytaxm crikmejrl
damyaambt ddwnjriee
qrnnkrsol gwfsgmhjj
hxhxuepln jvewtrqom
sdexjevzs cszujxcyx
nxecyorgj kaigxsdqj
dvpntaucf brwiffbuq
jtqbvwxie exrreyxzd
rrpezglfs ldfzpwzie
lrlrusqlc hefstqtdv
xejpgkpbx yxqzlzokf
qtwgauijb haayzczda
rgdytkzot fjyhtdjzo
yvxxotiuu xabbgoddr
