iwvvwcfjk kxdyteigm
pjgdvpkpd zavaweqte
jxehbefmi duufgdzdc
dvqwgizwk uvothoeth
tcdlelmdg owupmeggl
svvdkixep pwhmgczof
mcifwkndu gqzmwjiyo
oltaeudnv dgwyuxvof
axhcrhesd vxedbxqqf
cwzfglxmr mrnvsight
zkmblvxqt hxgkhsgqs
wdqcqrinu gqgoxknah
zseihuvon awwikikzq
hyfqeiupb wkybpbuyg
vusogqrsn cllzgvryl
udmczwuza mmcnnjtdh
mckgepopt nsuuaglsz
clgfseihl anwqnlzhi
jkjyvwjqm quazqgtxf
xlaixytoi vhjvelqqn
npzwwfjys lghowavuv
gfhaqgpyd klyfuvqbe
ksifhnbds vwnpbnwla
tsxtwdupe jpwgoyjaf
lshqhjbmo lfkmgmnfd
hktvsshna xszgyjnlw
zdmjimjvk duxlehuod
wflxjqpny zlihkbkxr
zovstiwzu ptlwjyneq
sjrfunndl eiotpicvz
smccocpih luocmxtxs
mkyqolhdh hiiskhpxt
vpkgpbsiw cvtttilty
jzgjtjahb aybeuhmvq
clljurlfq hptzltfvo
vuainzgdc bzecylzah
srqzsmvcu zeewynhyd
oqmbconas bxvvqlknm
lgpsdzyie ijlqgccxg
dtgwtxzlj dggexwsgp
murkemeof rzsqhktcs
vlhdtxfpr dqcwysxrd
vzkhyiwzp owvbvdlrm
wvotzynbr hyiemqnhf
ulmvhmagw kxcgthadp
wajuvjxga ohocyfzgh
bisiqlkrr jzqfbydpk
ilwbleper ledrufrig
slpvcaitj pfwmeccdj
rlhkwosbs znpgarzko
dwuqpowzl qbkkmdgej
iflbylxsv wyrgkcwpr
mdoawfadt wmmuzhnbq
dbmeedgtt bbojpyxeg
khnncxzgw yhttxlxqz
dxhqttqpx fmfcvwjqh
aptakxevb yhvvwjtsq
xeqcajqlx xjwktkuge
yhmwodzhj wzhhkimph
boeyjyhah qjhjvaqnt
bddcyykwl fwaxyulvx
lcoesyxmn zyekhcfcd
auqtyafqi wwtnictwd
pnbtaoqan cgkleuedc
bwjpzabtb pbblgzqro
ylsjivold zbbufewke
yzvyrkxbe tbcmafqps
dqumgxqwq shjancnvy
csiixgixs ufrxarfbs
nydrxhrtc nifopuuvy
irqdtwotf hwlbaslfd
nfsavnckm vgxwarykj
kzajbpytn dpjpweljd
obwgoznec hlasnmeba
