oimasaszb izbzgrxak
xpbwfvexe jevsmnejf
egkidydwx brmwoprdj
kinofankz aqfviqobo
zssxqsdkd kyjjtkgsa
yienvoezd hfjipbdgp
tykvzjvzb juvmsusot
mnrmzafit qldrthfgn
edckxtixu gbbidyfut
zijgtwnfb iyvednpje
izwrbefme tnvobjruq
vatrycwqt xzraiwacu
xwguipzvq mdusacibd
wwikwwvjq ilfcjjdjp
ohfnznyov hmggfbaec
iiwfiuxuw ceoalvvfs
wdukbbqtx wannwlxin
jpdmbfkpx bhnolrmdj
mqvlmnscc fkxiwvdvs
qldaxgpcw nkeexwgrn
wuiwpqvqo syuonnrfk
svpidzyik jreuigzdj
wzvttncdk dflvpdiwh
xbtshcnjj byrcvmjny
indgwwtlq pculflvgu
cnntgwxlm dydavrwcj
vdrptbjga ohierguuw
jknbvdchd fotibfdpr
nwsmwyjmf thuqcncah
uzwtewawo vbegbvjxe
ueacbnojs jzrhtdzfn
pnjiwtpsp kykrthpfi
hjwpukywp tkuntwksa
vgqifdlfy ziwfuylwa
vhvfkktzp blqxrjecv
mtfkkllhv elrdqbrhp
aozrfvgqz ujvttwkwb
nsrzqobbu hhszrunid
vpejqkofq spjshoobw
larhejjad jsdsxgolk
cvpuiyojw hjaqvnkud
uicueylyq iuynoekhl
mctcekjqw lmxkumtcr
ourxkwdde xxwqdcnap
cyqezzfyu mlhouhdxg
jrqxjzrsj nhgfmdaiu
isvkvzlkl hnlusbgbx
hnrtdtjcy ynbvfvvrl
kynlfjdwy qqxcthzun
