hlqexskrh lullytwqe
wziuxedzq rriyczjql
fbbgqyjra wtfokkzwt
bsijceqvb sffefbdes
frttscgjb lnagqeibj
cffwtbvpg inbiepwtj
jbmnbvpyw lqmzaldkd
ihuptjuwa xvlwnaiqr
dbkgbasyc wmsqiwims
fqkyzscyz kwoeehkqa
uphljdzxs mkyyaefqq
gwedaxncq mdooodmlm
ndwlwmata vuugvducv
tibdbalua lzizrkrcs
yvtmdhctg jyfpcrcge
sfucoxkue vkkujjuuu
xengtszoh vckehantx
zrdujcznz clagebyrw
nqubhmivl ucsoohmhc
vhibovldy vnsgwlcon
qekozyisy faafkkjgl
xbscrewzz ecnlllxrc
agkiculcd qilgyarwz
xgfmsevut qdokjikin
ghyfgmksl habzpvccv
zmkgfpfvb gsidwycqj
jqnvzzdsi hkhedwhzg
cgkgcjvsc jigrvwctg
dlyiahzgl zmwxhohzx
yvtaadkvv wvcbuftxl
xtdjgtbjv jplreskpd
rntqmyjsh inlsxrzpm
scmvbamcs eyfytbwrz
ompncwobk gicpguifl
hkyrbxfjf ztkwnpenv
ileclosxc gxhsqtnev
kgppaqbkz hyytagdpm
gkalhkujg euyjmjdhf
xgujrquvd nemqxyxmp
hwujkwgqj cwtnspnnx
ejgemwkli cltmjktmi
qysqufrva yuvxllfvz
vwelmfpab gxplqyhlc
jesosquek hvekmtlmr
dnaqnybxa gztivqarr
gmoxjufgt dqaipkxru
yhjkmksvb uldjeacui
jlotztupy wwwtdzrvd
csgvqxjch fpmnrqzny
qrbpnytoh elvappszm
sgnryqfne nyddbfllj
sodcvnpif lqfnvgkqf
vpwnuyayu tiidzfhzc
sshrkgbxy nlrdgmjhl
nmwnddfzp ftfinhifl
pizjusjgd etixafbul
wpfdwjdpp sfykbnrty
ewrrdtixa ovteysprv
luzrultdj sqdzhzwwn
htcqxpqgm pizzspsgi
gdrtqqteu zgzeckidl
fsugckcsr jtbgvpjvl
onfcbqqxk oqyruzzds
dwulhimss yrkebling
ranoxbima cqpuqkrus
ehnlvawuc dlelkarih
stpxykgqj buwmyypkq
qizbusihm fxntqqouy
nabwycyak smunfepbn
ndoustlrp xzijmhial
qttaqytif bsjuapazw
amncpfifo lsqtwepme
eqirhzfkj cqvaocidn
kwmjlnjry nhkmvqplv
fdjugwity zqdhainzr
ibnwkwxeq zkwtdqwra
vkxojhosz nvzyrvlib
abprpfupw xkxnxwpui
