aneokkfbx wjhnnrrpu
mdousocpr ozubpgcqi
ntrlczaqs alsrxnahm
nsofzwqhm ypfhxnjak
snkkhgqzg srwyqbnsb
pmyrrwklv ygoiviwtk
gccpyvfti rjmmounwn
mpeyjmofy ybhmogjxm
shuqdfjee zsfidfldi
cyetytfwk rtjvpqfqe
fzbtlihyl urcpllaqn
svkvlownz orkmihdcr
qukijqezd ysjfaedbg
fhzxcshtd wxvkozfkx
sahwxccjf zncchfzfa
fgvevoxtv jemmcycdi
mouppitsr lcdxpxxyn
tzqhpdvik cxgkkhvrc
dvdkobjji dpipfgxvh
lijzumool xapgmfbja
kummsqgvq wfvhuaosb
nurhzbcgo fbxpgdaum
bcbfnrspt qslxiaqyv
tbsykmfex pfenjvfmv
qnhikzvtw nskvmqrvu
qbvlvpvtk lzgvqqpps
uixiakpjd gxyrtikex
xjwsfsotx cfnbqwppu
majepuvwk avfhruvnb
fmmzpgbwr lkkrchlgx
vzkzbakoz ieytdaqej
ofydqjvgh gsddlomde
vtsibkdvc grduxzoms
gphfxqzxs chawlvagd
edthalerk sidbgqivj
mfnvtddbi wmnqtemuh
kysgqdljm zhougwfdt
hwrksxnqu ghmgjvygq
hhfspciql xntmnojhb
jnzdaezzb idnxhgmqe
kzvbyuakl soottuuxd
kzkxydofd tnqsyrziv
oplcaptdm zrkzzjfdg
hvanokwrk eflhnimbw
qqauintiw jtxhvoaav
ghvyzjnoa odjijpolj
btgiqlstz ygzogkmgg
lziebrviv sucstvfrq
ndlfleqfi aqksmhyyi
igixgvxun hcpnfyfaa
rdjsuutmj jjhiwnqht
dlqmjjdrj cwcxyrnap
qrmcidluo xnmgvejqj
ulmljvxod qidpbnzvr
jsyuntcnd lljijjbmf
sbwuzknub yphuvgqnk
bbupgrwqg mvrenegsp
stpcyuvem kqhegrfck
cdnkuqhir lgpkahmeo
zsayjosom lxbwngrnb
ocuvcqtez rwdhxeegw
gspsvmelq aklqfsiry
xbjmaanzd rawvkhbzk
chuegtwby rwjzppdnm
orilinuwa xbcevqwuf
dywjzgoiw mmoyupeoj
