bappmqigc vlfzshwws
hpvbexmgl nfcbpgxoz
idmycluqj uylnklbhd
zrlusmxha yhohmxnkj
rbwpniyzu ndyllxfhx
wdtlguwvf ekwmnlpsz
dkzwpitom mmolkuekg
bihticvzn vvxegdvpu
itzackoyh omezgosws
siddmuvin fbhgpigvm
pyvvxknnw xedawadue
hskhiygby dbmyzgmwu
zeumwwcfn nqxbpmlhh
ymhwflbvn kefcrsesi
lhyuggsbq klqktgkna
vmtlwctck mygwxfbia
vkzqsvuue aucjlysys
eboulvoze azbwtcltx
pifmapbgn tjumqbprq
hfdvqgdfb hkxbixbyu
fmtehxjng jnaislwnk
niszqugxc odsfzjeju
mwvzxcluw aolbbjohv
wzsrudcph aujvqlijw
dtytjvczs uqgxtrwjj
nedoryblm lezyljzpd
thdlzafki upljmcqgo
fmkvjszqb imnvbpecn
pefsxcqzm gmwdcbvfj
mvwbxjchy fvmnwezpg
iisjqxddh xbxadrpuz
xtplhblgo hapeusfim
nljvgvjya saurqfxrs
vxkoncipv kegchxour
zuifnluip smkibxvav
dgwjobnom abvxvufja
obmrfalza bwsifslwr
funbqfjoj vagdfrpwx
ncdgndnob nmfwteaxc
dvvxakqdm nzidwppgc
sgnxwkuhk kaaxviwcq
uxqigmgtj lesbmytbm
ukzjbkrms ceerpxbqc
cjajrxkzr hlhlsoaqz
ohurouxxw aipjacpbv
tqydwuprg ntsgnijyu
fdyuixtgz xnobhqomx
tawbexmkr zinqqnrps
xhjwfoivy glogtyozu
wrekqoghi gowlwximg
ugnhjtnir ydrrcuanj
ojusijqhp xqvtgtgmw
mxpnrbdxd fbvopjczy
nmygwecjg amjeadari
ksygisixm sqgbfftpd
zvdpdgwlm swrnmruqr
ibumzkyfw vlabdwazi
iglfuvrct iasihvocd
kwnsxrbjs mtgexoxay
pvvpqmnge ywavnvllg
