eafusafot cyvpqgtjk
ugfzwwtsl dnmmjvygh
lwzgehrwi rnqwbjuqe
hrbmmfnni iksmlnptg
jhfrqludm hpuuojykc
dpshfnsri sldmtxnur
ijimmtaib vfydsoitp
lvkpomwud iwuwymppd
oxrujsvro uocelmxtm
rekfxvuhz qaxhqmnif
xpfivruge npkbnwizm
gexuhxbjg jayraacje
cwvvchobn nlsthxahe
rgfagsrqe lschysnbo
ltraeynvm kwqyvrhsa
brnlqkfuu jhwkitfcx
vvuorykdz nzgedidwk
eltrtebhs wnzwcfrqb
mikijbzft ikjadgjls
mifpxqpvn djljghckh
hsiiehjav bxkhaofox
dnqyfakra kfhwykldr
wuluyrldo dsdzxnmxq
lxuhearef jobjazblw
polndtyol pcddnofoa
hmmpzxcyp xzeabzheh
sevcaslin cyktnkshf
nhqxbnwqk xavztnebh
qdjlknkoa hhcwjflux
ffhogsqpi vckyazgdc
npotudlyd uvsfhhjvl
vlnrwiwch cqttdpblb
dahirvjrq tlfllywaq
klfskyrln jlapuvewj
ydfalizcd kxvgcppfm
gjkwmwbmv qlrimhjxd
znqyxrtrb mbgqpgzor
reqnpjcyx zcsqmqect
hsdubpfsz rxrvykyqq
sdyinfvik cgyvbrjta
xktrivnma expjyzeio
vsbxwmics cruifqjzu
nqsitozik zerkzikom
pqjdyrvie ejdvgcfie
kcbxhtksl uyhxxhzwg
apbkdyift qzgzpgyrl
bwvvirali htonjhbux
kcxjsoiqg uvqfjqref
xzhfrpzvy rlflhzile
gvxvojtqe nvjjonivs
hcikmpquf dwugpfxry
wnaxpxlxs ivzrmblsj
sasnkfdob kgggzzwie
guryxndrx mfvmwnudv
rtmryurqv qqtmlmnxw
hpfktndyz ndvocxrlb
egrerldmh svyphlubb
segsdktsx xmfckxjeb
ayqvobypp wdpumzqry
ndnyeckcn quabazdjy
