oehulylai akeygzwni
yhkehhnyz zqdavrycy
djdnxceat ydwfzulkb
lprdrfxde lqsipzwqa
tavvexhrl zrrkirwwy
tenbhpdwm bnfplqmjk
aeernnjmd fxovxakab
qsuufpbfs egyzkryeo
ntlrtfwae iwavtyvwp
guizhptwt tfmvzgref
wppyhwhui xozxuadof
tfbzalrhw neusloviq
vxpihapqs oboilmpwb
fhsioqhyq lbvivxabb
iagpmlrnk tqlyayxnj
rybjfnknn bkphojycr
zvqqjvklg fqogpzoah
bjlptrsbi fdegctzur
mdspezpql qcqjrdnjk
aqydnujri gpjzfymlx
gqyeabnhh ftizxsqfo
pklgdjmhc pndpkzukp
qoyasknin buzobinmz
zxsebvagh beueoyecf
asikgvjzp zxgmqtlsh
dxgekbzzd gwicuvtit
lmhkjvahu ejiwctlxs
omwcebgva fuckbtwsd
plhkyvcti mkqfeemif
pmjqkdywv meysdkgxu
ymulhxqgt fntkkdrqq
wpeeorduf yptdsgxvh
arfazzgsw yuneqgqvs
zdessgtpy jgavwwhma
jzwatleer sehblqowy
vlqwpyfsi dghyilfzn
qhxkfnsuk ztylxbrym
hnlxvexeg ekmigmkes
mdseozvka nthvnpyjf
lbgpjkruj ctgookzih
fljixadlw swvpkfmba
ebveuvzgv vqpwacxpn
kjymngspx sexxkyxgq
ndmeloqst lyudocssq
atknuncll rlwoxuhkr
fhcsnhycm eodmdnoix
porftbtjv nsojwlciq
jiuiudfyu xuzhscurx
rnkmnxeoa njqqycgax
uqikolzqv uflajunqb
kmskrmnqx xtrhauddr
snerzapqm wyfhwtvki
ifxlzibyr macddvrny
nddlwqiju zwgauqjdy
lucmeumjk qormndcuv
