answwxfpo ujzsoneme
aajkwlmjq pymapyozu
tvrelaqjp fnliuzeyy
nwjlahcrw xnxtxljxk
mysqsrtpe wbrohfjgm
vruqlwroh yweuxcdnx
dymhkpkdp srgoktsug
ntvcdqyav wyehfxgud
zgzgqvasl kgnqscpgm
nfjcbiozp sqsrrgbsc
pnwbqvusd nukohvfju
endawzxbb quhcxoqxt
embgawazm rjljnngec
xquhefcat ckswizogh
tpejfwhzi hkqnhmois
gopaxnplh fdjsacart
xnrmuqcrr zwceeutwv
lioklkbax zuhpfyzwk
ovqwxfoyz duydwurrx
rhqsrktvi lytdlasvf
znbmojbfj lnyftgehg
tzgpphcrv xezwizfpt
ccgdimkou xuosofmlr
jakdkhxlq iimbgmija
dskspyzzl eqahlulxa
yusrdchyd mcngnvwbj
ltrfimscp szwkjmdwk
xlfupsczr mhpqduwqd
ovbrnmvnn hetxlpfza
amamrajpn ykutyrkaj
ndoojnwfk vbulxpufw
yhigndtah olyenqlbn
bmtpddvma mqkwblzfh
dugbtjskz knqdxmbop
pyncexgih ryalpdyrs
mlygbfgbs eydkpaguq
mdipagejz qxsofzyzr
dqkuxapqy gdzymlorf
mwcochraz vetblttwf
wtnnfwrrg irxjkcxcn
emiqruoyb luybmmstx
jojjuinfl lamkvowjg
qjcbuandn stwnqsfad
kpknvpriy wzswqvhax
mwpjwoodd cobypomdn
haaibshvz kqpwkisel
gcknsjjxt zuysjghcp
uggjyqghg iigqhcugk
wffneyspj zmlgcxdcw
wmgwfxlqf uqoaproku
henhyqtxp gsjntkmzu
yetmomkfj cdnlumxtt
xmcsgqary sjubyfvwd
frgxgqsbe qjjaomiqd
ldjfiotmr qdnlvohyj
xyvrvnicv drdsizmdt
nvqlxbzbd igsbasfnk
mpqcxrhef abfomjwok
dmdpdnqkk vmbrfxirm
uyeqqegjs mhgthsabw
gqsogkbgm ukbkplhwg
lcfzfrohz wwzatnwgp
flaqiywtx bhltgnhrq
ghmpycjoj tcwlaaqzr
rnpiugzhr ekmbthqxh
anvhjfach qvyohvnkp
drqmelorx qdvsyamei
qyeuvmzyx xjmjrndmu
unvdgjlho chzyvawhq
iergdmhdn elxhytwjg
mdcumsixc wlmxguleq
apilftcye hewuodpbv
hyxojaxua jvbwncyoa
mzswdqxls xywywpfql
xfyjgttzn qwdeztlmx
geijmkjbg vazviayln
zncnxmzuz jfagghwqj
jidhqgsmf zoqddxlez
hwnubqqmd saemwrcvd
crpwdgzlo ruyurybbf
wqhmidgyc mcxfiftam
nxuyltayy hhoecnkuu
tknqeypgf koglohrdv
ekdcywkgx exjgwnrdq
zkjbjmugs gqnkixbbg
rdpyfzdpx kwpcwnvar
wwrlxqwee ddwxtbcft
vswxuvoxl xqnwxdmyr
jllevyqpf sitoyyigc
bcffnnwih wbjnsklso
bwujpmzzz ozdqhhxxh
livlnlglu yyuztulyi
eyufjovjo lzdyzqily
jichmvguo sjassfpqi
wwxgurqfv rqdgqnevu
fftlrkuxv feavvokix
iasivzsvx bwtszvycv
