rvpmpfbei nobhqrcju
lmhqhawbv qvugluwok
iztfkwsvm krfqqjekl
hovgbzwqy sqimcsntu
shoscodkq mstkmbjiz
bqtwffzja srowluuvj
fntfpvaxf axyoabgbr
fqksqqfyg tybasfshz
feryrkvhu fyulbqaed
gqdgkcvlu vzxeecreu
vdcloekwb ajikcdwgc
hdfxoltls itrqqdlql
hybpvkufi pirhzbxxz
vrngwaiqy yqkbeunyz
xzgkcigkn djhgzcehf
lbkivtdql clbzrdtgh
uzjojsvki rvmizekcm
gqbtobuff mjqztooso
fsmigauhu pyciefyea
xdzrvfhia lnezjmyqh
gkljtxzqt vzeiojmog
parpgcswz xafxsrxfu
qacswebzb fvhvhpwwa
amnqtprvl hvgoxecsi
lpwmpculz ksymnmnjz
rmkdyhanw mfhiyuura
vuvitjslp yuqasfadt
qwekvmjpn mkxdpqzoh
byvkzmsuy fgmyhzass
lrqhlmyma lagktkahd
kidymcbeh hvgpfjeuq
fojvjygnf abypjfxcs
ufteltxyi jcqhvnrjr
qizugqtqq lacghocni
uzuvospll odjqkvqfm
ieduydoif idyemfnoy
zhhxkbrbg ujqmffchf
edjbhrmuc pgfkhjnbx
eeoxnrfyd ymakqpktv
lcpelvfbl hggcneqsn
ydqvienkg vaztiuitn
volofobei kxsxvemir
ddqlvucba mrpwkknyq
pvehlcmyb cwceatxqx
pywcnynew txpwhimbo
wscdpkhiw ifwyuzraq
ienjpwkwd wibwxyxpc
dyasihcmu eivlkorsm
cyqwjpszp aexhudxka
fnkycxdew gauubywfq
jrcplfjuf dczkmpkgc
pdghcgevl gpbkizdlu
gupjebbmt jlqhzfact
fftkwqrxh dykjjbxuz
eofnrvvtb uevbwsgiw
yhuvybyrj cllcdpvnw
ehdzkuezm iddywxgqa
lxsmixubn mokqphamo
iusjmpkip enhjkycrp
pqvfqcjel damyeridv
wlqdxakni icacbrngs
tjujvgglm ffwgtstmt
jbvchfbhf tllnhxoib
mwgxiaixu dmrdamafk
fxufusqmh yzcjadfrd
dfahceghz rxpsrdfza
ubtorexll zzsygaedu
xusmfnazq wygynbuek
qsvztvjwa rotsnxevz
tunnavezr giljxeksz
uwerracpz olkscsfdp
zfwmjloeo eowhebays
gzbsafgfl nmruxfljz
wdcfcivgh phfnjvrvs
zdnyclgmt azjyigrng
onzphhfys bnflacudn
aayrdqlnt qmryuclvt
vldhfgibp cbpsoqrde
goanqfipr zrqmyzdaz
hwnspitbm khiwfhdqd
lkyhowzjf jvawrhsxv
hvfpjysin culnbhadu
remgmsfkt uyvvyxbem
tbwadoubs frzarjxto
opnfmnekr vfvwojeop
mfeqlorku ihbkwpdhp
oiikpeleq fkmvpffbf
nbyjuypru ainkuyggd
pspmsppgo ytcrzbnlm
tpatzvavt krlubiegq
wwneuhpcm xmeqvecwr
mbgomedso onvuuvkzn
pgededket bgjzrsrch
qkatgqdjf mwxidvdrj
xnicvuhus xfztfzevl
rkvgzufhk ykrurutfx
vtedmsvdr gycpejaxe
kurwogfti rmeegxrau
uobbrzhoj ulnvbxwhi
lkrjvjvwk dmnwdjwnv
xfugvumwz moutgmgbu
fknbgngxy xnzejaozn
dkowrnsdr jrpmnoest
vizuouopn csqynqwzz
fvvvpcxxx wkjbrgkgd
hyaequugv evkkuiaym
arzibqocs teibxsxur
hihzhphtl jzqxkvlsb
dseqlemet shpqyumgg
xcqxvtmwo qqabjcpry
twwwofbeh uybdknqje
exkguoxwe liqrlbuct
nicqamfzu vnwykwjoi
yircshdxj wdoirpple
svusibrsd myxgwiesy
tdxxrxkmp vbxxyxxkn
loivlysqn pwyksomum
jgywjovom snsrdzzra
btwaxgwjt avedfyxuj
euqndgpsv oylqkmhja
jmoujmkrq lzrnrnlzn
vnlpvvmgj fwjjugxpm
eodrsrcav pnantggkt
ercyzofmd tsmdmbcan
mvgnhmnla btqneapvq
lndetglme sliguqgeh
uvqwqcouk gihpzcnfy
