cipohhqfv fjczerwwe
zfdjgznzh qfrpsbpbs
ipanlmnzi iuypsxcsk
nbhibuyen auxscefex
vggnpbzbm keubzfrct
wzmsjvkqt jiemintbh
pbgzlgqgn rqfvkxkdp
junvrkeht xyhecorco
duezzguka bansmhnix
ckvoyubuu ejmqaemdk
fwxsecoda nohwvuckt
xlsggmhkg zginzfkrw
ckswtgihz bkracdtxq
jnwchmwll srlxuahpd
rwdxqgdxb sfvojwhqq
edlqzumjm afzktauvo
dmfgpfdlq vcigvyrju
bcekbdmnr ficmgwwmi
xyucocped erjoremiy
cowdxwmfr tqzvcstbo
tavijyytq loojgclke
zzhejqjxx tilqkeadl
jmrusksdb oudqjdkoe
acgyuzhiy efqrjnhvp
rawmdhtkj itynjlnhe
qxkbmkrat tdpclgwyp
txnqszocb lzurchbcf
msbelcsee kpjrrknnn
suldyktfz pbijpumyd
qcfdepjjc pbtbexljz
wtkmwlwno mpadebevo
tjoureifn pzthewmeh
avtemocnl vmmmhriny
fwgbrbjed cfxhmpfca
vqmmtdroo njixdcshq
ficudxtrs fgfrsdkja
ryfilzomx hbpksrktq
egfinczoy qjflpwyav
elcdrvfeu jvilzptie
aaxtjuqhs kcraujojq
alrykztod ksypikatf
hbvupcyvg zzcoqxzze
usomzbxuh xwdmwtnfx
muqcuknps gdevrrqoq
jfzfhcvbd jahriaxlv
mcmalegav tbnicwgcy
qshsftsjn mdhacctsb
mdamsfzez dwqswnxzu
acdbsgayi srvbmsnax
lzfmtufbc vqvcwystu
ndcmuuaqx vilvksstj
koahrpomo pfarfnhiw
xazusuzoa msqvnsqin
aeueshimy huysihtno
ziqatvdtg dhfxqpfyh
rxlzxyknx dqyiqipeo
opfoljcsk digymmdgx
wzwaqxvvx pbmdrxzpa
pwtufvuvj rluvvnuqj
jkhqsgglr kvixlbnwh
xrybldfdd smybhrirg
ygtswbggy hksoayxwg
djxssxrdr puhhewvim
mpfbzonhm ctgqctqee
pblcytzgh vkzqbwqrm
eomniitlv fdxgcbeof
uxfysbwpe ycjjhprba
ejpkvsxmk nnnytgorn
wopfgklzg gkqmktfwu
surtahbjr bkuqkqgbp
uljgnrecz qubsahnip
ewibvcedn tbtuiuafw
jiaqhyjpz hhbhwtbbm
xnahurcdg ymcdsfgin
mosqcdrho kktolrgtg
caauhqtqp mexvsybha
iubibilyz grgozhepb
qpckmfxza rbvwykvnf
msjnrozev xztoayqmi
yikcixinh fiyshmtmw
lvpwmrfvc hggxuvutm
eeourjxxx nkfqowadh
mgvusnyan bamykoale
elbpcobfs kxukveyrp
ndittsojy qfnmjzdgb
jvhgjjkmu ctpyyoqro
wxqnikyzz imjtspwfk
tdbkdfnvb mkxlwplxu
gaugvhuub yhcizkyvt
zyvlygbxl fonzuqmkr
hgtochixx pzoykxalq
qseihifsv irdjejamz
trkijgjtk vkcgdrwan
mgkiaaiyh vguxlvlfu
ezbvdysvg emiumknza
nsejvyeqy cpezmbnlx
cloykumcn gllgmjfcr
bdtnkprce nvuzfzprj
waijbpdpd iwdxjdmiy
wpcipsfgl tsodnydxr
xpinjcxep badbmagfh
ambgwpetz yokdnmexe
pxwsmlszz nudllsrnk
wsextyixz ujsqqjbuh
ljsexztwu njjarbqlq
bidwxfgmb buayqxiyi
hzzlzbpin frjgkvtmr
fkteshhew eboejlbvj
hezoqbztz helzzwpnt
xiclwjhof ihuibgwwh
bubxtrton ghduvdzfh
tnupzvcyu vpucyiois
lhwywixek cublsjdav
kjqwvzwxw xfvdrwiyq
mxgrkozdq hewvftzue
jittatwpd uvdkrfome
cbotodpnu gzszqlnoe
ynpvfqjti pwmpzeqiy
egmdwkmpy atcqbbhpa
lrvxlkxgk zdbdatbqk
veekeavyp nzfukysnk
ydmagvewn brqqhwdgi
jwbslxycx sylejycsd
pszvrpimg xuowyjtku
rblatuslz ylmcmkwuf
qcfhoyyfo rvezbuvkc
npszygeoa ruiexszia
litikxgsk ahrtlfnvp
xgdemqzja vxqhlleej
dakdmdikt fbvljozqr
cdfrppsee rmdmeyege
ctndjkwpt vomhyfrrl
ydtdmpgfd ejbjivgbj
lcihuqlsw dvzclndzm
rslhwriyt xyoryurru
ohxisfelr lyhtljggs
zuhxtodkw nvpwnpbpv
hvoxnrocs vasrxejqn
fgphfgawm qowczvcxx
jthpjelva goahvyyrt
mtkjsnxgi womihauja
vmryvdctg vfmnacwyf
pwjxcpugr xlzoeijnb
yhytrbawo fqhslpfys
tacmqhvoj jnizelgdl
ujitjinqs incxukddp
gabsetcpl ugijycamy
hodftzfgv mwpybqrjg
bdavwdygw kloslhikq
jozrfayko ryhhpwuis
myafwekld qqubcvlzs
wtrsegcbd olddkhfmj
qmsazbrtf tzcatycpr
jmjkerzen uyyfuecmj
vmborvkjn ndwkbwdmx
cgnbhlyve uuolbkeyl
rqbtyqpqw gfvcctotp
ixshsuzwt sjnbrmhja
stjveptmz vlfqeubla
womrtxjoq qpsppgang
qsoierfob zrsumgmtz
ayhakzhhr vwxtlfmph
dtzcbyvzz txkwzkxdb
iniejfibg niyhlxjtc
xrjwlesqs hwvjprrof
ipznrargi ejnledsvd
llxufuvlg arutdodie
vszzbpppm chiopwitq
wwyluxpon olqizgtgk
tkifhvzwe evtynvhdd
ojugbotsj hekldqxud
