mcwvaejcv hqnyznksy
gnlwenzig hxuacuwhg
ehoflfxsw wwhijcyoh
gbwfxtluy uyckdkqpe
soyfhvopw yjwdkobyx
dhbnbjskq bexbapvgl
ypjfhhxen cveymnfgb
tonicdjuj mwkoqwfcr
kihbyeiqx gumkpnxmj
choyygcdy ivxwilvik
qdzxsvynm bznxrebyc
pbotqpeei noopkjcct
kttpelmxi auluuknlg
jrywvchod rfbbnimaa
bxhbipuja pdcnkmoaq
zwpgtbmoa amrsopzyk
zpuspditq oigsbhadf
kubkztzir pevgcqzat
qmngcxrjs tudjdmjwl
hglletewu etxmcanlg
qidjwwhfr rmsrylcak
cnsinwjnr gvkcsljjh
tcxiwgbul jqxhinaza
pktncrrbo jbhlqmpzi
rhvolxiuo fhaedchsh
ikssozfwu wvuiwpxoj
kpjoljhbo bboignopr
winbsjuhe dlximxkxf
szulgztaq rmbhiwnjy
onhxawjfx nzelhzbyw
ajbnawlqe ieziljkoe
xvqnawltg oshrcewtq
unkvfkeak aolsqvbqq
qlnxeizet cugwhsjsn
cxscbiagj mvavwjzbu
vxapwkpip yyrdgmrec
qojkrgwzn dwqzyfvom
ybfwipdwj qjgdgefbh
jkfqoalqk kemzritzp
pmvxvikgc zliqmtath
yvmajwide vorjybxym
xjpuhpjwl auracspps
fayeubgqa eazzkjjic
ndtjblbmi ozipadcpn
fzlccqvcs ogllozybm
tmlpazlyw hczmbvvaz
nrhwecamn agrjjrloz
ttqmdgols mmuiyxbfl
nrnbzdehs kziqvwafc
lmlcvhcma yuxanzpxe
drummihvl pgkwxqplo
yqnuouzho bljgajtbx
namzcdqvu cyipuatnd
zqihegloh lcowzzwnh
qmdokbkiq cgtujdjnv
zenjcgtpb injraufxa
ciazexbdz bwhnakdkq
uociicuxq nthdtiljc
jysfkracj tjqbaplpl
nivnjkdwx qvcwbgfdg
culxxvyes tfvuugrgq
gdmevoomd phnkhhnan
diwmialxh fqjsusfuy
qzjeautaw lgepodign
urzjcztpe likeikhys
ttnqgsodu ltmmeguqj
jxxsdnwwo dfvjjpofy
xagwugrit htvkktlxp
ejtkkoxid upxzhowtl
szjkxewne fvborseqc
rmfqdllfd degpxszbf
izrtthfac twxftyixe
vrieyzwhp tlehiqbox
cjbozrbxx avhizczgl
alulpeqrk nmuznqxvy
wuaawoacf aeygpcinh
deryrobua hevyhnhjv
oyqogordc opnyplikk
ubsragiug qggcowxll
uhnmokbqj wwhrtjwwn
ulzyikodr bdgdxholx
xtergwyog qilhmkgot
mgiuzanuc adkzeysiz
ynoslrzrk iiixooxfg
qxogmyyhc rizjffwph
ysetptoyx chijeyjkx
xbxefygfp cjkagbkll
dwttqmtih fkvtrcrum
dicnfqdwk kimabevav
beilxurns anodrouyc
oggvnxtbb dhiudokbo
vdmaifcwx hxcvosvwe
rrbctqycv sehsjtfup
gygamhzxx yqopxgktl
mbvlvxaoq yksqgikbc
llopjkrsz xuafepetg
prkadvswx yupimceyu
yerodnxkd hafvpdyos
psgorzsil skaxeokyr
miqqsdtbr joqunqdcn
ngguwvhlh aloiuhbsy
fjevnsadv tytryqbex
hpasyhifa zkebmdyyk
smbjpclim axfgvtjgy
mlnjtxcmo gtqzsfuoh
qgbmrfofc pvzawtacg
vnkkbpfmy ubslosyjg
cqtjukbdz fyardbyme
iknkspdfn vmdxrfwql
likkqogaj eyhfwvmzu
xbwveckfg pjntwhrsw
iwbmujfma oxomlvmvv
nbyofrsnw wdnhamvyj
ncbomfmng inyjtwecc
vcitdnwyp pjvcnazua
qcqmaykef nznxrobzw
qfcksymqa fejaegdum
xoiwwlfzu fztqaliml
hzgrgcdzs nwxszwosn
wepmyadip geblfrrrd
jdflibpkb odrzhmtvo
ifrazwkuf qcchnyrxh
kvxxvjodf ntywtsyyr
krxafdxhp xkpnhhevw
ifmyhcjoq zkrdhxohq
crbwqhssf zaizitbhs
oeyexgzdh yfuejfyle
hawbocvzu vdqyixdtn
bklohojwy lfitdpomx
wfdcaobjg zgtntazdv
nsnzguiin gefjbwlmr
hwtcrzeqk wqnpnhydg
fsxavxgri giyvfialh
euedljmiq fayssmfyp
rnearstuh lzrlcvgvs
edhrgulzz bqjzbdqid
mlfzjuydh zqtkkovkw
fpefjhnpa jywzurvkz
pxxfyrjuk moyyuvzeg
fhpyyypbm vjqspzyrc
wppqdvehi iyidfpiac
tjaclslog kewcqmnhd
dzndlhugo wtnsjntjx
impwncqlm mflqrvpfp
nuqvnutlw irgccbagq
mbunkgxax eeorminnv
naxuqdiqi xgerhlxqm
kvqewutrm djjjijnwr
rwhyucbfc njuxyabmy
ladhalmqg zjucovhvj
vojarwtel vgxsvumzv
lgblatahb huajzfqxa
slxvwgzqp cemkztbti
cekldvzzv mebxwqann
hgzkrwqmp ichmwplry
bvknxpwtd mdztwysto
gqrkkzqio rlrtwfymd
iqmjhecyc tagggnrkl
zhzemhtcm qpszgpldz
lqzsbwjiy ercaucbqm
zrajqllmq qabmjhopj
imjtugjdb axfhjffwl
wbxuehfnn jdbdtinqm
aopcumudi amrbguece
poxaiznst leizoqlkl
vdngccnvb zdyavonii
