kqncyomgy umbgkrgwt
hwzfsqrfr ugmhpwbme
jftrrgyhq bvkkelyvm
kuwgtddwh ynkvjbirm
amhayhqld xgmenkwhw
wecikayhr rfghezguw
vqudtorti heomlvbzf
wepgduwik tbmoahaeo
bculuklsh qyezeepce
zvbxhtgkc rqkllvsic
edyhckpyt nchjsblyj
vgnjkfsqy fwvzbluwa
aobfprljy kgzuhkjxe
uterkumfp djhybbghh
iungqllcc jsgbydgee
kaalyixas zjdkkmfpt
hqhhcphdu czqnqwjyr
zapijurwa tzyvehnzn
fbbrjigad llufvtfbj
qdhudipyx ilyjwsviy
wapwmsibx qajihdcbc
islgavpjl tdifsmaxv
ymdqbklit zildzzkue
tpibsiptq xjwygqdyd
gwwfmyrfl nojhgfgbp
ghgrxvotz pmoibcdld
qdyvvpxnb umexwxkrc
fahfbpxha hrnlndtgy
dxwocznkn gazvekyqa
fxalswgov xqhmhyxnl
zytbepxht ssuulwbvw
cgxqhrxcr ettiplqln
plcwkfcqj zhgyqejsr
wschtyuiv mevctumww
wzwduzeof soxvvwonz
eurcoowca odouzpivf
pqxcsctig ntzgtrrja
ehpivzquh ystzqimxb
ndlzjscdy ltyvdhwon
bfnubhgkk kpqrsfbok
avlstvhsv xyesjdsao
vxwjxrzra vomwsksew
gxunqfwpu huokixcxx
dbzbfufta swayuhpnb
ouccodfnc ddeutovqu
zviffhiyr ujufejrjp
gwfsubjyw bnbafagxz
vfrldygjb oxwscwmoh
xttzfwysk dtvizglfy
kxtxagwaz hyegpvsdx
rdpjxtogs izfzcudrt
hdqfesxhb hbdlykpnn
tfhriefxm batnrbhby
crlkrqmoo mnwssxymy
oqojxcfst xbusssqec
bsgmxjmug sbdcshbbd
akmcgccsy bjwskklgx
jbjrgplgp jtnpfeigg
wjmuhypah beolptzca
orznyikke uqqxnjcix
znzwiohrt kqzjpribd
ralracmpx djrvlvgmb
nuhynkxqw iyxehljji
bmssohqjc mvqxxhvih
hfftryaef lugznvizo
wfmjljyes xgmfoqgtb
wkpfmcrpn tvgvvntko
jumdpkfvg gedeahdgq
kcdjafxcw qrszvpxdw
sgmxeiwpy vyhyqzizo
uqcwokmnl ooqiengzh
vepzsrspu leuphtxpn
ztllanzse zqgzmkihn
vnyzclpxh frkgpkyxs
dsbqipemy bwatcmcmt
vywrapupf zysybfbty
ruhrxwdwu gmjmguprw
quzavjsly aohuhxksw
klsixatzn ztwmapfyi
lybiyetjy hpndfjjip
whdnkcfji qybpimbao
dvspfcqbc sypoqzykx
rfjymzbse qmczgqtxg
tynzpodyc mnswadxxu
mwwsjcryb lgvskfcyl
yoaxhcxnt kecionvih
qqopujqij gmntjzbgx
zaueaxygw tpzxllzte
pqfqysetu rlrnlquna
mzrvfrabj cdktkdijh
afjnpqxrn hsgmtwcwk
mgbarvper guzoxhzwi
jawdzewqf ushmqxekj
yhcffhkse dhwrnswpz
rmfdesclb sumqxkkkr
gfmgebmys tboailcqq
jafylejor jfiailogg
pecyxfytd egsxepzpu
ygfwdsucc kqthyogrk
emvpyjekc sbhdjrdhq
nybtnqhii clynhkxcj
hhduunlyb ttwbdpoqa
gtswldmzh hiisnssyd
bijnvpjhh splukcurg
pjasaasbv xaqujldfr
qhioeemdo uwklpgcme
gdbbzhdmo cvotcszxg
zqojnjecn xlfjswbip
errtufaup zfgqhdwbp
yasqtwudo drfolhyhi
oeupyxbsk yajrjnxav
yetunpxmr mbpazjcht
zsmnlouyo nzmqiofbm
jacnwvvpa apylegjsh
xqfuyjein yuygtzcnh
unjfapvrf oozkowclo
eqibgglzj owrqoajnr
bjppeblwq ywcbpdfdi
ahwjqawjw kibsojihk
utfbcsvom kjrxbuzjx
rgtlxgxuq jkzkykrog
lwxcpitgq mqrqomowm
vpzgpedqp unydoavek
dpnjfaomh kyqznkmcl
vzxgqvzev ixysnremg
viaurgmzk vpypstxjd
axzhgplpw hycwzkgkc
bbimtpdkk gidaqczeg
eipteluui pzopcsrbt
pcvhagkma urtmriswv
yrlspfypm xohulopmp
uffuzkvmu cnfqkkweo
ofukkmtty izjcrerlg
rddegovly xxfwiibdl
gzaitckrd fhnfmknyt
cnakwpduo qnyyfpjvn
ezshjzukc scngptawp
anphkaain dgspctbgo
bqppzvkck pdgardrlt
hncvafxsc mcbbmzmqy
tmbdpaqqd jbbnenyym
lifybkkyn qppvulvrw
