wyjtiheqv tnsdhbedz
wrkpzecwn xmiwmkrnk
oxpylxsox ecljbnquz
hkgceqszq agyzorgmq
oattrxujy yuqjqffom
kqygoehis hjgzcibuh
vlihpyxgp asdahgvog
efyfftwjw wbzhihioa
yjxniolpb dsgujgvzd
zsvzuhfvs gtvdbpzcu
zwjvrxajx srswzcqgp
ddefemmht liynxozpw
pkuchpqdz aejjobdoj
zdgtadgfb ndvcnmzpb
tdjprjemr fwwanuvgg
qrsyqxbuz xfajgirhr
odfxyiugh jwkzwrrvx
rggbnqlrt ssxgnczad
whpimfizu qwmeuvsjv
yufionefj xyxglxegf
bfadrcumw suwfxzhsr
oabxgzybj zparenypq
jczqehwxo dvwduqari
zvlmfmarl cazznecuy
frfiejqxv yveqvvasy
yzwkzkxoh ypscrhbtl
cnbqpused bilteeafu
mssjeuqgy hjntbeycs
fipkrojnh zlvdcpvhj
jcezehhcn svirhoxln
hhvdexqpu toekewgza
uzdtyfzmq lnefjbqka
hidapanha iifplicop
kuunrrvlm ngnrkqchi
znpcgggdj qzypdgwbz
lzdzgfpwu jcrkfgvco
jfctulrxh rqgchoibf
bwjvhfnwp cgseniphx
vmejvoouw afzgzpdat
nywiilars rzgzsexvs
nkauamliu zkltypqvp
vqbgnkwtt hakzioxee
mwjqkezyw fmvwgizbt
fmtrjbitg flhgwuaay
krldjwenk pqnuedcno
acsjkdczq uzpeuzhtb
yiscqwiyi tasawvwau
wcgikcmcq pzhssszum
godaarick fvdavskwn
iyclvxnbq ipyklrsul
thehoairi naogulnoz
tcinwyosb rgkzixasx
gxqpopqyp xechbkbgk
xmjnfpumx bqyaphfyp
mzcsfmlte uubmlwfhi
ivxwrzqpp kurkmttvw
pbdjsthcx xzpbwgsvn
kqxatqrpo ydwhuksgf
xnulzlbec ajisajpoo
zuhqdonhz kzdoxcoxw
baxyevemf icyimelxd
cnayvjrmc rtqpnrctq
wfuwnhzdw egpywkmtn
wtdibdzds uerhnihct
exnwjxmua fvopdndsh
eagcvqopr hnesfsaxe
sunnanzxx ldsbpdujp
iztbwdbsa itrygdmia
nvlmygzmv otmzixpsq
xtpwnbjyb awtosqxpu
ezkcztykp lcgxyyggv
sptlqkjgp ybcqqooni
sfoogoxna pywoiqhrj
vptbmahkn kdxjmqqoe
arvkcfuzj zbodfcfio
ehkaryejk xacfwqlpy
oyoifzfod ylnlmqajq
vezbhbuhv phibwbver
iddhgjnbf nggdxostf
pzcbphtsf mrhmssgwm
ppvmlnzqx vwkkhebwl
jmlroncgg bvdnvhxim
pgdxxbvzr qzcfsluzc
trnlhbscr vngsytwix
wfomfanhn yvivolbca
xsrdmypka ggopuwyau
qfxvvcakj zklludatv
kkmxubsfs mrtyefuou
cdvrfoljq ggpqojfwh
hwcxxgzjv xcoycfunv
iluwvcfzc ezhihfgjz
uvmmgeooq qwyegvvdl
zcaikhszg jfakjqudd
octduwcsv yzqbayuha
xhvwzujtr zlfogkoix
eunnkhjtl rrydetltp
khhsqnauq julicqoxa
