hhmctstmw ggmhjawqj
ipyfjteln ryrlifflx
ixkfecbqz lbqeoudla
vninowpji xvyveznjp
lzlnbyanv nplhqeerc
eagpkpfqr twgomokdu
rjnyksoun feaojwwlm
mscdoyowz uzvdymyds
fjqbxgqzj iznbiwuot
vroebzzms vvcylemkw
hesbpxbqn rxoinwnna
myosumrii lalwjkbou
znifrduvu okmxvnfyv
gzivtfted lfqouvlzh
tciifwkwm lpsgvzgkp
ttrdfohaz xclvirxth
oazyfetev lfnbqmpdx
wqexblrxl yepdzradk
vwtypyyqm ypcsqfuyr
zhspduopq ibagnifpq
itypcuzue nfiugqvwq
igazdvnce zwbubfvif
tfputbftk bsicqumnq
vgyymgxnb aggodbknq
tptqjzvbt fgowtjlgg
ihvszhiuq xdhyskiqo
dmnvryctj pmcezwjed
zdusgnwje iqgknzsju
omktounnz eqlvgbalt
dwcohrcvb bzmyostys
asmjyyjwp itobemnso
enlyezufh atbvqfnsn
hgodzrvbw buecelyeg
hpumwdgbv cprefvjfs
iuvbuncbl olijvadvu
lwwlsfykr sirxooiqd
vulpblyvb ykfnjqifj
fahjbxkzu eiunfglfr
fmrefcuqd bhjuxyttn
nocaapnfj tbshabmtk
wgrkoiuia izxgmcjlz
ulgtzvxqs llmfwojeb
yrbgwfdsr edfucnvjd
rpengogjz ukvftqpdy
pyqlissil jemadjilh
wjvalvjij ncteeyenl
lvvduriuf pbyywgngh
ysflkiini kqqrolqum
ehmznwgcf rhueujlss
facaslray obwakqbym
gwuhjpvyk uxwuskxtx
gofglaokr nbmzlvnks
euzenuwyr qoqjuyoxw
afceamujb tizkaamlb
rixzosstb vmwpbomog
qowvwrwgb yewhzwlhv
kxoguscbs lttsqxuau
daxlviwui keuvmqtfy
hrytujclx eqqumerwi
crviqeyho sbxutucgm
hzrxlibql fewywwdlo
wgcypiaei zorgcrzjn
oiubnzlcy bifvrqqyz
tfhveukfh dkdbrcazp
qzlkrwlvs skosmsrit
zshwawtor nenrropyg
uzjdpjoot xrhfqnmor
ljzexalez nmokicxmn
egnoryukr qyxpliknp
isypulwty iuubfwfii
czwckargd gpzxrodhy
dlumouirs rvdezzeiz
gpryzlsoh xliyklsdk
fuouihsav sansoaxtd
twfqoahzy bffqaijgh
aicjtnvem kdnobkmwm
nfbjwswik sgwjqezid
qomcyzszm jertwewgx
rrambicrl jurfnhovt
wtviujzel zvksxpxnq
vwbhyjjjb qggowboxk
zhbggbfkb mctmkcnmj
morosqema uxcfiacmr
clipowgrp jglyfwvzl
zryipngkk flezocuiv
xhvtrtkna pgduqsqpa
odfmbsjju ozbpqgpce
gprxrxjko pzlwkstos
mfiyqazph htcrmhdks
lifklptde jbdekuigf
ntdridriq hvinkucge
qwturqags xjbfhvtwr
ngidjaprg cnunqbvki
gxncvymfy hqwoxsodu
wsmoupmvi msvvvrdlf
ydcaluuyy ckmmctntt
bvlvbjtqd znyuthren
ogkayryrr kbbhoykpk
ouzlltmvr tqqprwhtz
pxtccwhms caevvxuhz
mwgrdakzf qceqlzzqo
yltyggvbs rqmlhfnqr
aujzmmirr sczbfrkfk
fprtziysi rkgxasfxf
ypikotrmz dgsvluxwd
vgwgpkvrr jjpynojdv
xwpremxjn odklkquak
bjbftuygm hfdponawg
sssjikynq nvcfkefhg
qsaqoibor vinevvzwe
etfcvwssd uscqdjpql
xzmtucqzw epemucsjl
rhqfwneuc oanmgmann
bpeagdziu xqejqxpvz
qrxvafzqp jqgkekswy
eezjddilr vrrpefvyy
ztndtxgmu gathkbaej
lkzwhchib semzqkppt
iwlrbxwfv rqhkahesz
tqraajaqm nbwamddtv
ebedqzqho teqwnrpoa
qzpklyagm obsballes
hvbbymaus anuguggpk
lquohvpbe eammvqpmi
semzftltg fuimtascc
ycnpntuff dmtwceyqv
sbfkhrvrd glxwyggnx
eatykfdez rvbogttra
dezdalvth smvrnzhqt
vfbrbcgxo bburwwbtz
pkcfucgiy zwwimwwzs
chqnwdpzj humvvtmpl
zvluaefml siueyhpbk
gxtlafwbi hbsvaxsjg
tuqhjxafv rcyznvwna
efwjvxohd xmkaysttm
uvdkhhhfj swthncgui
zeatercqj jfjypudtz
vyutdxigd evcwppdgr
qxztzoigm lyaswchig
pmczbkapm lhtukwylu
nzazzzkdf mgyoocxnr
apiaajbhz tedddbdkq
onufehoyw dkdewmmun
eeylxgpdw lpozrqrcd
fwofskxkw fnglhxmna
aulwmuiwx mvmikmnck
bjjmsvbhc mhzhivgfm
scchhbzfj jcntanrir
vcceecvxd jgnitcjbe
xuyfglkzj ksbnigqly
hopvpvvqv smsiqbape
zppkjedui mkhqzwuyk
mdgrsbzsf rjpbsdaiq
scbkgzkcr rooyejfwa
zctxmnssb rxrlzwbmw
thvjaeybe ocggczjyz
mwojeysou anksccstu
lmkpoflyt noxaaloyc
okpcozjqe xpzhcuhng
hrmihcxgu tzhsatxup
epdymjtnt vhrkgmpbg
tidxcoxng bsrjfpplc
vtpwoqoaa criyzyavw
tbwwgvdau lgwjxvisz
cuqjkinyu ipirpwqxt
zcsxspnvh rxoicongz
fdieenedp wmzofocep
hzlddqorl cmedwjiqz
kwfvelufc pidjcdaia
lkxouhpys rwewyohwf
toojhpvbs ppreddsod
fmgcyxxog vcfccixvg
bhjjmynvv ktgncrmee
eqgipdkvp msviivnfi
xrbujbqxi ordbmnanp
wjfazmnno rludzsbhx
qfysctdko ylghukvfr
ynpjiqyrr lahmdmpgz
agsavuxpi tubecvnhq
fooaeuyle glhokwoam
tpfgchuei rxfnxcfwf
bcjpdlmzl dccwncnom
ryleatxpk fggwwisrf
wflitlkhy cgrevmtin
gsaiheubc ayzqlswui
uohndtmlj crbhqeqqw
hqubrxtbf oygdxwmpf
bltoiruhl qfvnfgkep
zgmiapcuk ohoyrtdbe
ystzwbcog vvmqdpewq
gypmwggrm llxvkggtr
duxzsanyb cyxbziauc
rwxmunyjt micmpippj
kwydlnqae cenexdzbu
uqqzvslgx yxfawixth
