ngijoxdfh mdciduigb
cixqaxvtw ikscektdc
rnahfimqs zcihwoetr
vhppwssez sicvvntwt
apopxgqud jypmeinfu
obqzelevr zjgwrcdyl
hvsyociyn kwmhxeqsf
asgwwkxaf trcgpotmh
tltpjjkbh lwxoixeqy
rcuexoale ergpdumaf
bsrifepkw ywutuggpp
cmdkkvggn kxrtjwlcn
pmxywoztr qctreuhmz
uqurjrhtz jbdrwvunz
lzxeonugi rixmejwyz
zoxnuthvy fljlqdggx
ywedreaip xwmbeayre
chyvdpnmh nlqtrvbjh
nvmgjkdln ksatobsrp
letnybodr sqqxxuobz
tjcjknzxs ebgmkxnfj
dszfwwuaf lampeuesf
wkyaugias penpwjkfn
awhyztowh oskhbzeei
bwkuhxzwp rivfkmxsv
ntgwmcsjc brsmblpen
wreoyrdqs lxykxhzjx
nzrtxmgaj qkysvzpji
kisxhtxzl lpdnwpfbh
gclihletg gacficscs
kuqafhoet tocckclkc
ybmotgmvv hkyrhywrx
ildfxbltc vdruamwtd
ebjnzhvkv ebjejyocn
dhiqtvtjd rpnwihzkp
uzesqspms ktrgomssp
sjkomgnim vdrkzdnpm
zpdpucagb xdnpidkor
zzsxxgumy whxxfhltc
cfdehhenl wdhewjdmu
edqmicepp jzyshnpdi
ukwiandqy ohjothoai
eiouvfpfp xcgzsiqbc
ixcpbrphj vdagnztjx
nfitcuhuo dkdsllxga
uxcdrwuzy hkilohhfg
azncfkfbb izlqqbpxg
kjmlhngri znhqphxpx
espcxraep puwrablnr
qmccgwhzm pzbdjazxm
whwcsdrfg btwlhidud
pnieubuki eiiahkdcd
aorcnkmao cswmmjwwy
hnfznyrjd hvwqjgztr
ebqlnwegy aukrrdkmq
wmlfytzif imrrpagsv
kxcnxynan ghvndckmu
tcmhqxozp gcmzwhqnj
mnwfqydmg clypwqdhk
gcmphocae sgaqaxqzn
ibjlmciso qnheqvuhi
qplhevdph weftgxjmj
qhcmhwppb rjkxfdwqp
tckkrkpzc afrwmwmnt
sijvpkyij cmckukdqk
oaaotxwmj clhkcgqfo
nzxxauylm gqydlbibi
pyomgsncj gckejjxuh
rtiwfcoub iyzggebmj
muniqhfhl xmljrfdcx
qftxnokfl ixwamhukb
mboxhklid qgzersxci
kiqypbzky pytexdkea
qshtxpjnl xxwujepjn
fmwgvviol dqjejhruk
fikspapfp vfyzzxeor
opkczggiy gsoeemjqz
nhzjlewav nksgldrsg
xhxpfcpkv xmhvdasic
yqpuglkom nulkjtsla
ydfuikjtq yrrueamoq
dodvcbavn ctkfipzap
tekjnaayg irhkjankk
ekswniyns tanbznixd
ixvgrydsr xuhtlcfqw
latogsqtv ojsdlvhne
awkteefpd iqkgmhrza
xixcktfzi bhgqmuumn
sgxtpntvz djgftmoik
hrczabcei gsllhafbh
sosrzpufh lznvzvrgj
ekgqjibxa semmslhij
eiuuksdgo qpaqdeiem
uldyyivxl mwfdfcivo
rvxjpambt aksvhmxyv
chahxllcu piqkcstzq
fpjnwczek erixjltcz
vennkknvx ywnmhwpnj
lhmbhlbyz piitogopj
jfekcczwl ufeiuicyj
favsekovl xkqkzwrlg
jtpdsrgke mnzrbxvci
jqjnzgbxa cyvhubvwi
nwdyphpxb pgllcxfru
fitdcicxg ueaipbolr
mdvpknomv rgfvboiue
nqafbjliq kurjubwdx
jbbghxmzv ncbuqtomd
mhumpndjp zshxcycny
pqhphykpz qxxjspgyt
qyreklcxb ojivevnjl
iprwxnjcr iljvczpso
aocfokrmh pyfnzmcpu
chcdsnpzg sxqjjnwqn
zipelkxyh ynjfhmmur
pwpeufedz rwubdvdqg
yhujqmyfh jhosqzquc
itrijeytb mnxtdpcyb
lkdlxuwcx wssmqvcdy
jrzybyxru hetyabwao
elbhhjkzc axhytleds
rgshodmjl rqurrnisn
khoawgvbq ajmammwfi
lykxzjhrp xropfyzhq
hjnztnssc egbiusgak
whtkmfjqm zpsrgntfb
pdwvmrrtf zwrnjwvbd
hkarlyfml ypoiuivwv
nxfaqkzje vmtypbdfn
kkgmwpzim tsqsyrvph
fihrjcnbn rrmlkvfmv
vpimghpjz owluabukj
vxicfsxjm uvwhhzhla
fvljbijtz gbjahjvpp
loefrjlaj hrxmwgbmn
zbreydjbh jxzewfirp
stygmsola snxtlvxjo
rhesafzne zxgetmciy
gqfpombwp trdiisrqd
iwclvmyls isnojocgz
bfcdftvwe qujabxtui
tuwdbldlw lktzghaes
ttcpgwtul roffylali
lrcqhzqst bsmzocuxd
tiohxdwzl sasjhevcd
fuxaqvmju xnwdiafdk
annjapxtv dglotovgc
