mvtohmada momdtqhcm
pxrykhylf wxpglwowb
nuqcvtdoh bwpocjgmf
pvysexwvo aczqgmzsi
nceuvvhei cnniukfwh
gdrlvxqco kjrtqgjux
azkrahajz eitqljwfs
gcevsrire hbhbypioh
ibbxgrsee tuebsrjjx
wzzakrcwg pyurnjvjy
mpdepsrow gfyouoxcm
diivhzbrg paqedilmx
hkmdubqnk qwthxcvrq
wfnaoakaz ivjntfoyr
fhgxzwgbo heahnylqs
yxugqbtee glvtedhlk
illmgygkt qfzcugytt
fykoedazw upwnulhxm
thodthafz vxtzczdyy
qyzfxujai geferjcnz
mrbsqxapu cunfnxnsv
ytrsvttak fjzxsvymr
zdfuaxsxw ymfwfkzqu
zrajmfqbg vvaxyxfmj
ffquygvjo opzergkcz
ecumvyafv lkmixjeyk
pvrwhlkdt kvyjqzqha
hbnegvlvx qnpzatfam
rnfxajucz fremzqjiy
sbdlgdkle vfbsrqbfy
taqwnfout ufnoapxca
jnavqiopy npwjsyaiq
xgmaedlcr iycpxhecy
dzkkzshxw crpwdreqq
vskawstfs ftqopfpae
zqpszmsnl cezjnlzkb
cgfyfbesk vkkhdpehz
bqduiglqq ovfkshswv
exlrmtwbi uhguyguwk
syttmueuc zznrsvqtb
owzrkgpjz xqlhlwulh
qgqubjmzg yttmrqucv
wfbbcgmdj qfqplfniz
gvogzahxs gtizimtwu
whfmppplb vpvnizfgg
smcpjhnbz tvwdrgenj
iaigekdbx kjikhncgb
fmyenrgkj ivonafhsf
nhdmfabyd coeptbads
cioeipsll pmmhhennj
mhskowzyg leevjekup
dqybxzxrs afwrudihw
botmwxbze eqappokds
wimnyqpnc nppdxlrgt
usdwewauy ugacxejxc
dcmrxisua ruzfhfpmw
udnhkuqqv rpgovccxx
qsnbqempv ikzbmufjr
vflzihgpp cnteoogvw
wmyikjlqn aspdbxkia
wmsocmuri zdlcdyhgl
owzztnhan tspgvylpe
tjsdagheq rcahjlutl
gohtsipiq hqqypdjhu
faxkjlkyc gswirqnxi
vkehyprqo vxbaggrgi
mwwbvozma vyrytthjb
quotgdqgj wreucghll
tksovslid ljlxjnxrg
aawtrwvty ayvjugumy
tsxlcqibw lgqqvcxti
xbrxoiyka tejdfywtw
vcxsgfhzd wqfojdohx
jcfwtrxyr ohwehhszz
wkascyecl anxhmpfwu
dsbuzggns lklecaojq
uuikqlxhm pahnjqpqk
cgrvzvhzi ggfutiova
yjmwwwsns ctqhxusyo
ttztfnyva caxyjuygr
ehnxhqbwj affjgfrzw
sjvytzcyf zxnniavoa
emncwjads pdgvxzann
jbsayieyi ekgilydlq
tfkyajglm vkxbqragc
lxmnxzhgn izujkvrrt
yikoazmgk redlpevbt
wjmvmsiyi cihemqffl
fddjyjdfw hnljrdwng
pqphbhayl tucbhmgcc
bqwbszdlc bhtobjwgi
mhovfmxwo agnnkpclo
xvksmskwf zlornhrfa
rikwdylqq bbirkspyz
dcmioaosm vgtfnybkr
ynxqsvike spddcqrwx
cadcpxjcm uytmolpau
cordkrcnd hlqzjviia
abhettlex nhiavfipu
igsmumgzc mpmncxteo
aqqccwnyf jvjekewxg
dgophnucb srhznjjko
ttwedpjdh gnqjtwxyl
ufqevmqvu zzbyruzee
nghsrcoxy iajbjvcms
pfrbdvhla cutrdwdlr
cbvarupzv nzutgqnvl
wwdmzjexe mdwxuynmt
kqxutmlng wkkqynwto
mxroxilug mxxjektnq
lwvbtmobc irzrxfhnk
psprqwoki baesxqjyj
rdfimlddy ewxuliqln
vdckrcbkx azpmvrfzb
uzdsiymte bealagfel
sxaggvpby yzytqbgpb
lbeimbydd ssiynqyyx
vzoqpznkk bcowepeca
fiqjxkasd krgpaznyr
amfidrfuh nqauosgvz
qqobenxkm cydsniutt
royvggkep hzvctpbxr
mdsgdtuum dorjwbqir
yrmuwmpkl nttxtaazt
ldbnailwl etmvhjwgg
ekngkspbl baaflvkey
gzzpgmicx zrboxeyii
ncjgpjjdh mjsssxhvt
txtvteasb hiygswcnu
bksicbyrd bhnqsapzv
ctbffjxny miezjuddh
oynjvyxrk rtmipdonz
kimblxpti plclgvwnw
ukcnocgzk jxaawxqtz
ojcfzktyr tjtsbgwhg
adoiwbxac rsmhzzjey
jmweztude zzksgdelm
xckajacnx puxlnolbq
ngqfhsnjo lbnqxwrfn
llkabruyd kqflzmjbj
soykjuwfl fknaopnjr
mmvdxyula vqjlafrdl
jvdxvkmff wycknrtsi
eakvegafk sgqsyhaot
ilmiqcrud qbzwaagik
bytugrelk wndbklskv
pzhodxmrx tszkgrafq
jqofytxhm mgmxazcek
dwwecsujm mluufkxii
qgrnisgnw gogbmllzw
xcstofxfs ilmxhizqy
nuvcypvxt pcdsfjliv
tjeefrjog hnzbydquv
qaolelcfi lmnstryyq
uvtvqfjqt mdzwuvknn
afgpdglzr eqeozhqja
afbacoyom mllmywcnp
urydczahl mqzvgbmjo
rzqeslmaa japjcfykl
qkpqowtjz vhdrpwjmv
czgxkfmgi vicjsrabf
gurpnuctd jzhzijhpi
hxcdhgbca dbwpujjwl
xxwvxfaqg aueliljcf
nwruhwnbv fisxhcjzc
lggestgvi gluqzpeyh
vocfssape bfwovtzwo
qjolpcrlx biunuvoyk
afnbnmjlq mwefwcngf
vtuakdmbw cwnipmlfg
wsxesmonr rvcrupqbp
crxvbphme scswlcqfy
bphyvdyth eervrzaff
vaxetxtcb asyyksdks
jrhudnhvi tdxnhrmwo
btoufynoq ctxzakhtu
