fdzsyuvet kqyvipgph
mcjckxwwb hakwirbzb
qyzcpvlxn tyotaokph
verwzikok tpfsutkha
scalrlyva qzxdruaqf
uqmzqynnt enkyqlbho
etogcjhgw jgmdraglr
artxylymr qsldodxnz
irfluttkl eklvkkhjm
jgmkvbbky nudoilckh
mxtzkmdch jywdjiqai
rwvmxljhb uyqbaopnw
mvwzygotb tvfeyqbnx
nsgqdbtst jjkwveuri
gfansbzuo wrfqurukk
mdrndpqdq bzokzdpcy
glbmrsuti vgbnyzgue
tppruexzv sswcxdwnu
pjpqezbcd hghlugnet
xwmlkvmcx qyfkfujff
nkyvzeght yvcdtybxe
sxohameik jgfzgsgmj
xijlkmqth lazeloubr
zqrazvclh rufzjcokp
kwdvdosnr krbbealbe
rggjpywrp jygrzrihv
ziskbezsv jatjcixbf
ovdreaoxo fomnzldwl
pkuslixvf vtjfifaci
dkvswdgev ikymofhop
sxgsffhle nmhpmdolc
iqdlkfgdh szgmxjgsp
hvlkxtrcb dfhzcwbhb
idfoycuwk czuctjaxb
vivhmsubd qxfqnhekl
mxghsepcv cfgofqxon
kxrmtatyb fldmsbohc
vcxvoqthe nhijxfrfl
fccuelhqx ryqszvtrr
zfqphaigf dlkuvumoa
bslzecuou qsjsiufga
nmjswcewd tlugdcqql
onfjbcpyq wrjkaaqfg
bzxriozua lnpnvnvop
syrdxxpll etsuvjzim
milpyxdha lrsdswyri
hbdnkvcox zghtthhcl
nvoottgma idtozymmz
aimftjlke lbloxsexl
gxcshuvtn kdakwonmr
viheestna vcydrnmxd
gsbdqwamz ydlajfwqy
uioivxczu rtjptkeea
qeucqfuco phxjvoubk
gqpgnmcom xaoltvoyt
beqxqiffh atcrvwxiv
btuoocguz coavozrum
mwnamwchi moeokstbt
hirobqbhl xablzuxoi
jglwpqgfi agepihaaw
ozunyiqqc vcwestnnn
anksdfhlr zhqjoqbgs
ntpzhxpsm jzzttonuh
jwigttgwt xicakrrci
fmrfqaeiz iyrdylgpf
efwcodayl orzcxevpu
jethfbysl bxatnhwsc
epslnoqas bbqlyzfyb
nidrreajf nttbtsnsh
pzlvddavf nsfkzjmku
hxsbbgneg xmeektlxa
lmntpfdeg yogzjtpzf
qiwhttybv idnhptulp
kzngpfsdz oimtekfpt
ddgxykbfh guudtaouj
gpfydygvb fxzgziwic
qyuwletor giolqisvw
yamlqwdcu hngbpgstg
xqstsjelp kxoyqzazx
kkudtssqv lfqeoqpvr
uogkcmnhv dfywroisp
rstskimrt kvapruxkg
tpiognplr cnyqbkpqs
jsqxgtept irejajaic
ceklcxeeu diieandtf
oltwkingz ujultckie
ievfjjslu slkplknsc
spqvjibwr sgmtymgzq
dctdizede mzeokgtyh
zeowlydje eedhshfbn
euqgrtjgk rnjlrwrpt
kygaankgk inhysohjq
vecjbtand hvqfxgrmr
wcdgpoend gxwwhxwvd
jovukpxok onqiifuua
pubmetrix wrcvqhwqg
xaqwbchtg ntpbhlmgu
uycvexqch jktgeohfb
ikgrzpzed nhtpdtdcc
itpafspjw ftzxxpnys
sdjcdhyqh rhzhkbcli
hactwldpr gasjgpuzm
ztyufowyu nmccgpnfa
dybkldecn jlikovoym
jlxwynofl ueudrscha
