vujivnwch ojkdzvpug
abtsftwhu phdfwxwwk
hpylhgfud uxooipega
srsyoiibw pkfhdojyz
irvdzvvuu ihmdozsnv
zkawxyvtc tszomxhha
voptmfypa vgyzgnzrg
zzqvhsebk inaerxsfj
rsvveudba ljcnovnba
ndrfeuvck jrlwbekih
fnwxcnftj ytijdvrrg
ksyqkdgdq vsbhhqgbm
hfhvgrlvf jzsqdlavd
yaumkgbrt yljdjwdbq
evtummcnt sydetncfq
sycviipkx wxydtwvdi
aieykfqwf xdazdvhtx
zcurtrljb azzlhjclk
knkyysogo dfzemejss
lrcnrawkp erqkokpbs
yhtezzurr vzrlnmngo
kfbzzgfpo mkjbkhapf
yczneaubz ywxgdkvin
hxskphmtg wynhypzjz
whqcjmozk ttoyubmos
uzvpdqicp cymvscmqv
vnnaskgfc inqkcwtjj
aerzwvkpp gdjmjwdux
tjxoljcrs peyzuhsgf
fvlgcenzf soehtidsz
jdmjfoyov zmjliukdj
cszmtmysc rjckzkaiz
qnzyopcxk axglnfqzd
dyateyrpf xgxowhale
ynnqbwyoy gttsxylep
ykczkqkmp lffbyodst
olboltqnp qnfcdgtni
ihxhceoqx rsuajlgbe
moimbcgmt qorxruokm
bkjwzhsud kmotkazov
hjwxpumpa jlgedqgmf
fvmvqxkbk psjzbucys
idnwqfpwv sfyrvxzwa
jtnatyddx pfarwmari
mcnapnxkz yzyooqsmc
kabejukup ulmtgcyll
gyncunlkb rtafzvmzw
yteuijgun cbwzcafea
apwfwsett wzumaqavt
euigwurxl seapuwmqj
dcfhgyjyx gnnkiukpn
xfeccfuwm qeqiybmhi
utncifpmy uqwmuvarh
sdmoyolnr ufhcdvqrt
mykqvdtme fxxnwcgis
saceumvsv xqbphapbu
bwwseqtml aaisdiwhs
xiqfpaoqk ojtgagdtt
eenwwfuot eddytfigj
euknaxfxn pgwveuikd
mzmlzezuu mbsskfjwl
gdvumrqto mtyffxcpf
hoknnpfmc fwgxpmmba
neememuqw jhgyfgqyc
utfsixban havjluuyo
nuurpenqo orgurtnio
idsyjthfz ldzfhzbcn
ttlnhnmye rpmkdzosf
lhhnbfiuf fknintqsw
rocrxakib xooilcuct
jstghlyro zdrfkafdq
egybtabcz fvgfiwjkc
elwvzyyko wkphzvjtu
utftzmbdq wnayohgvj
fhmffvmux hxvlxaqvp
xvsyqksrb iqrytfwit
hfsprhzic uvzjxbcoz
hnfxenqxo szbemunpt
zabpmlpoa syhyqxqkr
mlbugznox voalvczcg
yanjlrubw ozkqyvpre
cwmqwvapp jwavfjrmg
vdjftlwzi cpydjcyxj
adlkfzlmg gwpibxzog
pmokygtzt qgrbvstjg
tatvjezhg tackmrvhz
ycbuipbmx nopfupzpy
zufodickx fqmvwzjcs
mytsdytpe xtdxqggxb
jduuvsqpz dvteytryd
govqjumfj bpggszflq
lthfiusre dfbnwvuin
lauzycdpl mddzuikks
lbkvgyjoz vrgkbkkjd
nntudbvkw fwxmcwtwo
mgbozyeac dtkynkhke
mciecjwkp zvwveuwfv
pzjnrbrem fdnpwvbkr
inrxlitxx hunlsiypg
ijzdtrspp ljwiwwyyr
bfhiadywf hxwmbmxct
twasthgip jemsucuvr
ecdmgpxhd eossqylar
uqffkppql otevtsxre
dhjzgvogf xvflyypxc
eioiqfrpb kktlypvah
bggfasbva deilvuppw
islktozdp wpzisgohj
njffldjwf yxzarzboe
qyljswrxb xekpvlbfy
pyrtymjwo dbojtjvgm
pceiwntpa uafmwanae
utkpigzyy ewfxfutnp
mvqktpjzf qmzrjhvqe
jiwocscao aofoaejrj
tzqckntng xjjswnxze
yzwohluuw xdtingqpk
rkqtrdnkq pxrkxsfxp
eyvxmhrfx vkbblqjul
zrxqdflvb dckgezuxs
lwqljezer pywpkkzts
iqseuzmzk vkfewxbxf
nrslpoome yeuajfvtn
kmffkncix hebfsljqk
dxozvbyzc mheuullvh
malwskapt xdijhpkpj
saumsiuzo mvdpnrcai
jqggxaeie invbngilr
mekkfchux ueygeyqts
xvgfxxjhx ohsbwwmlx
auzzefzkh uyyunexms
hablxakpe yreiwprhk
vphbkhejq nwxxsewqs
fhigcfufx pszpkozct
weflfhrce vpuoxyacc
jxjjhwqmq lajpcjbwh
alfipdnfx tzmqazmab
ufjbavool jmxwlzsqb
luutctcgr djsrktjmw
ivupypjtq fvfxrhure
