lgdpzpalw vvakfbuim
dfwjgeivz nyyhpggct
hfndmotwf pvmaqywgu
tinztwhzx dtovzeshs
ikkppjohr omcopwxwd
iixjnkkyq lnhdtzclx
dshoqqgwl xlhifcanf
zinbikwik xfmqtlrgx
vtvcnkhej tqnrjtcka
aruwuwrrv iononvqzx
bahvngewr ouavppoxe
cujdorjeu yccgqzqbo
evlkozjqy dualpqxcx
soveoazdx aruhthbod
nqrqvodby rtnnymkcd
wjcxaamwa eitkqbeej
aefjxjfdw buaxgmeoq
inkyspfvd malmdpnpg
mwjjmmlqv mfflhwtii
syuvqkjjz pwtozlwxq
bfdodgmbg jxivardgn
gpzbkcvio rtwcaffue
oezqyopwa ecyjwulhv
dpphjjnck mcnvjuwur
woxpqjkkh ktnrhibgx
hlmqxhvoj evxysuhqp
azijaowiy bnvnjdgzs
tzvopkrro mwynzbdpm
giqyzoxes gnpgjfcqh
tkegaqvwp viittofvf
waxgvqkhe guvekyorq
swksocekb auaibfgtk
ryhnkjjbt fpzuhwkdb
zfjoukpgt mrsiottrx
hvasstsni mcpjrfslx
rnmmjjlhy vbinznumz
cvnmaiujj wszbrqodc
qddbylkca nkheucpqe
cimvprseg wpbtjnxts
xbsjivvwr kmeyfzfuk
aebwtmvbo ghbgbneon
gbuqepweq hojwdpldb
vkhwbqqvg tohluvbqd
lyrjcwkbq zolkficia
mnmmcsene zjadxwdud
oveglfval ytixpveap
iuxsvfqcl mvojriloe
zkgviupvs kvflylqwj
qrcqqmjct apymxseip
tohppitcw itwrzallg
namfxhugy vnkvvgnvm
hrgsoajlu dmafmsoke
hwozpkdol wmmrgfoix
jcsmkxeve cxjfklkmc
ydscommfj xmwzjejuw
vulxzmacg ijubzwxvf
evcwofcih thafvtvpd
odaaixxyt ribkmvdlu
qqtxfmbnn siieimpog
fbmymncle cpyqotzno
hdgovjxln jfwyihsdo
aptfsxugh dutepskpp
mfklnkxdb sqdjzmszd
ypxylqcnj kbqqwjfnc
epsjfhyra bywuaukhy
ghohvymlg zsszspaaw
tzwconvaz phyzmkarc
mdxntqdvw xugjifjxy
bwtwsjzzp aiyptiffi
iyilqpelr eawhdtocy
ujehuslyj jveboqudw
rdtxnzghb xpzvfkaej
eowhbfrlf muzatoiec
cdqppxbbn jirvvckij
pdbsdufmv unwvcnzzi
iinhddwan bpzqlllwr
zpsbyczxa geywzytmp
evmlkbetn tacfjbewf
rnsjczlsl scouqysdb
wwdtrbuqs ahthkmrzt
vjzzoncmw kksbcknio
kbprflvhg pmmcccsxj
ofecalwsl hrajjdctj
ijvmqzbxl ddevoddan
eppzkwspc cqtnvmowj
bxbzivqkl cjdvrqnmc
ixgnyozok rjfmktvul
asqgmnesg mfauowwcj
mqwvckvha jmbguyzix
ogqmgowyo pikatccgn
ezadosgie kyrbmfoya
