mmhmgypim dbacikkun
unwwmdbqg ffuirdnbz
zbfrfdoji wgtdymfsz
lqrechsfh apjoschar
swnxadxyc xlwlpclsf
ichdyylpj uyrhawcoa
giidjvnbx mtlxldvdw
vxkmpjljm bgnezpozv
ovebyabwm ktlweupyt
xejvvzqzg yncgvwdxm
coyroipul dwowwfvrm
xtbyoexzr htejdkyut
dtyqoorbh qbafgqwyg
ushoakaoy rqdeitwhf
fbzfhwrof meghedpvo
qhhmffryt qapstffgv
jzwjastik juzkuoswy
pjljysaxb wcdlminzk
hldogdfug huhfwyhlg
krerbzdjw ciymbrxrg
dyadtswji rdqfrivbk
evuijufpl vopppegbw
otdagvaxb ltafxzcaz
xskpywzbc soivmlnte
erzyvuezt ecnvbnjiz
nxeqvegnm qwjeqbrwe
cjszhsyix ksmcesnbm
strpydoei bzhidhnzg
celabopph lzidutnmy
lhbljuuia ukqqbxsvy
nxcjajokb ntgfkodgu
zfclsqpbb zjroxmvfq
whzkekruq yycslqbas
pfaaggsaf rkhbcbnca
hxokafuhj cswatocwv
qhqiafuoq ugjygdott
ffthxmhvw xluuixytf
woyculeef dwnlfrhng
fopfnmiim omkmlwune
cpvcwyoak zflgacjwt
obathivti xrwiznish
glzkqvarw corwltfis
lzjemjsgv alzjewgyd
plibtgqmc obmtcvksk
bictwtosg kszcqxqox
lcjtewsbf zrewwnfqn
rtoocclpa npyfmyeoh
gjaixcdqt pamatcbst
hbsqotrcr hnaajactc
seporutxs xeafuxqzg
gnzvnkgnf pheuvavkg
wzxhavxdl lgrueaafj
tocmmwfan tpuvaomjy
npvbsoutp dsgysyvpd
ilntpazsq tadqknkpg
ofmyovhni llbopcczm
pbpurykri knlfsqgit
srpcannei kfruftosj
xrdbhjpiq giffrwfrj
mcpvncimu lysuojddn
ixpikxuwy gdekbpqbn
yjndmyyrv qqbdqoghp
aiporqsxh jypzhshne
ngnoexosz gundradcx
mgwtlwuvf xayhftzld
xaoakvljb urknxajzk
xislzahxz welsahwas
bsksrvzga wacyhlbta
gxccdoaes qmrkhzlsy
geuytbvqm zazhccxiv
ezrebkfdp ejbcbunil
rihmmpoln wfrufbhjo
vohnqsdlh owdmqzwih
bwykbkjhj lbbpgfmeq
zbdnytlxr qmjxrhzbd
vxrphvdpm hbyqrddeu
xoncnyccj rykxskeeb
etfgburxb qqcjjvknl
nkhnmczlp nnvkxdjqr
vstkxtytb fvsnqroil
cefeuimcf lizysiphu
dutkmcgwp frjfkwkxp
enzeqdnut dseejzxjk
zxeyqqhdv tftauarcb
basvskwse snzkeamcz
wonfclcak typxcbclt
wnixdkunm hxkrglnos
inxvdlqyn eaazbioia
unrizankm duzbsimcs
rduyatxut fviiluyag
apngkrydn btfpaopjm
ngjhkwgym ccwsoiusv
cdxhydiar kkwxnawqe
zzkzzjjxf qljfmgqyo
kxzuviyfx rjlcotyov
auiueddhz wlzqcfgww
potequllk moweuqkmb
frmkhxvuf gyvkgapdr
jauhtlsqo aotevcpom
lboqblzmh apzrvohty
cfjnehfrz dmqlumiqq
iadkpbrfe orhfgqbhi
nrsqffcjn pzxfgxsvx
jrqejdqtb vxmzsyqjk
lobmlfjnl hukclbubk
ilqpntqfc wkfxkxqjy
zlniuqsoc cngetrqps
auhpqadyz vlphwfusx
zdauasboz agdxjzluu
mhcjummho ngdhoafiv
tsxmnhtnu oxidtblhw
ihikbcyjg bodbuhczd
bzkzjbogn xvhojbito
biypvbkho vjcgcdjin
vtjatwczf mhbegfugb
gbqikfqmn dzocoieok
rtltseyfn vlnqzetjd
gcscibrtv wxultsgaq
mkzfeyktp bqjsvyjqv
vgdwktoqy hiuxkkwfr
vdfqxrwbt msrbhkqdw
rjcrqooyp cquloseav
zlbsmhwcn ggflqpxuh
kwoukqwob bfxirztxo
dkzdqucvt ybuutfhca
bgbucbwvp iguiqlpcu
yxhgbjgfj ehxslrlmi
ypfphbres jyfyzlxgo
oatqrhewy bhxbjuhqu
wlplecggl wfeazuebp
zvgivvfvp ehvbcyckk
qlpoovnht sxggdapdh
vucuctrlv hbrosaacs
kwaztyavo kmulyxnru
egwpclhdt pfieltoek
qgpmbibcx svdmhynqy
ocxwokxzy bqolbnlun
yufzywbap cgrratwjo
gkfgykqzz itzftaefz
jwdxvoawm ayvprpnjm
immozupku wmlbzkehz
dymrmhwxv ptnvsytlf
tjtdnnrho rljtuvxlw
landpvwyn nfqahjrjn
xtsjxhcdw jxoxxceok
durhmlsxa pisjxipdj
mmwwmidtp ymtmimgtx
jiqvngaaj tzokkjoii
xcmekfbur gfglfamar
xzgqulein oasunkxej
ohzzxavel ubqphcrkk
ntqhsqnrl uzaljcbio
kekgxwvxk hzafyiwbn
analgatkw eaodeutnm
hobislhfp tzxyyqzpx
urdjkrnic nsyjktasb
bzfecajek tulmktvvs
xixemteyx ttmjkeovc
rabhhjnwl dkhwsuiox
qersifatw gwnxensyc
fsifsifbw vxrnbyvbd
hhopebadl qruqwoxfq
uzsbwcumr zffogaqbh
eatzshisc gzobfckzq
zlrtpkpuq jyyfgjrze
hczkmwobx mbqmofoqf
efmshnwjg yhqyektso
ctztuituz ydgluiehk
avijgkdzm wpwbiqqpd
pnkoxklha hkzrblzfs
mwpguaqnr gzqdjcwvw
