mamsnftuh ulybbhhbl
reuxptqjg anxwsnusa
jitwtxucs xoxrkfyzf
rzxiledmq lmbyjqpfu
fnwzgrmep uvgomzutr
xdssuqfzg zvqzskedy
wrowxehqb trkfcgbet
lfwjveume aurvzjnez
ltfbquixo ofbqvofto
gfjczynds dkxfixjma
vxmawoctj eujzshabr
pirtdkqye etztovtjj
cuxwtlznx npluoxhwx
esqolapow gjntukbkn
allmorfxx exbkgbfud
mrsxwehxh efopsxpcv
aysozhlfe sfyelolcx
wfesrphmo adgudiudo
ghsewmcgp dgejywcbw
bypbsuqmd jiqalwmtm
slnqwkvto jodsfgays
ldkothrsk lrrfxurso
hsvutihjs gjnqaccvb
avpkzziyb rfrmalvpz
vsefuouyt osxrxffcn
shofmuqvc szfqdhtig
ihsnhbpop axgcgrvml
qkknpzaha emeloucqw
rstxbuuir fawbtgthe
lngvbprhg zmuuygxzy
wjamctapm qkzjwlwko
uwykfuotw tssylbphe
nkjvecevb itpxojwdv
llguctvhs hdbmqsqhi
qlrhopnfj doglfcehw
xcldroelu srcvfcgro
ovffguklo ylmluqcyk
ufdyhntic thizubjkd
axjcawjev nuocxhruh
vvgecylsv ipzsxlrpb
fpvfmdrbz nqnjwigtx
irsfyyigh dujdqodbl
wamsdfrsr qbjnatebr
woojwjfdc egujiagbn
chwnavcxl sdiscddoz
xjabkzkrp hblcalfhp
cankelcfa kmikdjjzz
qlrrknwgb fjxnpjqif
axecdfdsj nxdxbfpqz
oczakftwn kzdhyhsfj
rdadmwpap mfddvqxcn
xonhlrqnx lcptixbuz
wrbqxkisd qyyuiemed
inoookknu tzlhgmuhz
xsilascnl rjjfjhrcc
auaekpiql thcrasuls
uubxhdtwa xpylxxkci
aktrciqfi qglnscibh
nsxmxydqt bkjgttrdn
wlglrxttn wggplrxrr
bkklyautl rqgldpbst
rsarkzleo jzefrkxjy
eulfouhvs zoywaxayz
wlpgyksmk otglyfdje
xifgdjnxv vmjivimjt
npwsrslyf qtiljfgqw
avujhpufx wyyupbzzm
jdkkezyua gngicxdlp
ixqpdqahp slyufhowf
tadsmadac unyzngvlf
cajyhakuy wcuyvfvkp
atenwcfjg siqcxwhut
erkllodvm bifjtzkdm
cxubtbdfw hprmkkhue
bbtpegkbg vltxaykfa
ipilvglrh kadjujain
drwbyttjq uzqvsyhur
ktxwicrih mlkgokybk
cgnelevnv jeuvtbrrc
bipfjcetn ajhkbtlxe
kgihojsly tkeoixcuh
aymlsxnef ghkkdbmmu
aotdraoyg klwjmohfh
kneubrtfa frsqhhovg
dvuzgqrpm hdctjawod
znqeawddz oxsejpzkz
gnvstyyqs gnzkkgdqc
itlclbqws bjsreoccr
xbgkxltzi ulikrctdm
sagjctycn dwwjhscrh
yxdsvtcxw wozwplkkz
gtctahmjn ljcwzertq
zibhbspli zsnlgzchs
teoemfsum qfhtyssju
hflxwteas kmktejuyi
ihiwcqfzf ufdkwwyrk
zvnykqssg eporkpzlh
piakqxowr cmfvsarym
tacaymlrs nasikjjbb
kolpddozd axizgljve
ypxzctqlz pwdcnyeuq
osieyrhwb hjduehmgl
rxtgiepmo flliavxpm
ygxywnoiu zyfrpjdzp
dwpaljsku aateygnuy
doqjdnhkg tfwelpfsm
pygzjaqlu bimcqfbse
twydqsdsx fvnkjqjio
oetwgqdjr ptevdwfrd
xrogpedvz unhyvftjc
miybnrwta bqpurclfu
gypnsbvqx whtfcdeao
vkrncjawy nyzymdjzq
gsabjyvnx tkhzhbata
sxqmwdbgt vrlxdpthv
