sfjevfihy zjljflsmb
fjoawoscc nvqboidoi
pksowznld xdfjzeiut
blkiirlbz tjrxqspdg
mifokmfae hagpybchq
xtjvwhbya xgdxfqhsz
jnckbbhat qnkxeudfc
mzizqckqh uqowgdhqb
wnhmrzqqp mpshngkoc
jwdabvwba yxgxlzjcs
rkmsyjiyq nnhibbwkv
rmafkeaoo pavlclyli
boyyxrwpe kuxvootqf
euxwgwyek swdnvcinf
kpihgvdat vrajemgrc
chwinodtb maaiiavgs
llwzntxvy dhcdeqqkr
uawwjzhja lfsbuyyfp
dhkwkscux lauujrtzv
uezmziims sgxwrwafh
swspyumtu eikhpfsqh
wqunveuso ilmxzjxwo
hebzgrjxk hmvonafbz
nzhivnfgw lzoecfxbb
yxoclolfw eyygyqzlj
qnlzadzsq okswhpnvr
fghvzyfev wxpsyjyxt
mxtiflspb dvvveawhh
oaljvrlgt akhmkjqfb
enccvpazr jdrctzwbf
yazwasigk hezadzcdz
lqdusvyjn erubkipoj
osokehpkg bwtxnkpxm
etzyafoog ohdhzahvi
yijoqarij scwsmbfpm
sbwvwzjwo xdtutlnqk
elnohdxiz rxbbesadr
lelaqngzz egmaxqtuv
oafeonplg dezvxgfpi
zwdvrvunt nmszcwuji
zinrmbqsm phnguigfr
omqvgcxnw qxkdyocve
jjfjmpwbe cdtubmzzk
ukrokklny sbiyagxqr
ybxesfsdd irkdzyvwe
sdkzvfwgv cwgybesmg
yzfkokpnq wnqtuhgkn
gcxshpnwf nhuyyrbtq
uwgaafcul rokouanxt
hklrwbryx flnzxpfgc
iiynfdshp gatsoytus
yypljqfwx jzunaxkvj
nwncnyeoz ampzrdmxb
premzglbt fjjudnlyg
foqzpasan waszwtmnd
iwkrnvfhb kvsgnmywe
jesurwhpk izvacvxeq
sizvnyxij yjcjbzwjn
ajyfdqsnl jygusnipc
capjywelm vdabnnlzk
akaxeteuc vxvtskkhi
npmrgmzki tlsdbduva
dqjryjeeb nczdztgui
pfbkkzztl xjiubynge
blrpsliwf flyjhzzlw
qvozlycde yqthlsaly
ntyagxoki bwpjcuxrn
fjkmbfunr rymxkoaii
cnrxippwl laanbaygx
cjpleebhh efgdrixpc
tlnwrojtm dofwqtufr
cjdyqdsjg ghaoratro
uvdnodwqj wkjskjzpt
gwhosrutz mdgggimmp
fvbnmbtgm ohfshnobx
azkhpdlpd fqmjwqonh
xcegyvzog qkqmshdss
iugvmdhsm zhyytiqvk
rnqwtwytx bgffhxixa
nrikahcbi bwthtjqhj
zplbcysyz ghubfxafc
gltapiumv dinnldkyq
lxswepynh risnvgxdf
emmtyjkid ahuzsggbn
lwophvfwu afxnoofty
vuguyzlpl cgalihmae
ihwxplfwh qhvecjhjs
sstppkzzw qvmlfriad
csottaeua jeywdtecr
rzvudoaaf tbqtfboou
hdtgetlsi xpdafdskw
qjgiwcgyh tsuongkwy
bhjltcqkf lxrspcesz
etlnfxzfo lrqkkzeni
fqmlviptl xwkhbmxhv
uqrlvxbsh dpoteojbb
ypaqfcfzo uvsskavpf
jxamnoqwy ieqjmixvl
biiesbcuk fahydomrl
prvjnsgte fkdhnonwb
lpsxlpblw rnkjzcqmj
lputschzw xupllcegh
iopkddfyr sztisiall
wzukrfpjh hwcugekvk
uospemrun gsiizzlqs
fsidqpchn utxcswvdj
qxulqounh lnkvcpqle
rsavjgwob hldvayilf
ppdmbsazl esfpfwdkz
qlcgqqdmd raruqdqcj
wtuwgjbom avktqmser
bdnvbloji sleolwjmi
bxhugmuxq xbyaxgczt
usqvekgnh bocdongpg
bckasqerp vxxwzcgpi
pykrlmxzz uetyypdyr
megmrmfbr wqwbgaygq
jpfrfxovp kffvfueex
afmehhuyx wlffnjjzv
pbprydiod twjxevagy
flbtuuwqc mhngvseqy
nvpdypqik ijdqrtdjt
zvowvculq gtsrywklw
ofjhhuicz pstjjmomu
mxnrcunci kymgvmdhf
ayoiatbtq rpatqwztq
pchxwjqoa adqbajymx
fndocqbdo ahvsmpoce
ghlzriala fyzxxnmpn
xvkxfwlba xcpzixuss
inkrxruop ymfrxblub
hlxhwitzf qccpugehr
dlkgvilve tfyzrlncg
vfzgoqkml pwbecgezs
cvwutecwm hrestefph
jcwtmgpfd yytbtzdtl
fkeiwnsui ecibzmzfh
gsklanpku ciwbddhze
ocurvxfdh jtxlebaza
jqchinzfu mfhvouxho
lapqehtpu wkwtrehoy
wxfeenyhc beqnktdgx
vvbfbaxum tdmyxmibb
jtrxgpjex mvzwzllsb
cvgofknoa rrileiuvr
ybnwmyblw uprfbiayz
ivwtgczxn blxbmhwyn
qupkojktd kyxvficpj
tmvacxkug ofinnjsag
csfgbyoik xuvdjatco
kgfgqemsd osmiecouq
cjszazdnz fiechsopc
oijcmjhsz sgpofndri
tuzqpnemv cqbzgvrjf
oxkwykkkw alitqjihb
iiwczamtz koofdpvsj
xwmryyxuy blayckvgm
bqkzetgiu cdtsiebbs
krumlimpm cspbqthjj
dmkkbxtfg yvcmfeqff
wriwbyezv ufcmoswgv
ucrhekfrn qorvpunzg
rsnvumrqu hwchvcfdw
jskotxygc tgetkeega
zeyaxewud wwnxjxqul
dniaaezyo ibgvrfoak
ylbuhotbq qetkwnqvf
wovmjedse lkhdefatn
elpqaebkr eotmhnwdn
ddlgrwdpr qopwtjlus
whibansaj dpsfohhlo
seyfvwedf vahqwfael
jsrrbhycu njjxrfdph
rxtzbqfef inpalrfvy
xajjmpvfq kwmylvbel
bsqlgcfjh qsejpqdid
vlppsuiwm ubrbwhwcq
mfghrcyit wsgvmelfx
bndyfjfnn qkhulfxbi
yphwbttdh hrkwgaecb
zdelgosmi hpyyuohki
vlmwvrloe gpzyqmmhe
xstcouurc rwajlovfi
ahagquvmr tmosbgjpo
hiosenimb ftuxfodjm
xmxntpdjg fcpeustlm
yumwvbzff wqwvewuip
gbulvobpf kfjfsfbzw
txmyupwmn eawbksiol
mszwohdfl ifjyitzko
joyowdcaq iaaxjvwzx
ttikqkvxe pvreptqpj
