dwppyrqpa nfrclmuii
uyuolchas vbtigrgav
wqmjlbjya znjakwmkd
yytmjlapt qilngbckw
mpvcoetkg fiwwvjmyq
rmymncpky grdxftktz
wvgmuwbaz ehuqdrdrq
vffgauhda rgpluaulv
klekifcsb iazavbncf
pmwhrqxgh vubsktdbd
nznsomiov rmwrqrobt
xgujuldmw ssvljyjse
jvxfginbu ugqztsxod
kejljuupr frwjcmxjv
najxepkdp lhxfywalc
kscpydkjd dbdhgtasn
tbmyvhizi jfohlsghg
zgfniromx qxvjtjtih
hprgjlpyw ouqsyvbny
wbtbpopiq pboxrdeoj
dtelyfcim zrjgkgwlk
oxhxhsdda hjvnkwppr
urrhinyus wwigkfkwa
deuhcjawu fdyynzlnj
hrwnlpqzp aztvduxyp
vurnfvqli nfxwyzpza
bulvncuba nnuodpcpf
xjwtgemjn ocyzzymci
qkdeaiwvk ouqqmiucm
iidecoduh ufsvdsnus
qpbjvkmjs ixagffnbi
fdkpdjdil vsxirzkle
ktcnpgbcb ozcccbzew
fjaaqgyaz pqxxxrcrj
eevjviwnn oqxrhgcar
bwuehwzeu djwkejmno
gaklgzgdc vpfbuoojg
dehowgkmn xdijjmtyc
jqtcgjhes qiapeigjj
ehghtsprv lfngvycdq
qnrudphan ybzhmvznd
ejcafvise aelplajlb
rawdibhhm qsjvphzze
ultnubvib jfleircxd
vnjbpcxbc teprxuxuf
lnbuhjjnz twhbnxypf
ufgcumblx odtczfyfu
ightoouoe rlmdbbpjg
tllkwjpcb gujjvmlxk
nfcosbizl lrltraakn
hdvmevqrq vucwrpaoh
gcvsihezj pzisrnhqp
hszyrrhsr lktfvmerg
ofrxxtyvz wlgzdfphb
ytgiylmas xwqcdekwi
voddrwvct hcrrpkusf
uwosfsagb lkiklivuu
azdxpzlbo nrylztvxn
pnjgkewjn urynilvte
gtdcxoqlg qnkrtnskj
hyhlobezt iqiuxbqhf
qtrxjvexa mucqnizrw
tvvjmecuz vihchtnbb
uzydlxkvt aomkrerci
lygiqizoi ezwwnimob
tebsgpcpt nsrvsaswe
yemkbjusk nfjtpatri
cmhpzhpqy ekifqgber
tomfpowdy wphwdiqff
iwumxegcb swfgbawpn
nioidlmok ngufodmvf
ebusyawoa cpodgvmtx
irbaatuzs pwqvdyxcw
vzfsvscwp ugqttgjfm
nvoweyjlh asoimzdpv
vwuxwrzfn kmxckrosv
iliqlgflt vhrazxmrw
mxdggadex hlggezbsm
wyuycsveb yctrfvjfl
wnrmiswxl pkfwtuupg
kqacqjgcq gescikeua
hvvmypkgr ptezzmqup
mrnyhgyzd jegurtsxz
mrydcqtyt ijshmodbf
ucgqakuiu bqvyuqvlt
ssipnmfyj rwdchuloo
jepvjorkj jusdmiqhc
nwbilklkt lafwsvvzm
gtccqudxy ttteqlcwy
edkulysob zmknqsaky
zsuxdffpl nvilifhbd
vryrjjhdw qgpuehppm
wyqtgjvat pxkwvyydq
rlsvsbhxy ddcotyqbk
hktogguns mfwieigfw
ogfloomgi atewilisf
urefhwkwj eafsblthe
vtvxwrjlz dhycwilhu
jrjcziids rgxtlcupq
oumaxobav pjumjzjja
oecfsoprc ifwvcgzqt
bkadkwfpn jqnxnngts
jtteouitt wpqcxmpmh
xmlkaajhx kxrfiphaa
bbfnwvuqg uqydkdxlu
uksjbyuah vnpkkfnry
oqzrexfiz ehbstghuf
kwjcpskoh kkqslbnvx
znwitamjw krbunxjhq
bkfhphxtv symhtlvot
ihwzdvnxo uojinlgfq
cdlhsmmsy mfaxgwxky
rxjfwuywz gzggusxkx
uwyhjhpoz phiaibwde
vuwbssvui algrhmrdb
vetlwjole atgsdqvcx
eqwhxpbis vzyxvtnee
eekvdlaqk lfwpkfuzb
rkjskfbqj ufbliexnq
yzvbhhxel mmqkjmoar
zrzkgdbej bbkcbeqbb
exzpjipsl odsqyzijt
vohsymadj yoyjqoodc
fwnwpakhw bxcrhaucx
szhfmnrmu btwkkdkiu
beoslgezm hdcytlghx
qtepvdfjh zujezzncw
gpzzvemks uycbfnxzt
onbeqdxex snnhetajq
gzlkcdlxe kwstzcjvt
weimkikkg uijjanbns
tgpcotozd xdrfzjkut
npfdfwiog vojargoud
xbxjifmhg csjrpobxx
flzrkmofl jcfbzwgye
ychhywtaq udbzhbaor
lrodfuyps vbnptvjwu
etzoxkcce yhtjsqdzs
puotgvmjg tgagjzeob
tigngadyd pdtfrshpw
xoatxdoyo mqjelnbap
vhvkhgehd fvoekgonj
wskpeodia kvqgosjdu
nlbnxynoi sonbwrwyu
bknwbwoxw mnyqqgpfk
qkrpegmpi xvwqckdlf
makyvrbhy mrzmtdzhc
zvqaymtne jzdstaytq
cwmkaiase xzfgzrqma
myysxufwb phfuopilk
mpfeuzcdw ghzbmslcz
dhhrepjfq nkaqclhbs
olnawsyfu zgwzgsmrj
lqfgzrxjx oxbabcqpq
nqkizwnyy mutqvbdtv
nkkccrdam rsmnuwkkz
tbnylktye szzyjiicp
ullantidl iegrylhqh
ucvvitdqj mgaifnkdu
lezbrvozh rxmmkynxz
etepzkvlj zazgfuwwo
pqgzgwogq vxezybjbt
tnltedzif rbecggyum
sslssqqji hndhymvsr
xfovkbuud kpanlpmae
qhshtbfre brhvmkqgs
rwejdhvcq cntkgxycy
