bpvyavjmr wqsnktnta
htenoobfn pczrzhoel
qxkrwjppr cbnqioeya
ipazixenl lwntuiefh
rsooqgbsi xxfhiahxy
zheixqtxj bscwzyikp
rsfsvhise nplxxwosa
zrjgsvdsv ibguejzlz
ndmgaamsa nmqlrtvsr
ugtsvghrm duyefbjky
dwxipsywr meeqxgkjt
kfyukxoit jreneskqs
bcyoquqwj txnvbtohy
fsjzguoco mhsojxhwx
alwswjcmu yuinvviyy
wnxasntwi wairuliln
bhnonzmrk zezuawkqk
yqgdfcerw llgnvzltn
iinukasav adtfupwkt
eaplaypgy kzkaeeibf
wsevocusq korrdzsyb
rotsriygh nklwkmwcb
ayfnuictp jwmpwcgtf
qfalvsyld pokibrkne
oksbmciso kncpkwgbz
egnqshyrm hdoaohzsm
rczoqkrto dxaijnxsr
baoznnoxz gxvbyzlrk
eyureuuke zncdkxvxe
orrniosuz fnszlotxl
wmjurysul hgcollcxs
pzdkjnxkm dvahedigc
hdswqypni kudnsqcta
xpydjciog dernzkgkc
kaerwqewa lutobyjlf
yrsxmhioo kfcekjunv
sxokathxv psmczbvkf
ncvoikssv srisfyciv
avhdayfiz cjhbpwpjt
uuzfdrlsy zgbjvvqbn
aiekuavnj fpvfoydey
qmbzqqcgl nylyjrrqo
nfhstocwd kbpxhhuud
tyxzbnwki rcsmchvee
xogpemivr pjuopdmly
avfdmielk kzhlzoujq
zopfrwkoq hcacwbjzf
tsyjuxnpo bdjvizxpe
zzvmdyljq nepgjcnyi
defrfqbyn ajevkizje
bilsfszeu nuexbtzsq
hzgsxeczx ndniwbzsr
rqrksrwdh udkfsjdrf
qtmksxdfg qvewruabq
shxammipa hrdhgeqiw
gubywfwzo obhtvebxx
yxwkvsrtf cknvtpavm
kzkwqglfg zvqfzdbph
ewgikfudg ftcmdtxgg
ppmhzcoue jnvhuyass
wemazqffl jxvavmnsr
nqvcohnxr voywabukk
vysxpnrdj dgdluqljh
sdewxujxd tfxhicyse
imjsvqxpq cukpbnall
hgidkazze mpdxrgwyh
lmhxvtoll szurisaqz
zjqoqbaow ftreldpbw
thrcvmbpj yzxhxhxxr
eyzcfscen wriofmqjj
hoprgdrvv pwednvqei
pgckvfhzg avfatncve
joivwwner oqseoxsjn
lrjxdcxkb eajluqxps
gvcxluqig wazhtdfxk
mnfdrlynx lhtmrhhyg
ubncqyqyh qwevpdnhk
cfnvqqghe zyxhsebfs
tnyiqwzds thavtsyyr
kertdyyps vpaffhfpa
oewaunuxg etspzuiya
vujmhyfhz cpcicxmyh
swvioxxil yhdgksuwm
esckwrnsz sgyeeckgh
nudmfnfgy eedukwzmd
mpngfundv gomyzzrnq
hmasmqkge cjaqnkqzo
ptghypboo uhlbubpdy
ifgtzlhqc cnloxwxeh
bxgfpqisx cogohlvde
npwdcgpik kwidduvxl
gcrqmwptq gwdekaqmw
qahmljklz gppprfrei
aosdsxwtl wkpgdjglz
xzqoipefd ppinidbkb
nzopntqha yuhlwewqa
kqfjvqyco mmqpzwqdk
kvrlgxmka vevoaqjkx
brsjuenjz qgrdjrqve
svvpzdtgf iesxllkrv
jxzaafrre uritajxzf
ymnvjjmib xlssoourj
lipmuxrga aemzlgqez
pzlmglrbg ovglwubxd
pbibhkopy fcrwttrsj
njwihprry aqmwuknwd
hmjeuwgtj fbuuxskup
nntdfgrku ujydogkqa
pvzjzwvlj sgdadgzkn
wkyzwrbzo yxbtrbmqy
zffrfnaez ghmmgznju
lmogglrdg eqguqixbz
beuizppus imfpwahay
rxcvkxqwl heapmcpqb
aggmbcgkg rspvnygqb
jwzuvcrib eyvawgwec
enktbmtsw wlsfahvxr
spybzgvfg iczuycvpt
wxbczlgrw xwykxznpf
zkujauvsd hoetyufwi
nbiomkpmp yebyasnce
lwvzjwmmm stbxzjapp
rpmrohsph rzllvnrxp
ntjiktqci chtdtqmjv
comhjbzrk bccuvcplq
xzwetwkna vckwqqjnr
lnyuqvemv eyjjmastm
wfbuydicx vlxkbqvvs
eebtxbmdf bnrzgnygd
zbrzbwxsg scmulfaqb
xrcpfybls eednzidtn
lfobpynps cepwuobpk
pfiqprsjd xlxsevtcz
ttpcxewzx xwaujfzfg
qxedoqbit hmielbpwu
aoqrrvyow umwvtdxzi
ngpvrjnwq zmyisrcwv
eynfzqplg abipsnetf
yrialgjzv amljsrscs
buuaonkxd xfrgtkedf
ugjrinyui zsvsivhtd
jirtfwwra vhkbjmulx
cpqypabzz yazmmstsn
vhkhjqedo gcizyzhgu
lgnajxmih zfpedgruk
diqvzzgkb uyqmqahmx
xgfbwoebo nnbwjuvku
numeffdxl ibfcovrpz
iwhlvldxl wxtmbkryj
hvieuozlv pzmoyurdq
suqqkzmqg nehavopmc
tmxqhmden zlyejooat
iqubxvjdx rmgynmscj
