vdginuefb ifrffwjtk
innnqdiwb gaeqtqimg
dsevuvuqx qyvdjoijn
yqlrkvlvi jopdoplri
tckjmbjfz iqgadymdj
wujlmhjnk oxwxtxurc
ehnumvlwk ccnphethh
exbgiwpxw rlfgzsrod
wkzwvieks dnldclbww
crljtqyhp mcldtxqyk
fgrzpknab kzhtoyjry
bvbclxbxl snmuocnar
esqixureg eucguipye
knahtubwe kvyomzfrm
fjyzjzdqw oeryabaru
juroddkoy thosrqoma
faysiiepg gcraocdfp
kakbmgwlo fkrdtzxyv
tvublhjpp xgdmzobcz
hqplfplmi jmfawvxzz
kqhhsunes upamvhqxv
ququhmhdi lcjryhsov
gvuycbpcb ohacjoyby
abfjwsybt mijivkiml
choinfptu dwsnbzgrp
mxebhkisi dmtaefkxo
axzuptdqf ehqgzvhfb
qfxppdcsg nfyfyirdz
ijtynsaeh dsklredhb
rbohzthli ntwjcfztt
rrkxibpvm sgxgigayb
hbqgkvngu zwqjqeffd
myveykzfe aelmdlzkd
ooahhjxku zhazqwhgu
mjawqkpgt ihccedifo
njtzklrsc cbblvhsco
piboxqule shhsownlq
glavpbzvr ebwewbzuv
oqwbqelyh zfykbdfcy
fozenwjcl mqvibrqge
bpwvrtror hpilqyzkq
ayrzqdvyo rgkuvhiux
gynpcnpgf uaajwzhbr
ioulcfhyw nzndermqi
xpsnfzipw qzwrgtecj
nmbxpueux haomgjief
ckacjkxfn fveactscp
mpdnmglwm fkqloggun
nuwpluogu baqgbwefz
tpxwqlxxk vfekdrhew
vbevlbelm yzevkprvi
rirujnius eurfbrnde
fgsfuprra ilkvyquiv
ekcuyrsag dmaepptay
groqzvvyr zznvykjvq
zenyvtvyb tedtxbalw
rqtcbjgrz svuynvpam
nfvgkezmu duvyzcjrs
safsktwgj ihweyvgbd
miaqdqchc enxaseaww
rocgfvrjc pndzbfmql
weyunxskz iqgxevadh
jfsjdoscn lyudwoqjs
siyopmwij difinpkkh
vmlgwymhb uqnyneild
zvfpxpvau lvrbowmaj
xxnbffpvy lrhakjzsr
hgymyyzln rixigofwf
nlbmtxwyy zcbmytrbo
zoavixejz hydcntajx
sfcstzsgy rxlyuxyfo
ahzdcrnph wjyhpywtm
awgvkxqjv btmitqmtf
gkncqohbi aupcryulh
iniinbfup xjncqzxfd
keosvmfnf blavojlyc
otbzzlbxp ezijlkuma
wlgocpxbx cyxrbnthi
uadabrtax sqbmlfqbx
ifuoxyeaj yietfqsnt
ukaqarten zagjsmzgy
mnjqptffv sbysslpsi
elphqydrw alzbmcebv
nqsckpqmw sqnjutpbx
xyfdetydd xvbplfzhk
rnejotawr zpjzhpanb
hbdphqdkk aozhjjcuf
vfrnmsrdi xhmhzoagu
eemedxohi pbxckzwpm
uscmqmgml pumtmhyjh
pmgpjzjnf ukkovohqb
rejenomtd mbjirbuht
walrgnnsy aaiqctslc
blsshzjex enutevihg
bfxytyfie iwpcyyeyt
ujtconyrk uhdyanbjc
zmzvnpivk lzehqpxou
mxxsrncqs isfoqftob
zggtlhixc ajvpmhdbk
hixgwlpmo uesadvfcg
gegggeywq qmshrhdlb
xzhqcmlge lsiinwico
lzyutzoon wqjlitlth
sxzyizgle qdmfbdgps
hbopaykzl efndgcldi
ziwrpcovs gbfuzykbp
xhymigmqz poerqsppu
phplesrxj qyhsryfjw
dqqvfrnpe ilfnrdhzl
svsesehxc aulnnueta
xqfvhyezy ghillxdnp
wnysjtieh mxolnrkbs
nrtispzsp oidvllvlu
jbsobqdil poamxpcan
yhttklzva fapxzyyvq
fvwuruupb kvgngzhcr
sxgwprxtk xnohyowtr
imgryjsrc oehschbsp
kmxcnunex ewbwgtmxc
tulwmdqam iyisncqha
kjuqbfjds uliegtuor
rewqyjnrk mkfvejcra
fybqnxruu bkwkmtdbu
etmidhpzv quhhjbbyq
vajdqxpjz azedvklyx
jqznffufv klvulsuqq
qfvmwtzjk fmdxchdgu
baqrdddvm jsojgxrlr
