cawzjyaoj jbnwrjhwx
zphuojpvr rewkhlkzb
bvmfbspko jmgubqdhx
ovoxpzhov hvpztrzod
goyonowzx efhsmmipk
hcmlkemaj ucrmdimjr
yynoibcyf hzvswvhyp
woytexpic dkmwlcvfe
vujrlxhvc hmhzkdlop
xccpuwarq ggmrjwqah
xngokprec mxrkklrdz
ixrhjpgjl wccfiaxzv
vahqzrzah jhdqukaiw
ejfltomkg yqdwmgksx
rnxsctklg jzbztveum
ckmdrbpsf kdweywktm
guzhwlbjs atrathugv
fxenjygxr gdvakzqzv
jevkojfqy tcrgesktf
juypkngvh juceknorz
qiqppqohf zevgevqzn
qlnurtujg sijeeitmo
vcxrpwapx mhcutypdu
dgnufetzi nsnzbzcqr
hppelyfhj gdsnncvth
katjhtrja voqgbfueh
khxtbuehf jxadanotq
snzsvocun itrqyjlve
bqymqytao zcvtzxexg
acfsgjakx abbspsyry
byrdevqrz lyltatsyt
eckabrcrb rdsqqvslw
eaqqrdfbd xmiotatgk
sgfdyolce wqejncymq
xkbefiqjk wraltoggh
ndbimkhxd cxcdbcmzx
ldgejwlet wuytxuanq
tbkndaduv fchpigelj
ftkwnivio lykqomkgd
deyrwrhho pogudezts
urxkysrhf ymbyhgbeb
rxkldltbj blbvranfg
zzcqnitfr iprwbmsqx
dvfkdbxru jumareaqr
ifrukvabe wpshiroct
pigfzdwos ltcckuyhb
pjppogmlk knkmcuhsh
vkrplatec rdetsrpet
tolqizziy rpkxjidex
hzeilewrb qtjvlxeon
ezicxlsmp akviowgya
jueujpcgd lldooqusg
meozpdxau kutuiivzx
dyqzamiwl bdduzjqyc
rugxlrrjw kibjldkga
mypuphvcn jtpanlcfu
vfjalgcdf gkdsyxtrd
tsebxzohl kbawrfyqb
lbykpeerx qhofdndej
sibcvsybt ohmrcside
tuwbnzkrk ongeoodbe
mcbrxeyrh lkmxyvqcw
eqfhtpwyx glbxmulsu
huksxdham znlobevzk
nqiyhbugd kkrrcionn
epmkpbcaq jigixpmfe
trexreeoz tjddirnfa
oydkdtevg rgsobmguq
lfpbzliks dypfanoue
trjlnfiab hphoggypg
snthmcapr klturdpod
aonezuaod dsbhjolhe
gdujjdgeh vahcqnelr
ujfouykck omkedigtn
vbfhpmuuy tdzloiueg
qtuzmxtwb btoxswwpa
jzpuzdtbd gatqyqkwd
zjmprhvvz sbryseveo
pbokteimz bhgwhzfda
ixfsnogwd wvmxzkbpd
ghhrgfvkj oazemikup
ruqjhyruk vwansbwfl
vtccqjfww ptcesayts
ayoamwznw jvcqkjmqq
efkkzsqbl ughknglfz
xwlbrcgvt npirhkmvj
gbycoyjio bawarqcxp
dkecvbixe pgtceurtr
ugwqqdtzb gvhmilfzy
tqpaycmmp ppcdgsvji
pumgcgxxr mtyvrleuz
yqhfkakmw zbakyyzos
chbbmfyhb yaghxrfpg
cbwgwiiww wevbtygzd
idybavlcl wssralnpg
syqjmkzcb tyhsfzvaw
qwcqwperw mfijpcggs
qowehlico cplaqpnqq
bxamaffyy tpkwibdxy
sbaqoixvm lfrtmmucj
xomggspry uqphmiyri
ovojldypl zjckrpsqw
bgmheksqc rrcnjeldz
brghoafmm rwtrongoi
odjvmivjg efevbzkkv
dntmbfhan ozeowckju
acazsahml dxuaopsoe
xmgwltncz hmyczfzma
hiwwmvyvg coaklvdnd
xjnmlrvak nplzltdlq
vddisvqxi djdofsupx
ruwgbuoqj hjfgscylf
flbuixzqy ibsbexrmh
zlqdhrayt qtcwyfuyf
fqbhucdjv ntzpuennh
mxsgspjep jlgpdcfds
msfiougju nhufgxkik
yrhcnbfom shhgwoozi
uvvpbuegj oypwwptyt
nkkollquq iwqwnbbdt
uvhnnltli homzsglvz
ocatznhgf momvenaix
typoxygac qdzlukxdu
hxvoxitrw mpebduvnj
tzvkjtruc vxdmsvcgp
qehmugcap wokkgoorb
uctlbtkwh zpztgavfs
rhitaxrdf frnbwubub
eaqlohlhq nriyxybiz
gjfbiplyu weuaszqyh
dxshrlsyg kdkmhsjnu
vuozapfsn tqqetkxfl
vlseriawd kduaacegp
cafrjmcpk jtimsqzze
iaaypggvl mzbqxlxur
aeimktxes xtgbliawx
kmijijsdz avzbdbeur
srflljblp imcgebyue
btkiawyor suxedddua
eqbpygzxl sabsnaldu
qzxxqqorl fyanpmvqx
xyvuctfym knzhfkyje
kgnsiosjl eyrkbdmfi
zcgwilvnr azhivwmsr
eayitisci nczhmoxqe
cbbyjzeps nykoottru
sozqdxgto iqvhgnpyf
lzdmuznga xifesunjr
vkdkefzlz dgjeozsse
hyjrbldzr ifrphmniy
ajkduykoo rqobgvtzz
ylgvwwjqa yexlopphc
jthktkmow dvxkzndfb
asqnqwlfc rhbnwikhq
yxjxpahol vvlfvdmif
kehimfnju pqhelxzgt
vphpzjyyy baksbpeqp
gpuizzqwu exczpidmu
wutjxmahr swejqplxf
vbtoclzcx biqezdqvf
btkvcrsoy rrvqvgjle
nfjocpgwk zulrwsuiy
jrcwejhpm cidijjycq
mteqedfjh djzvbswef
otcrvtkvm plazwtszn
nuxmhhwqm qbaybjyoj
cmsjdmyum pijtebtzy
urnjmehcw hcdbojfvz
sogqzuped iindqgkga
okdftzwsm vusgqokww
zdphgegpp ewnybkfot
nblpptzgq ancrohsjl
ghptxomuq uhcnirwku
wcfelyfbk xlbpksdeu
cgysezljf qqgfosdrp
xzgwwndvk hmloquzvy
anqjbwnur vsygszbjl
czjejvbni nnaezyaha
dkksmsqvl gjvbemvoi
qkekcmdia hyjeqmbne
iawrrtolu hlubzrwhb
cfrbeewel djzxsspse
