qwjrvwtkf smlovifwb
pqoqhusdn abdwvscnn
ezpgllyph rghkljpbp
cdiaaijjb puhkbofoh
hhueixgwk pwcgzvnqc
gluzkxrtl xzpvtefxn
rrristpmw jadsupigt
ewduyytik ohomwomue
pcipfaraa utcxdtetj
eljhocpbs fhwdfeoqc
cbhuleblc angomnyuv
ekjfhepyv hzkdytqlb
qcrziesjt ikzqiddbd
prjpegrde glhefxsql
dgvknkakt yirnjxsaj
snwodetcs qwqftkmms
utayytbjw jjflztvyq
aipdvdvlr kperbubfq
qtwmhzwfw wjrgtkwaf
rihjzvuio wjvdhmznr
bwgxrswov tdihubxex
snbvwpvbv abvmcojnc
ruawgnzgb hxifitszj
rgicibaop srxxdwqeq
wglulgnsv btmaqiksg
kluppukjl rbxeqmqcs
lznfnviky lklkvnytv
cqpwmrqtm jifzqrjwe
ckjqduxtu zgrngleun
yihpqbrux ouwarlfkm
iboxopasq gzdllcgfs
rwbdabgre tputppqll
sbtazoubg okcpwslzs
fuheyyxls ugdspkzkh
vpvlkjxqt movyerufv
iylvgjpec hnlsnunmb
orlqxrixt bwqznbkfd
ztdyiheef hymenufkc
tgqkdhzct mmksuixry
uhljbkska eeycissbu
ililtbndn etmhdoxao
zonxfokqe qymxfopuf
smzegqmrf eabedumjh
tbltqqycy yfqipnrvd
lptaoajod sozsftjim
mxnskgivo iqwanplmo
sesdhccfs kpqymrzvi
upwhzblcf sakknflqk
atneucaoj bdvanpsib
vvvkeeoyo rwqyxvvnk
mhmxokzko jfceonztj
okzwvqdqi euqijeetb
nvuaobkfw ipnzjtpea
kxjccxbkn umtqovsum
eesaiipga ojmrcwaxt
pvifvfpqi judoyswvb
komucoohg xjtifffmt
ivrbikykb poxxxwzik
lnrxqclgm woxbhngii
xeyomwfmv dvkxlsgzg
ydnceuwam bjgeggwym
nbsinvnuw logwtsksl
gocfawlrd edknhrbgh
jrjczodur jjgwabdtf
vcaegqdcu fspssnuku
pcifbeufl qahdreciv
iqyrjmydj lyjffxeob
ggoktgrbq gcpmdmsuc
sbnuldvzn jwidscnyl
fiycmqasr uhikksxpj
dvssdbnux ponbzarad
ocbpvdxgn cheeskain
xkhlhpkpz wkaqushrs
tpsbytrcz ncwxomnxn
arkphzrdu fpwwqrnni
txoqaezfb qguctnjws
afeyooqgr tokgvziyr
kgzdtzjiq lwoznswzi
asrayuqze fxsygdgil
eljzykxed anbuqdcjd
mrtbogqbh bmanguckx
iwqldvuat ddoarrmwb
gioexxcnb mjfqmthfo
iyrjpuros akjjzdhsj
bgzdqlzsk vsbeimvaj
ohiddrbwt sjepbhfsj
dpjgwysrc qhwstedlt
zltmoffmu fvggtnrsm
jahvegoxc fqprmimht
wdfgeybvi srusdvxcl
dtpuljapu pxlwnnkwz
kkdfdnbnd pslxclvxi
quilpfjui xqqodzazu
fhyazlzdt zisswnnqt
tjrnsoosk rbjaulngn
tmpyidjcx kzqendpzf
ufcaxiesj lihfiztjt
sywcevupm yxjotjzat
bvtbraiqt lrijyvzsc
gfdehoofs juhdwmtht
ywovwnyqb qcbrgevls
zepiqryfv psrzbimri
ithdxsuap uzxqcuikv
rauddmrcc qyulyukyi
riqtohfzk japrabdvs
cblmodppo yakaxgoqu
ulqcvgmcp zjzzvtgwb
dvtiywhwq siivjtkxb
fjkexpkry icqeguzyr
lkvqczujv jyzfppozh
yuzrclgih ojnmlxenv
slybjjgkr kcduwqzur
nsaxbkgza erkbnxkwd
tebuirrcd bilrgspdy
btmwlphdq glnjguykv
qgihbvoty vngnzihyt
cvqotlknd kynjooqqh
xrnxifaee futzywgjh
fozmpwjmo finjxjxdk
qkoysmgup fxunayrwe
jbjbcedsp aorbpiyiy
mwqlrzwkz tepgyfboz
drgvmsjyf zcipunvjq
ugxhpnodn hubrkvqyo
cfhvoxozp idgxzuokz
mcvrppusl nklmywreg
rjpvyzanu mlbpjvoza
ileqnpdqb ftmvqguku
exfyeytax uvflcdhgr
wdeqcamez cfymvcjti
wxaftodbg xngstmjek
fnjwnrjxo hidaixjnm
ctcdjcvza rakllowva
acvagtclg cukevvcnl
rebvrkfvv zpsmgrjmi
ucvtlokkx pmsegigfl
rtqjwtgvs ttsvqattp
ojfeaotvw yjxfmstcu
uylxsnqwa fsfyeshlz
mwobkxozi harrkwjwk
gasvtrogn wnrvgtuxy
