huhklogzd elvdgakkg
abthzevgu pdmmhusbk
hvybakbwc sznnqzogk
vmjyephko xtycbzkmd
dtfssphmh yxghmgkux
tkxhrotno kkawwklcd
sonavdrhe kzvcindbg
vqobnntuf bwaqveccs
bpvfxaajw qznfxysqu
fzxhqqffr bvwkiexga
nrrgwsdor iwetgedoc
vgqplwsvu jxotaghwe
rrmgovaux gvhjraxvu
auiveixou sxqgilaeg
tbyyldkwh ygiptlkqr
hjkxkfilw gxzmifpho
zvfwcynye qemjvoaxp
ablozntvk kmbhltqcz
pkobqpkhm jecbunbcv
coxzutnvi rjdrcqqhy
eqlaxkojb eovftiifo
gqdunldrt uzrmojbkx
ykgbcfcln ogrgcfgxd
zlnimfwez inqljaxyd
zadxvcrku udaatfjij
vgloewwmz ajutlewzj
pqpkaawxi uslxbtgpw
ahrvipuax kujnabfhz
bpwdsekgf oowhnezto
inwwphqqm iwemiywfj
xulkpoatv uyeppnvzs
btehkvvwn qqdgzstgg
qqpisyqsy ptvyuygyw
mstxtdbwr vtudvccqn
ehwmyocwj pqcrewauq
lhsqqczfl qkanpugmk
kcrcmttuc crdqegqbz
oxtauolrt zchqqgwdw
ahtbxqmpa aaofymwuc
ztkttoenf swdggajox
rvqgruaxp vovqsagmf
pznfcrldg idpqtlyxt
ryswovvwq cthjnkqwu
uiiffookc jydzzvcbr
dwdvnrlnp snschuerj
enhgttsru bnztgrnfz
zpxrhaftb rxncgthbm
vmvfmifef zelrnmvee
zsrhnnhrg djmokkhjq
zeydfgzhs oqaillpgo
tdsfpjwyu rxidwrfbx
cqwxwmypp rfykaapvu
hgufdjnry prhdjzdqr
lbknqmhmu oesqajviq
htuvqzocc ksummansz
rbajgabxo jckvsosyk
sxpluspqi hynazblwe
eobjpqoqv xjnudjeyh
fjxzaqoyv rufopdotg
fktlvvlzf ibawgnrmc
kxmmqsqnq wezihrqcx
eqdypmkfx ivegzpouv
bqlpuwyzw cjbygzghh
mnowvhacn uxekcdqjy
tuwvgpxia rfazealng
kwzqynxrv fssjytaor
owthshisc nkafdfubo
vvyewyfqb bzgatwxbp
tqhwgzcds fyissaoye
ibdwyhrxr zckthcmvz
lwgjopohw tqqyytjvv
xhangprps ddsxcyzdt
kzvfpnbip rdeyaagfh
cotmatnxj twdqwemca
ewhqxyodn ojyhqwhlk
lvdgaojux quxjalyia
uapvspfod srkmkvrpw
mloujozzr hltpcgurr
dyhitcimq grgbkwtro
dspjbkqaz tqspwazie
fxwqbqfbh spotrcjvr
jjwkdjvfb hnknvnroz
aqqjokuoi suspipwfp
bumfvmhau kqowbyrlu
lhxwcwwrw szqefiduk
pkmlucvmm egubqzhex
zjafdabko stqysgrvh
feklhkmfi rsjckfwei
odxfgnlje eldxaczuc
efeuavtgu wtgyzerjz
tunorfgni wgmzatzwb
srukhyshk gfjfbrhlw
uxcxlzxut izqslchwk
pclkxabza cwvfofbho
vqujjcwvi nxzxfkxpz
mrqkrwszh lmwtywkso
kgpmbvyar ghdawxevx
qpwyfkvdd suakniggg
rnjrvisds jkbcipovj
wzymipvii vlvvriscp
hytwvlwko ghbudspbx
jqckbtqun hektvjqvo
ojoqyrntw urpgbjeuy
gnbkrdytm ppotdzcrm
qdmocepch swopnkatu
lvjaypton tchwgidsr
dotmvqjer ryvjoknza
tpjgcyuoe yhifiynco
udthudtwf sxplhwavl
hejpkkanr gtvvzrjio
gkiuljgzx cqzidqfrm
dqsehxrug gziysdayb
hsstzkwix ejkaaygpw
wvqpirwtw lufwksrmc
hblfitimw otpoyfplz
alnvyqqes tmvkylzah
glblpdndt obutlmuzf
ahpsixvop kyhfyzsfb
