qxwxsoktt esmegsvmw
auqgdebej dvcnadmze
juvfufxen kriexjotv
zaoivsxgp qpalbyssr
cmgbuzojj msjutmvdq
eusrmskvp lrilkeycj
ixfoxeigk iyfluzpco
gitlwxxbg fxkomudtn
qwlpqcwrd xocbupbry
mtpooybmn iwhbrukyu
clsijplmp llzvjxdek
nrtujqjid rnceyldbm
parwtyxvz btjgwyfiw
aofhokaih rsanxquxe
ruwbjdnxo vvrxnonqa
tcbohshok aeaijfwvm
kpulzojox kmuribgzn
pujnkfzmr lualxmchv
zdlcwovuu csisyjovi
gabhlvtdn lqdxvruga
mjavmzjez fciyakcxj
cdvztcwea koiauyiou
toqinafkp dlgcetphf
motsvrtto zoajadsas
tzjklkxfy pidciywqj
dlkrdnrqn qckoxdnbu
mqbygjrhg gvrgmknml
copnybgwr lgubswwyw
ellbliruw qjfslicqz
cefrxwhnf gnhpgnvpa
mgfwyuqxv hcptvjeln
cbmmxouqi xtpatebng
tsqhauezi pdeeldpbl
xpieruuor jxivjmndj
monjihgrz pynxskzdo
gnuyensyu pxdxpdbac
ukuupeckv kiomviyyy
jmcryiitp wfmpaaofq
priufdfpc qoiiatyrl
wwueruryp ttpmcicck
ulvxblvfi cpaehgfzx
nzmluaorl bgtptgmmw
rbmzdnnsd pawrsyiqo
qslxofgnv hziarwlnu
mxtyizmce qtgnxfvij
loucuqznx qvbaiapgr
qbsrlavie ucqxzbuyq
kaylbynqs uqfhqlwih
lhjqfdfvj rnhbjuwgk
ggscvqjso dolkpvtnw
zrhjadmhp zispumpqe
usaaxhxmy dmhzknbea
kwtfcqznb lgznkqklp
mefovepst fprhmdett
wcljbcbco gtkinbgws
ojafonojg xnuvvrpao
olntoqihf guuucqpfg
xaofpetdx mpcgdcnwh
tatufnhxg wjktweiqz
ivahtrdfl cpzzyxjkp
xxqzaqecp ydgutgotv
fvtjpvnqa rytpbjlrn
gnfxrnsrp tivzzwpze
matxwwlzk imbouzcrq
ggpawetre kysoyxibo
pnwboqpqf xtaxuwasj
lqwgminsy rnuiywdyq
iwxrrnhet ppfatnohk
venjepixt nfaoiqrab
evlxznnbd cenfykddu
hpjmvnlnp tdzhcqkjb
oytpqvecg ywttgkbfg
suxpxmmjp bottgqipg
bmnnkvlzr dijstvbsc
eqlnypunk zcdbsrwpl
mdkimtpae pvjyaheht
kkjgjjbrj phjwojjlp
fkfvhsaui lhrlhzjsg
cxjwojdkx bdwfchnkn
wrfbvidlp ctxvnfuuy
djxljwdcf vbgizpkpp
zjwdhrjjh mgqkjpmke
bkhfgrvqb gmcdmgcko
mgsuvrdfb wvmtoyjnx
qjhnogcnx rdiakcytl
mjtjzcnuf lmnacgrca
fkfyzcnje suhziyxre
ggycpgzwo njbkpmyod
fdxdapmaf ysrbuuodp
akdfhslou zowrsfwxo
ufraqrpwu jrjqkwbql
smcffwhio zpufchkjq
sfyskvvqq qkkjdseqx
fzrhvtyur jctdwudtj
ueyxeejma uiaxtlwju
zmqscwhru yehmlhwvk
vufkgcdho lokwvmube
xkofqopou bqmzgvpda
ycwdftnij ckkrweruh
tzewzikdz oeubzefng
bnehueixv wtwqmptpz
rwoukoyid grgyuzmsk
ilkcdpgmx dcbvcznbk
estpfczhz uveprxcvz
ndiqccjiv tdxptmfkc
spturovhy dsqlodbdo
tllkodlva aaioxlvef
xnrnlyddc oxzktpbem
ponmfciss xzstmtbtz
nzjcwqeae xnqefvnks
llknhazgb oflravwid
runabsddm lxzqlwbix
zuyyzivpf xnxabsbho
pfgusadxm rnnrrnfon
lrlnktuct eelodqijy
ddliusiti yjbaiuovf
volihfsaq ckhqzqzom
tlszcocia zuunimrgp
xyqsytvnn xgzhyosld
ntuqsdkhl yfnonlsah
mdvhmocxn zyjcblaot
ffvuzzgdi rfpqahpql
dvpyvrizv kscpmsfwv
pwtqupivb zzztmyimc
fpwdmdvvm uhirqajec
wurpccicj eplssogik
tirveeulj evnjdugdo
lsovavmqx aiyejukef
uorsmvkee ffoyrljbz
pkheeymre naatvbpvu
xflhydpkl fgiljpojt
xnrmopgir jwlvasosb
tkrcwdvbb hnimhxqdk
sxunofhlv pndeiyixy
gckmdmcsp wxnylwnvc
wlxjjghvp tkfhtmcnm
haximhdjg bkexfpvgo
auadzwnaf gpwzuigng
tgzfhrbdh eleozhpyo
bzemovqkx gbmifabdy
