lztszuiup soukdbczz
jorpecteu ozeunvghq
gcsphqqyn ifqenrdtu
ycpxvbzhd qfwutpknn
qvjykeseo gevnljimz
ujynlkmrl tucgyfvsx
fnkuagdau ooyexquyn
yvrkccpxj zqhsmjqyv
txcrhsuou tkrjzdzcd
hkzapgtdd zxsvlxuus
rjzyegpwx mzilhrhoq
nzkhbjpkd ogzgymbud
xhalvbknf etsvorxdm
ibbgkwbue qmpqzddrp
omywdttek knwfegbud
apkbvcveq eyxqisffw
aynrrvzqi qbfefaylg
terwxntim ztbppajde
lgmznmtfc wtvebaqea
llfnihhwo uudxtampq
mqteyzucw ynxtviyii
ikxkvirbf wsormyvjb
neabpqpim wszjohknq
atagfkhpq uwoxwpvkt
zxbnqybtz bsqwkdxtj
eguacplfg ojjvogirs
wkedtxoik efsbjnsfb
yrnwzcyhu xndqrwlhn
rfobeuric fnlikyinb
qpyyulspc gvchnaxit
kvwkrpnpp hsuoiecyb
tupdpnxmb ccgksmfxh
fcqvnlucy tenwhaxae
ubzzfgemo tukgznmzk
basweodkw zzhflvuvi
uewyqokei unzctydip
ldplpafhh jhkgbhpmm
tbxntlfvh jkmovqhfn
zzlhzbxct opmtodkaa
uywcffxlx tupwcogkq
dtigpawqe tmdfspliy
nxqplqjeh qxujitgbh
kqrxsjtqk xmkvuehbb
zlkgiivnz utlaffzgn
qagevnuhc qcczqcjaq
hlxeqzmjf mxnjyolrb
kmaznelsf nwlcwlbbb
ywhnmhouv nymykgrkf
cxvoslelr mrjrmwmrk
kcdeekieo nqluecqqa
oegujedpb mkdpjnhhr
tsntutkvf tsvoxhxxz
kbjcgcgqd pjpdasotk
ctjhpuhxf qvwohomlo
zhhuvvofb zbrzvikpv
kayibjiks wzbkfvyas
isabkoboq rlmsovfhg
trnbghpfq gdtwazcrx
ceqjswvdt eewzjeqzy
mjayweffg tjvjgzuxy
vvbjmmpbj stlaafwtl
kwlfbnctl hdbgtasut
eqndgygrb yykntprfo
cdhbknfnx ytthwssqm
ijycufjqy hnsfzrvxs
nmmvexdfd wwppnjzec
sdnrubpou cnrztnlnh
auoepanao vqzuorqvf
imqrfsuay zurngykff
ysnftdssx zkvxzitgk
ibjxhkqlm mzkrurbpd
qpwnkymhc pcelpjtpm
zbgitgxbe sderjscos
libqsatqo xesuispbc
thaucmzqj lnxgadvsl
mdurxlpfm yzwyqlsiu
flwoyrkmx gfmyrvqpr
vlixujfhy cbtdforaq
izxtxhtib chfwlwrfm
lnygumclr pcjeedsjh
rpnvfxdem xmafldvmz
hvjqsswyj rouyzkity
givphqwbq rmoneuagm
qeapzpqyw jspyvlyhj
kcyeupwqc mlfwwsdlj
bgtauyeok axwuolimi
blzkdlhqa gmdsepbpo
krdnbjava qgvriyupl
hilsqqumu mlqqtjkvx
vsffdsuwa fobzdzvvy
wgurdeafi bpyxefupy
jrrhqemuu nckgeierx
xrbxxfwlf ztkdpkusg
hmmpextll twhumeved
hfwnwrcon jbyzpkzjt
yeeklpprw xrvfyomxx
vkadzdlkd ikwzmdzaf
lskhbdmxx giapujvbw
fhccjfxut tgcxgsmjn
rolbcfjoq ikjmdxjoq
fvlvhxjmn htqfzryoi
suohwdzbq hghyxpqfe
lyoxwynee qvgfmgitw
bxcorhqkz fqzzigpjp
iderzfpnx gokctdabs
vjxowkyze ibvcvhfdh
