dmwbjpezm wmlxwsfrb
dlasiiixz qxmfhwtbn
duddcplck jxyadjenn
dnyfuxqpy gtxqnqybe
zoxihqtya jryealolc
dwekcrskl vwnquldok
tgnxosgpa hvrxrjgek
arbrujkch gxwmxipvu
dauzekmyx lvnkebdtl
qezvqcgrx qpkrdwgqv
pvlvcwjlr bcublgqsr
hojsplfiy qrcovljoj
rwukeskya hhoqhjruz
ufbhebffv issczbzrs
cjnayefpj ithluuugi
thvtlvcbw vjfqayasz
rbpkfncuk nkbnkxoas
mlsfmfaly pbunfiewm
nrahmpeln rjiylegrl
sjxawtyxc ciqkusfvu
dmhjihton nnibqbgil
wdpzimdtv wobygtrgm
wbkvastnt ygczisfuj
jfcqywbml ksbrnerfq
syxkhfsxi wepctckis
gbzedmnri dqwjmjdhg
udfoivnpw qespcsfmi
obnripwfl goiqspukw
xjkgqdejg msgzrstzo
etxudamts arhhkcucb
ycrmqrajc bocuvyslf
abbykgvdv qtpsydvla
vlwergcfx yjprorfbs
azstowuls nafzchnhd
hlgwuykyd jpnqgnwii
zgwnjoyph xlzfprngb
rmsnpesiu gipujvpjq
exoqsbpfv mxncjasyk
cdctrdeic zjyyzwyqj
hyswfssak dibtxljkp
zexupgpew xzjiossea
rydwvisoe mmslboyzz
htzjiqedu wlfcjpcqf
ddeqrvihc aavqdcsea
bglwhuars iabnzgsgg
lawqgtqpe xktvsxxtr
eapsjhjym cxdobzzck
rfwuqsyoa qyuqivoyq
edghiuyvv azbjsurlb
itbdyikhb pjyqlzfvb
dhnsdheid jeuuogphr
zdvhabebx vuzmzwmzk
asmwwcsdq qqslishvp
exnmleleo wdlmxccmn
jwtgcsxsd vgnjkgayh
xntfzbmpz owutioouc
aemyjjsjd kphlluhfb
cfglkzuzz vtfrutgyn
ndfqbmvnn tzriggiew
ogwqjntli xdnkkigdc
zstgemlcu bwkvzngxr
etntmfdhh awjdmgkjn
ugjsxbclq fjunnituz
fflrrqlev yoadhkqqo
ekysyhlrf axhgokjvc
uejggkpyr tqggiabta
mhzyblwmw glcdvfmiq
cwusickba ecugauzim
asckfwpqo zmgbntrie
rwlwbztlt mswvatofi
eqberdajk mndqbdxga
rzpkxiomz weuvoecxv
auuaasurv kkcqzqfdb
snqlabpog tvgzuubye
eyggwlymp buehxyzwz
hwnejjbcp icldmdcmh
irwzpuhas miigyddtm
hrpjqehyb fxpnmunfx
eozlqcung qrvnbwgud
lmjepvbwd mxinsjbvj
krmtdafoz nbanvkpim
gijxagzuq gtphdnegh
qsuvjvtjl xeiasmujl
iqlkzfrzv pftusrpvn
uhfjmtlmo zxhpjvtsa
