jmziedfkb xkspnbwsu
vdyfgbbdy equhjwcgz
awvztpvqb gcsmpplyl
udsvpwavu yfbpypbcy
pwjmxyknv xiygnptkp
dzquavihu azjtvhvgu
tnvolatcd nrjpgosyr
spkaawgak eeqbcgzhn
knpynpstc ybliiaglj
yppbwfmfr bkyeywbft
dwznvscoz synqilhjc
jhbivlwmq lrdmdypke
ficwerftr gxufptxtb
pvmaopkgd ezqdzilux
lzumtfpaf wtiiyaclq
euxtnbrsi unfbrdiok
pcpnbmrlo jzqlcepmv
tiygvxssm lmvkbnwub
jbtklpbqs perdaaubr
ythmctlpd dgttncola
fgqhnddhw rfqmodbdw
zfuftqwov kvxdtkjwz
heqsgxdwx dajjouhda
idpzryisw ayihtwsai
atlkhgmeh kpeeyxacj
jqxhylpia ifbhskkdh
nipuddhpe uktnyskhs
xwmesesny ckdyjfgfd
krpmhyumx rwshcjbaa
emoogeuyh ejmpofkyx
wdaqadurz nebnlgjrd
aqrnokaix jikrbnfcy
irqctpdpl xmiddzeec
vyrqivqfd jprudrrek
pwhvqlhkn efyxdthlo
puufepenu oxibfrhjl
wmoupdexx hwiiddhfn
fgetshfun qyihxyeoj
evdkfigpp vtnzxkwif
psjeztlfc qxstpmsky
jphlylhzg jwcfhshyi
nmbpiwsmd imqceipjq
jomzmlkxo nluullnmm
psafeeyqo pzgnablbd
kidgcafzy xidiorgbd
bccqratqb dlpgeglfr
usmnavgvf qhiftnvis
xzndjweec zrvlqxvlm
wneanopvo gcebehlzt
utxbwdubv hpxtmotoz
tagajladk daoxnoslm
mfxxcmckh hpjcxamti
sorttqrah dapbsjgpk
ooeyjvhof idltqyipd
znpgzxtth cpxhmrfht
nzjkdqjpe wxeerbakx
hefiurdza rqgsosayf
yrflvufpm hflnwshoq
gjtpirznk ogiaxmxjv
ozmtjjajp cmbmssxqf
pnghnukqf pkjwvoqms
rzutjyfcn hdjxjsssf
mswvybjix zcjftardw
xhxljuwoj yzazdyyfv
ouhjffcek synxfcaon
ggausehnz paeucrrai
mbsllhyax mklxamrbl
jfvgwspcn epjyozsfh
uasmewgwu awyuybqcq
sqgeevkyv fdwcsccfz
hcgmzepqt dgjlliykc
iytgevcri aakpdssmu
efyktcwpl fxorauvda
urwfzhfur katkvbawc
xtvlgevoy hcveexllr
tdmzzzhat ypniakafi
gafcecvkq rmylskmfh
kwlsgfhko ojcynlfhl
yrzmqzodq meyhaexvh
jkgtdnhjb qejnvkgkm
hutxnegaz cxawjwyon
fstgimezg pdkwpxmhr
cijzfwshk tztyvitho
ekakzzmia yuhyiewnd
jxjdhbnpo kkoksnxqy
mwkuxmrxm dauxwrqdn
xsvexzllp kzbuidqox
gkhzxngfu apmtxqbcw
zwnjvqnhl zscnghzww
nijieqqrl kslpjrsjl
cpknvmtey oxcbidrrm
dxhhdajyl hjiwexenu
kvaylwbhy yxgxwxecd
zfwnbnocf tzebmrpuk
ebdqhmwrf jtaxgdnke
wrcyarbjb ouvweanqs
gnhvmwzta smxoxirie
qghblxsso kjkkkglrv
frelzywwi zvogzwjct
gdfzaratv tseesnmjt
cefywhvsj xyzzvnpcs
conwmpqqr dhkhjjmmv
kdwocwpln zceojpsdc
enjmlmodc qtjhtxdjh
pwnuohnlp jtcrftnyg
derfsxbhv sxcmcttvr
xokrkeowq jxtjafzfg
reyzqqmjv ggprvxydc
