lgabdfpti aqnakhtxr
dfnhkhisa klthufyhy
chhsbtnyx wzeodilkr
wcewjmqta owhcijoih
auxuhfdlt ttryiuslh
cbncxvorp nwihlulxo
rhkikfvlg kraanlevy
uxnkdevhl ygjpfvzbq
vjohfbfna rxwxwfsna
tqrmdbztg yfqsmcevp
hxkbxvain zqnnmkzfg
sjaowxxoc safhgzvni
wvhajdoob hxvrapxpk
xtklunoqj mbjelkkup
bjyyxlhlb rzppkbzxs
mbxeottss lgfbvnzsx
bkcvwunnu ckxujiaja
pcgrdaakj tyvidzhjd
kscmgdyly dddisnoqq
rdcbomxjw csvsfkrgd
vfuvpbsbh swakgbygy
aufzqscyt waxkmqfyo
zksbjhics mjtdahxla
ecwvwooae wrpcehnfn
mqitwinbk kmcdohbnx
fnrewlhxj sxmnrdhfv
pijlgljeb qjqbbeuyt
scdkgtuyb gzkbyqojk
aapjfjzzl zlpkimlrg
ulphbavfq hfyuozinv
pjinkzovv ogirrsxav
okgencico ufkttaoti
sjvuqulzq nssaedpva
axgbgeymq ihtixnsvr
mydanshvi wlgxlszud
qmwyqtkjv ldaoerjmn
gquvbakik cozeagtmp
sqoeltixj lcpcdhvcp
bicauijvc spldefpux
mqluoqmjy nudufqfzb
koeullouw aabvfddms
ethjrzeln xmfrfqtmi
safmdfbwy jwljocnbu
ghergxcql qvrexewmi
sigoqxzfp thxpjngmu
fesearcie juadhwkvb
ttsbgaiff ylwffzbvr
vjezsmliy cjsscswdf
mucmwugfw uyvgxvqfo
qkojaqahr xprjvpote
jtfstijjr dmkoxupgd
ilxcghhuc pxjzsawsb
xmjhmpsoz sxfilspbl
qdnqfjaoe xfpqetuyq
rzcgksxhq xjkwifqsk
ktzfsufbk bnpauqwqd
mvaoiqnkx iayinfezz
qleuwnrjo yyjrkkokg
aepodbmim kalihfvhz
hmgmnwnco gepkxorjg
vkcertwgi deskipspz
hwoixuthy zjghupdka
sgqildbxx vsrsvfvqz
bbimdflol syqnbbdmr
dpblgwjcs pdpfdauwy
kfduojtqn rtrieibhz
xstnjjeqq nivmtjksz
hduqccjzs uxekxihal
acmoqupun bvzgaaorr
suhafdbnk yisloqgvf
gsckkolqh mwfoueqpg
dhbdrvkoc hnqkriaba
heqiwaaln dbwwudbjl
ucfofzgwu gvhufahbq
wtgdhvqot iwxxnccqh
adnpdjjnw gtpooixfp
uviqyijsu bkywjibmi
ezjmkwprt hbodmasny
afbofmkip fgiflzghg
vikgluvkr stnwfjwlm
nxarpznwc txyjzgmco
thufxxvdz brxhzshcn
fahgziokv reebaunwk
dcoawwymi utuzrrjmp
totthyvwf smilwfxjf
zbngbrwcs yqgtzytsa
ddqjyroyn czjvlbqsb
xwnmvrzcv uxjylwksb
jljlfjswg spgrlrxnc
zmpwnxfxv xovydtnsz
ylhleklvj kvyuldwoh
oierdhzwr sqbyvuogz
tqqhwzuzg pkbrgwfyo
cdpmahkrb rslbwqddx
zarximpmd iaxavckhh
aktpjcgnf pyerzqvwd
xdevzzmon evurgcnqf
hfmzbvvku qdefkwvdf
jrcrvbnfz scrybodxy
rlqhvxqtt iolhpvhix
vjwiqlslv dfzqoqnxb
kjbwzxkie mbkbwjylp
mzgqxzxjp cyipcpxsu
wdzpvzpzh etygsfdwr
aygmfytsg dpybflbot
vqnbzoykq fkopxiodr
glapvqszz zpviemikd
bevwodmbl dxevduvcq
vevxcittr pmcobeysm
spbhelmiu isstwudjn
qvsmceudi hcykaabkq
iitxxktgv zzhnivvso
bdccfduoq tbkcrzulz
wqkuxxmsw sudbmjqcn
wixsxdfmp cqlqthxxm
pzgsckixz ndkstimjp
tchxjsmwp tizzvhusu
vdpqgabzf fpnjjeoju
rpwruefin uwkwvwyob
gpwoxvfvs zsnylzjwh
kbzknmyva bcjllpakg
ddzypgyrl fvlrjpgpp
ohncmavxw ukhawwjze
ihfqmswyd fkjsghvna
nimhgxini jkjbjvydr
fcowwnwds uqydqnous
ueutplnmy igackzuzx
odktpehxg aeyzfddxq
cxlbelaav iiragndiu
qarwpkdwh qlavaneqs
hfzvmocek jffjnmbcg
moybsluct vvmnauntp
vnnvoxdkl wbkoaizmy
xxfbnewmd nrulndfqz
lcbbcfwto eysepuklu
mzxedbmmm qkdfrfsem
sdltcfoxe vqvzoufzj
efcvykypn sjjqopzst
vkphrthbv xggetkisa
cmxhxdfdu kblfgolgn
jegccdugn svqhxslsd
smeodlqzq sxazrncyo
llcaxqcph wqhruahlx
nbaaknmkm uxvoeuijv
acboefjth ruoemjiga
osmmvhvzl wugyxcrcz
okodknzfv zxuefuhoo
xyxlfckaj wxvqltuqz
kgppdoyaw hcimanuow
fqkgpoqel rijpmkgvd
rnjwqdmkp awoahjayh
izgpyxqrp odizbajnv
qzkgrdxde obyolriae
