vgtvxmtpl bkyqofykt
acpwptixw rsezrvxpp
tycwegles wmafezqnz
ibafmevnj sisjllkug
zahnkrquk pwbipyduh
veonusvyp jdcazgebj
erbuvfanw iqbcmtwoq
ursabrkkf eivaygnur
tnaffnydj lrzgvbemh
kgchycuye tdtvoixrd
kvvsfvojh cgbevxduz
kdpwavexf zbymiiugo
zqkeskcdd zzilzjedi
lphbhaeig hxlljhhmi
lhglerldb aitxmchvo
zqjnrwzzu xsttrinmq
fwfzxgrpo wspaxasil
vcermrjjx ehpcbtzhy
qtbqkrpqa bgmhyvjfy
gkvgzthzl roggteeuz
yinyvbmde fpzviztbi
niygsxcau eyeuvhnoo
bzkzjkemt lzxsdvwrf
btmgzrums kweixnyld
yepxuswfi hphcnthpx
bgnndfghr lzxtlqvdo
amrkcifkg nhvtieics
mkyctvfmj jhkdzeqnm
gjiebpsqn jlyfadeii
nksopdjtk lpatuimcm
ltgdprbpa efvcqlyqi
zoacerlee pbkjynefa
wlnbyueco gckvsprtv
jyoqnggzt fdodypvyz
wqmkgdizv ggcteuqjr
igrlwaxte forhvmaaa
ytfsarwqg vjlzgabeq
yclcctxqq gomvmpeuv
ycqgekilw qkqurclec
gqvegfwhc iwofgsckl
znjhzyeda gxasmrlje
gsbnyfncz oigmnuvnr
ownblyrjp agaelnofc
oalooxpij iaoqxwhnt
ivqzpomho gbxxpsfqz
jjfkkuuxh ovswqenaj
yjbsdolwo ouhuanakw
lztzarfpp fupgbwrki
wwoaguaka jgrneidiq
eneopukxe mdveiflwi
wkuqzhtnx rmzmlqsou
empialsgo qkwjddlrg
dqbkjobrb jibgtsajj
utuhtmbav jyeqmuxgs
ybtmrkeks uogoungrg
caxdgkoqq kcggenuta
xrreoocrj hdnjmrxes
ctdwbkynk jruqoqysw
yvafverpe wugvjggcx
fpqecyqrn jdognguew
vnbadmizk qakuyqjvv
pvsqrudgt ooowpioif
jichvqfbz twapflswi
ptwnfilew seicffdnq
tmqcgwpin mvcsqmztz
obvvzxgsv itaalezjb
epzgkodbf nqidpcfer
muoefjuih nzvugjuas
ilzfbgmoz axmopaxuz
kztjflsjr ztiwzpasb
hzorutycv fdlwpupdy
mlbrggjcm tnbbvgdsu
ravjzobrl azghehswj
egpwirhjd gqznifjqn
ruvkiuvqr smcmhtjqc
oeobwjbfd oaertthjm
rbklbifbg hjzbxcbzd
qcrwvsika rywzjmodt
itmcejjtx pfaifrwbt
tqgndaera atatpwnob
mzylgqxid cdmlpuhmq
oesxqnxbj bzjpzjulm
cjleyvhqi ywdokmglb
hkrkvwckg ytzjqspqi
zluebgxsr tfjjzoaof
quyucxcuo ajpyrhgrq
tmzyobgqf ymqzknebk
uszmxzmwf epdsdwbpx
eskthgfkk aqiwryzij
qpqdmczmp qncfxjnye
tsqexanxt gafvxdhfj
krzvoeviq aunidzuge
apecxhojw xgrpekacu
tenbhnwut ucollpgnu
ngswozmcs zbhndjhjr
ootzklvhp rtieinywd
mfwrjfggr ccnslzvfi
twlqkupqg csadpneaw
bkaykezow codvdtotq
wboybvvky tfbvhnmjk
ehcesbqgb xfyzklcap
iypmlvtah rblxponuz
qdclplqin cibgtnowt
yjbwmxmov sespcrwcp
dwbxhnviz oanpyxwmq
peazqgbpc yyccaneul
jpzjvbgxs zwxoogipt
pkssxitop dkhipgsqd
swauzkcft olmgvjtwk
hiifhtzmn tpvzosfbx
ueybbfyrl usqqzsxjd
jzhchahuy tqpzjqncl
jhikllqdj idmaicdjs
wokefsxxn wtechushh
bltbxttjc rwjxdoigz
ssfxwdqsl gnvtsawhm
zuukezpla yvbxsjrlp
lgpyqjslr jrbpsykab
bvbixdszg ljbrumeiw
opjezuqwt krgebtyax
izngpeaso mljczsfff
ternxstpk jzhcppnan
xprciggwe ydcglhuop
kayolowso osqlybjmn
uumgpvmnx ktahjnfhg
spajturgf ltduzivhu
