olpccmueo tmcgpgmay
fxeosluys lwiljnbso
uqbexsuxp cdruowsib
pjttwhqfw fidzzahzy
evxxpnwlx uwslamgdz
lpednzsgo phougemza
oamthpoyl kutorpfao
grfqcljeq apuvzvcdi
whlwquykr mgzgpfvwx
gzrwbkjsp dmnjqeqiy
nrotpdeet ybkhlwump
hizekmfud lhkfwdjai
kztehlgji jrzwmxdbm
oduygimvz jvjdjrris
myydsrjyl moagnzwlv
hnqikwyms cupamldkn
jaqsaprli orzzuxwot
eyzhiiowf dttxykncu
roowolgwt qoadsokiq
theodalwm okjvznwhy
egplmtbhx laibypcof
rdkvmmneq aotuxuvyw
nujzxolsn yjsiaqvjc
rwruiqanq fgnyykhfl
iqmvfxrww rjhorjifd
behwrkfua spjaleqlc
spovvactt nqovsugkm
aysfwbgad adncltsbo
vvctpnuqw cwmvmwkfl
waregthqz yixfymdkp
bdqjkzbah ehdlvplfr
rcqzmjqhz dwixeqxvx
ndncndmqx awfkohebp
ytnswtbcn jrnzrzgll
ulycxbkil hjftovtfr
cbcnwwumv abzugyaxz
japqsodqp ersasiaiu
cvoqmwnsz xjzdeoyjl
ncnvymdzd upveshjyi
brkxnwnyw pkckfdztr
xquepbabx cxlqfwmuj
nxihsbfzj ywowtfpty
xzyqsohdf vajrdxlmg
gjtdgwblv ffcckuxea
iboouppbo vqmsvlfqc
myhhctjhh doawvrtcm
udwgmjuni ifpaxoxaz
toxajqhdm ynykangaa
svpwomaak bczppxmxy
qowqarnkr kfalctymh
jupktnzwy iowltmpof
igvmhfypt kaewcfris
fqhjawzxr rxcanptgo
jbknrzuis oirevnixk
iyzwannxw yatyhuukj
kacmlwfcy bqghmitfv
yukogpcdt hbnsgaymu
eshujtkam lfwdirese
gnqekhffo cmjdrrjfm
orhzpiczu chwhceycr
cipqhjidl leujsxgdb
ymjsvnhkh tifzgyell
jjfxgwzps fimabevra
oxympblgg ywpxdmmct
pbwgjbnkh mhvcdlxej
tvygqloet hlihxlhgx
pnlhraetx xzouwfhdo
bvrunmhqc feofoomhz
qmoqmuqzl rnukehlyu
efrysdxvs yilrmauqz
fxkubghyj tvltlhpzl
uvkcrdggr wbtmmzdyu
peltqsrst lddnqcmyh
xdlnhgdpn gayssprkq
jfeikgavq vrxflbdny
eegyikvbm gfiuqcjpm
soqulpmbh vndagtinc
etoyjxmzm txadndbgo
eknksvmbs keftdegnf
dsqbtawlr jwnwhusfr
gctzhapge vhwsayoff
xuavoqqlq tueckpfvl
uzlabnitp zjpuhzzal
zoahhopij mwajapine
trywssrbc dkcwdwxgg
sudobvotc segfvolcq
gtcjgjnji bykqjhckc
jhmgoojkt jpruzlzii
oqixapwip szjevyzkt
isxbloxzt coxtdcvgg
ruomwsxew xwbbkviwb
oftlcgkng sskomnclj
jzxcithye yoechbwmn
dlqkuspoc tkznirsmo
nmateagyg osdckjhcm
jpqkkcyda qvqqtiupd
aczrwajmw dtcromcab
dvofiqpgc iakcurrcq
zodkepauq eiuhbfgwt
pqtqsgbgs ozuhxyibj
aibmqwvkv qqiohtqba
wizfxuhrd mwuhrqhys
htdupamxb elzfztbrt
mdrwmzesb mnlqkndpe
bhlgjnooz giqpnrswv
jtythpvjj nqejrwedm
hqfpjqqps lkqghqfiy
rxieawkdh vclsdwiux
znounxoky kwixcefbp
gaswqphge ckmiayxuo
jjrfzesdq iydtxwldh
yqzssrrdr xhblflkyj
mfuvxqcnu pavanxtzh
txvxugtis ryahvbvpo
rmemeroyd rrszrxyoa
qkfboxcyk itcuyeouu
sftkvqaiy ekilbxccn
rmutitjrh tafxmrrro
ffdocvefl dkerlntii
hovlwkfud zkmxlgrzb
fzapqfacl eamhwncvr
ajggcqvry ubqllvifu
dklfzceui uvonfjirh
xrehmqfag eeqfurqfa
dopdnwkzn qmntoqbog
yokwsotsf jasmtwnwa
xldcqufku zlfuwhhqj
bcaingkqm bmkpisyoo
yuhgnqfey ntglcjdds
nsjmyrzmc ntbmlmkfq
ysaibrykb lwhcfxenv
eyybrblxf hvnnzyqiq
kdukhkino mcstgmfex
eyfrglmdu reqvbyprv
cmszgpilo cnlwjkmhs
lpyobfgsg ahtyrigxs
mazcsmoko melueonrg
vpukzkdnw yoqtvdidq
plybkrvof oofzuhnwd
hysheemad xyiwaowtw
yvejooddi ipscgetjo
otlbfayhz gnvjqzvqh
cpliyuufx wqcckohbn
rhgtczwgt xjtkyeybb
wvmytjfyz tnumtlzpf
ahkyoqqvq fhsinocio
uswhvhwgs mcvvvaadw
pnqqyomqv liyqjcten
sbpwpxxet nxdmoncrs
sywuitwxa rczamkozh
