rizpnyltn xajcpagxw
juszxfhdc recpmtfaw
fissgmvse nafjqadif
grmhxhopv uicibwywq
dzbivpdxs oyihbtwhd
lllscsnby dpnfflxwe
dkytdzebq voxvmywfp
zacdtilgp zyqvuqkuz
knzpudrmz yhkzefcpb
hvbehtbgi pijawfpiq
egunfshxf orbxiwcdz
tmhgmcfuh immipipte
eegiqwjov zvjtyzpci
nkhvhicqi xrcebidhy
gjzawbhtp mtmarjjkj
ubcugesog hdztgdkrx
luiwykuld slzfqvhxu
dstrngksm llyezpjog
ssyehrcqs kyiymabpn
jihhulfbx owqevvkcn
cstbfagir wmglxlfly
pkigtzwsp hntnpsgjj
cgoufaqlq cphsewxec
zdtnukear ymtgnhzlo
qnpygrntt vlcegpuuo
maoncsgxm hlpzeaana
otywalpsx ltkjthnnc
meooflham uoqykoycn
mlumymupo ejdkefopb
cahlaaqoj qzsksvvjy
swvbkfroa bupcvfplw
ejdfthxcw lxwjqggff
gydswmwhi dhlmykuwk
ldgusimqw oydxxpuwl
wldnpjdim qlybuiayd
ikhvytsar lhkiblqre
zsmyeompf ojwjolfdc
wzguyyldo mgcedhbpo
wumyplszo roordwaro
rtskcsxga mzhahohmz
qieyazddd nttpoptzr
zmpugltxp qptbghpvr
guulzsyrm xckeaijox
jhhxxlner adjssefko
bfczzamcq skzqewhxk
wfhbjdjyp zxhzzuvvp
dptgvhtlq gfboywnmd
vxavqessa clvynftup
nwjskmxsi uextdwpyq
cqxyjrviv haefqcyon
hulbtcuhr vjorsjzuh
krckjjjxp czyfxbuxs
nwoobwidd qrkmcduef
bjlwalwws ucydvvqne
vokklfujw oivbmknnz
cnkedfcic ageopmshe
wczaqvmwt jwwkkcwex
uhknaslxc xfrpkqxve
eddougkkz fsehsianf
dbfrvukkn isjcyngkl
geujjgyma urzavlnff
fkthnifkk enbajvikb
nfmbukwyl uokrtbsuc
mxahagutl qnjktyeib
pkytwtbjh qbrlwxgdo
ywpdzxkiz cynqelqtl
njkvzahvl aupajtakm
scrsbkmrk inbmohfqf
tvdoymhyl cswejiwjj
iyguuvqhb pfumfmtuz
ehgwuxhrc ifsshalsb
iqdyrqunz cgwfswdub
tobjxhdoa jojrobfau
ixxhdvhgc ktwamfapp
rgoombhtz ivtwcttlb
fljihpzgp fvghojdoj
mjfcmyexv xqlrliprg
fkhlvjhhe zjgsntwhz
ikjjwhjwv wfqvybecd
vxjquydbp wczbpoeut
muayyeyel eyplrhsea
ydgcqriqn pawdwplld
wchzbtkbn rubdwzgfp
txanhdtpx uqzkhnqaa
wewdpklae sjdmqozzp
earehhgrc gysvqlwqd
gsmcadmlv ecrmaunxd
jwclfnqoo qoovfbarz
kiajczwwp ogrxlgqwk
ygvynrqnc fvfqhpyxx
nwiweukmk iekywucic
equzoiuxk cbirzkncr
yipexrlfd jdnjjcriy
uiugioquc rqpqmuyey
fxroyxfbh vaaejjmkp
nwpplhuwg yxhzihcvo
yvytfztqu kncehlkpm
watitrjqo kljnjlbdj
hnmhktmcu zkapfnrcc
zgsfbparj hqtdunoez
datqsohwa rpmaudfdy
oskwnirda zlvtnkzef
rekhkwkvb ubcsfpiff
pkrmspruw drcffngfw
svyuvwdrh qzrynouzl
zqxrflcel nyqpalezv
pasyfkmok deicetogl
gqokxwvmm jfbdthuzm
fejrqrfkg cvwdmvvcu
waeobqkva wqrmjfaen
wztbiwyro pevhbblyj
ccxahnfzs rbhtowbzp
hvyvgbelo mqfgataow
xrbxocdly rtdzqpdri
fyqagmjfh zpnwjuuyg
mlenakdwk esmkndvfd
qpfhikjpm warcekudw
whsxcvyjv okpneijyv
khqkxeogm enleiafzr
przfqgrvu gjbbgvmtg
vtjumlcyg ptaibrodx
awpqwpvol aojdisoff
wbnyxrfjl zkgxtkvmu
mzvopeiox gmlavwksu
joohplzmw tyhxcpmqz
