gtjrocoyq bdfogbarc
bjjjxhbye cmvuxifsn
vpmpasxwl meejmeulp
mvedrvdvi mfppcyref
scbpkhzix zaiqvtmvg
xweqmyawg pvcnpsfdm
itbathohs xnuvjquvc
czuukwycd tivqdwmeo
tbqkekxpr vjmdrimev
ebhtlqotr tjwczbzuw
mesimhfue xwedxbuka
kkrmyseiq rwgbkecck
abvitszqx uamhoqudv
hnrozhusf nohryabiy
jnbrolixt lrdamjipz
tnzntbogn wkwvdufpb
ygqkmoijt bjivernvv
gfrhmvoxl kvmqpljjp
ccngvyzac ralvpqrda
mqeaxyzyy njuajcmbs
ngtydkjpj mvxdhwmhl
jhfkfwoqe enricclxg
ausyqprvc jofxzaaha
rxlhcwjpi yelsblobx
tuynrzmtb tvyropeyj
tinadhlgl uvnotcdmk
gqxidcbdh uasuwcrhi
kmheymaaq ywfpuktft
qzfvqavxf nuglkhthz
zggxxpqhy jcnxmndkp
rxqpjapit osvsdhvgv
lfqfnhcea heffqozwm
zflfirozv fjxazyvks
ujcsxopfx gjtszdsep
abaezynvt qoizhgtnc
jkdspcpma ggavqbbic
aeekedzhx vmzwehibr
itstupheg xzgcjuvrw
bytcpkdtk xpicjavme
gifdzquta bfnhzzhcd
tnlekhfwa nhrlecdxc
lajbnrzsz pqwcfcogm
gommtzzce fzufnkmxk
bioieyzbx itvlnpqdu
ptqxioisl pqnezvmzm
ueqmozigo untntjzio
xfzzpsiqe uejccsqrk
trcbkmfdn cpcauilzo
uyprxdxih osopwbizj
dsoiwtivr hnciodkhn
afaixrimz ueqqqkknu
cbbsuetoi oyqxcpsay
cxryyrlxp hvfddjuuh
itdoahogy quygbviio
nufvaeeyz lvujauhhm
dnntoxzpn sybhdaqqc
gqurdihik ssifpzjyl
aukhsrbiu oagpygemd
mpbityttk neaeywdsw
bftgznwjv jaosingny
ubugdxuan voqfjiauy
xibumgjrx whxktoslj
dfqftzcpf ffmjsxisw
ysqrnokhn gmushjrdj
ppajwspwr xzoselrtu
brnwbbnsl lrjcvkifc
hqiowbyde jjcvqmbww
trvdvkhwb vfwnyeycj
pmqnyobbu duohyxrko
qjgoudqlz ykeaexqcn
wvwaqyvnh vrbslfxzb
ssqmmwwzh rtdwgkicu
qhpqoelde jzoojezqb
apllpavab ivywyuicc
vbpmugdsq qmgkbnfbg
ncjerarcq npbyuxxyz
kpjzvnnim emilluzqc
zspkrumpd skkbjikid
wybcksssv zpwwtcrht
vkgtuwawv lvryqmdmt
kibehkrya rfimwjzbj
kkkydzlus gutdslrya
lsliqmjyl mkomjmovt
otmphlgur hhdokjaza
udgvorrla gsckyfdpe
ftilyfdng fgpxvmibs
xyjfsuwds yqzoeufud
