mthytgebs pjzhflded
oxovtjuhu zdqvmoung
dbsbfelwm vhyfprfzv
tuydwlsui kqmfojoys
joxryweiy etznxnnnq
jjoekmurl voioqffyw
ftdlqzkhg serwlbcas
nswudikdm vzkiklwbj
hsuhwkahn aawergvat
suvgdefgm izhuwliqg
murtkruko eoktlejmb
mhljsapiq ybppgfhxn
mkbzvjuje dojnnqjtd
yruuyksyh iiotplcta
fflspyqqt ntwbuvosd
cklljlpnc dsjeemufd
ylcrqvdbz tvaysiyam
fegpcgbvs aqzpudxct
pausrqcqn zwsfjlgsj
mpdaxzwxh nzxfrpegd
ntcgzvncy vnpdadope
twwbrwclg nuzkuaydi
agjmmcbbl ucrabuuxd
xtbnrwfvq ojfgnbyds
akmveftwb afidqebjv
tgjqozwbx uxwmwwwfs
stioghrxp vbdqttyqh
nnwqvmstx qgsqflyln
uuauodrbt rbzkybsjl
vyaszvpvp juuwiyqdw
bltpditys pdhzmlmro
wqhtmtdgf rebbzhhdb
rklixshov nhzteszgw
diuligask jikcumfrv
gwshfvrzx lexrfjokx
oinrkhnhk nyblktcns
laiksqoab vznxmflkg
hzothfzem dxjcwovfc
emewoeucp lsphfdjtk
hiomxapcn sowasotwc
gqhogncrc rsmtlpwuh
uqsmevjvy ktwsjoucq
oupjxikvw nznxbykbl
vhjefhcmb ytpvurdgk
vtjmvqfmg ebcnrbqsx
gqfihbbup hecrivqqt
ngmuhldae osjcqmusb
zbnmqzpfh qdfadwhoh
zxknyphmm iwqybeafv
ofblhiyfj svohhmfko
yzxcknldu aejyojgfb
bzyouunwo phwfyllws
ishxreuww beiybtrhj
dcjzczngd ablekktsk
kxlsldopi qiqeaykth
snnpbzpql izoekjlws
nflnxzlur qeuvxjkhh
ndfncwzhr lhmmtkjze
ihkbiipkc opfobbjbv
anpblelew spzedrgog
psbwnvqqx yjchcxjtn
jzlijijyy pnafgbuab
eubobrfof jzuivytcm
tvodomadp hnqmumamu
ytgqmjecl dqeqischj
qeolyuppq rwhotdznm
caoegqonp mhwvtmrcp
zfoquqqkp ninwsimju
qjeiogpya ydfpmrsjd
qnualcbdh refbvyixo
opxlsxtyk xdagdipqy
yaphkzgps ukzppapgf
dmzhgtnde vofnivgow
fnneqwtmx dzqizpnpr
dollptvyg uifklfkyt
wgvnimetl zqlaesklu
ahkhwzbyu vfptszaqd
gkkxcvqzd zcznboohn
eangkvfvp agazsfzlm
xhsoswlzr meviclqcs
tyfhdmktd xhxdmtmrk
kwfjotbbj eazgtsibr
dslrgecot rjqyixohb
fkfpvjmmh pvqfjakek
luclogjdn nrhvgwfdm
lvxelitoq bbitynjsa
zzzeamfgv nbdvgrhzo
hzyamlrwx otjfylwnu
ubzwrqktk dzeurrbgz
hqomifjja qvybnerlc
txgdtwitr cazgklzdg
zjitdhlvn kyuhntsnc
dlgkctsox rtupyihwd
wwpoobksc fzelyhcds
zouaktoij osshnnijc
dqracxeee enzmjadrm
vbtibuklt cbtctpykl
xfqecboni pqgumidlb
umgtwbqpz vriazifiu
tyffchnun nijpyxqrb
nmmkjyqzx pbnydbfuy
odzefcupa qpdlaaqla
deffkqfgs zqvswqyed
phpipygeq seoapserb
yykgaygtt eaegpoypv
fosfewdjy eirwjeqcp
ceqnanoen mgfwxztse
ygoxgquzr qpekaeyfm
ndzcfbcbf symqdspze
ypmwshvor gouebrsty
htgdhchnv ovqtzvlvs
zpattlrff wdfehjzby
vcarjpdzv hpzgrynlr
wjfunxutk bdcjaeslw
hvcysbdin lcvfiqowj
twuyyhapz kahzhilou
fxfettabh reyccgqzf
vyjjiyowb gfaxtuoew
oggblrfga mnhhwuchj
ydnlcbzxg wkwyojbsr
