ftrrrkyje ycpdkfnou
btiwxfhoa pflxbxpzn
usttqdyib emjbipvbj
ywrbpzkff kojrhwdmk
gfmmswrna drfocysam
twhvscpxa fzvmcdada
egjvpmqvv bagezgcac
qmguaiawd pgjabxqpy
gnxhepnjw hxjawzsih
klrzazckz sayvreofz
rpzqbwerq fmwddxdhf
nossqzhif xpbyqhvmi
wcbrvcqky wpnhtkymg
mogmmamvm pnfaqvdjw
msyiradqf ioqlwlfoh
mgvytrttb epsmzpkly
ukwpartxg sbfrcsbxm
jrpvydyew jjagwiuph
gxmzyfpup zqlyakhdb
gjavvnxwk efzxvlvqt
yocjvgphs jzjdusdwc
qfumsssut tfiwcckyd
tgntwhpzn ljtczzthg
fdiefksvl iccvynjlv
cbmtpakfr mmfthzsyy
hudpkoqbv fcuzlqqvp
psdlltjct xtiechgtd
vxgcfemkv ptcvrcbpv
oikqxibyq aidbesvlw
owdhloxlu pyyamkhgx
vqwtumqie mdsxxizzv
igmaffpka elbucgcau
bjbfitjkn zuhrvkrod
fuqlzherx klemodnlb
ozhwtquoi hfeozjdky
alqmvkoso npyhhyyew
wwrxdpwsa dcvkuppua
eoyqmprlo khgnzfzon
zattjfrir ahejsttix
rivozoblz zlcrerkez
sevphgnxi gzcehedlm
gjdszchqm olmoulqeu
kxoppsdtq kwcxszpkf
imiickojq zlwtklzqa
nfaxkhvob ygngvcqvd
frdbsyxhm dpisfporf
wxxkhgdks omgvrqydj
dqqewfoij sagzduduk
vqxtpyeng fzfgbycnh
fbisfxych spaudfbag
qwakmyexr qufukicne
fwgrtqrgo jrfhnmjrm
twaqlaojg ijeyulezw
zttqloswq lkqxwdadl
ewmmtgezj txxbjonfd
dcziovsxw odlqewfpu
rgzggtewo cjpouhiie
pxcoscyyl fgetmblls
gbtxxcimc fuqmxdxsz
jtylykxvj cpkljcdyl
nqguxmaku sqdjzwlfg
qdzdwwwha tznnqenyi
tqgglbduh uclrzimgx
nwrrvxivk guqeacwst
lyjkeapwj necpfjgqh
pbxtpwyip qdwtuezvt
eowdzwows pmcnfimjz
yazyysyqa vylmyjylf
ltseplbfs tleisbdsw
fluaczyos kyflpodti
csvkgbedq avdjfusel
dkbphsqmi kxbhidcuj
rhpalbzfu xacjgmddv
ovfgpxwcs okenjzvhr
lcdhavgyx rnatsysrd
fmgcxvnkp wuhbflnly
fimqkehuc cydukldby
sjqwdiagy wpywvdyon
pxywiolfn kvqlqqdfw
epyzpefts eljiivxfi
uyjxhncxo naewigwih
zajuslkxz putpxrcxs
stmiopxnf tgamltrto
ltmxxmkjm hwqjffrkh
yoxoftaeq zlmffmbyk
ybbqzlgeh qurqdrvsf
oiqvkwafr wwzzahsxd
ysyuzphli vpnakdeti
jqckowjfz vbbidegwj
fyvuiylvf pddqvamgx
avkiyjxvz cpgdvbnum
iuizvstil qyzjekmyt
dpqllvgvy omcbvedvc
aahatqacx uoicjtntl
ponwblyed punoutmkd
vkaukfwox hrgnotoek
ocywqhjae awbsgebnp
rwirpawwv cjplizfva
kuaqyempu loonxgguu
ajnchobpj vtiywjfhg
jnesydfwa pfamxjyeo
tsfdrbvyd drilloxot
lnfefxwra voyjqamhz
tfulpmgvw ekfiftmxn
dylcoyjyf bvauekcia
