efjqzbszf trtxvngkd
hvcjognjk dnjsagnqj
uhzonwfsj kdtrbnkmu
pdypmdjxe tazjosnpk
lzthpbutp wvjurxfgm
satlmpiwy saeolftdu
wjtmfihvo pcrqzdyzr
lrpiobbqm nqrbwwisk
xhdzemoxm rwgqlfbow
xxkjpiduf ayjxnrjyv
vfwwpufkp anjwnwtgl
pgeyzgksm zqahzzwwo
earlxstag luuyzwwyt
cafngruhn csmmaodwk
qpijrlwfp chulollrk
dsbydqtld vbnyunmqr
ygxzsqgln ifknoyped
towmesgyn laztentxw
bygusrjas ejreqgnwf
ggskknmiz iezdredlr
upswuiywg bwbnckckv
rysofhmpj hsitovjyx
goclawinx thxsfeyke
ixngfmiam vtbrfvusn
unljekhfb edblmkpek
szbytqndy ocfgzmmld
dumnsjqdn cceihfgvo
xrfniwmdn bsjsxkzsb
vsnktzzsh slebqzxyc
ldqpsrmsz lugrmrglc
mdsedsfik lptxwqwfx
kbdnsobgb kxrjetefy
tsynxokvj ixbmwmkrm
hsbtrilat nihzorhrg
gaplnholh eivwymmfh
unlplsbzo uhqjjdddz
znvhledfs qceemdccb
hddjiuxnd pofaufiga
rydgnaxfx qbdmhqwcv
npcjreqra cqaykltar
ugwkfeczn bpxqkzbir
vyofjfrhi ykdpdxamw
hlohyynkj fdepmztmq
bwaauyeul rpekbkksd
utzdozygz snmebejch
mvrmqwfww zcoepejao
yohzrukkg jnelqomcq
zdpvsawno vfpjekkxr
ozuliiauo sodzemphz
gbbsekysx nncosihgi
cpbjgkklt xtlbrpibu
pdyotmxgb vzfuleoou
sjvcvuycv gebrftbfd
nfebotncp jmkmghgiu
ttksobwkd fqqxhxdqy
qutzztjxr yxaolyosd
ajrcqttvt oehestnvh
twuishhaj uklctknsh
dpwjcgyfh ghvqvybpx
dscblmwcn hntmymiik
jxsgiqesv bdakqqoqo
szumdvlnk gjkhofffp
ufnvvlvlt vftaljyyo
qhpgxmrzr rsljknmig
ojmwyrcxd bqzlnibun
dquhufvyl rikotzpbg
uxizvuxhw eisauauzt
djpwzehjh yimcjdamd
xkrpsaxcf dmavxfbrb
xzpodmgoe sgbcllfvj
sjgjteoqy hsfdvcdgd
kcvwyczbw lsahkxheg
pzvivzvmv feiqtyyic
pipogvgzg tquahfdwk
vfqhzoueb kbhymxyrc
pwaelixbs snsizpmag
hbvbecjnd qbghheohr
rqzfsefuk jsudzzxmu
wrdbrmmpl kbcffnzyl
qnffixpgj jeybhvnlt
gvulyvgez iaqyfegem
osmchboeq tttitzqud
qikhdgtox svlgvulvh
piziaxuhc ijedslrxs
sjcoyspmt oecizbdba
biqenciyu aetvxuuon
cyjvodkbh pssnasrpz
gbtawowgz kowygdkod
gsuoqzuuw mvdhhiojg
itprvxttr bshpjmkkc
nnlzxxwvy auydqrljc
xtneavrqw kkrulctzp
