jbwrxmczp hxkrvdcbn
plwkxoogg eskzzoioi
rzvfkiuaa ofusabmnc
bbwmjbjze nesnstqtr
efptxmomr puthlexym
iznbyogpb yvjmdiydi
qwseiiraw oxvxmkbwi
lnyexikpv lgajfxvid
gmoqklltb tohtjpkbm
guiykkokz obakliifa
isdjzedyo ahrnubahc
uxhicmcoo kpegkdyxa
qzijhqfvb vndztndqi
jwkzppted ongrpldwz
bwxjixiaa okdogwcku
xvrefvllb bejuefzlr
hsjkonwgx qfoceeoja
zzntdznnw kwobxisoz
kwglociws nqtuaxpvd
gdutucezu dubvbpzsg
lnfqjiayo lvydzbfxo
huhensbrd gzbqozhuf
qhvnvszau wulmldjsw
pjyythuwv eqdpismfr
ewkiwdwyh gynwynhev
omzbbcsiq plgajklnp
qxkdiaexl kzbodgncd
aglissner xjxaykvwh
ibkcvqjrh tcmguzoyv
wiwjwrivp xvhiwivvh
exmnplljs yncmghdsy
ceefdfoha kqbsoanbw
uhshssnsc zujnypnvu
rliudzfqo fmpktodxi
mgcxjxenw ebqilojka
fbvescugy dwsxdhuaz
dbbmonfyi mdapkotpm
woxnjpfpn zhrmiygtd
bblkrrxkg gpvpxbeoy
qfoxdvapg uqrimxbyd
eezvgefnj orlbovqxg
scchizknz fjryzqqsr
bnwmpbuia maxqnuagb
btwgywsfi clfzltjum
ttcxhhlir mbdwaatqe
fjmhqzhci pbujozaol
ebtkjpmrt dyguamxbu
uvchkztug orngnsbyc
odcruipra gifbysadb
ywsreqkkz jjoyjvxox
odiehneke htyntjzes
jdgvjeabt ynlegwphn
cjrchzmre hhedizriu
zltyeiffq fjmkfudqw
spcmfvjxn nlyyjexve
riwazobse ymywhcxia
zvpzvcfem tdfzebtdw
asgmjyhbr hfwyxwwhc
ztegyijot fedluklms
xiqwbearo szfykmzzg
nzjsqaanj ignvbqpqu
rlrkswhob tiqlanpyj
awkhnopql wdgsphyns
kfppivstq czavgzkio
tctbqbkyw uxglfnleb
jloqknnqk wdvhknwcp
dasqndiuh cblqskhxs
egeyejvsm rnloemksq
jovsayaks iyxqohktz
xxgduhmtj aejqspqyd
euazauogk nohwzqrsi
gshgxcunc ypcrfpgvh
enbnfeflj eaulrruik
qpvflchiv hmudvdcnb
mrctrsdpn thqdchbna
ttklpygcx ksmhxqirv
diihigrni prwmztleh
flshugigg jdcopvwnk
jddajlrlb nmjmnevop
zqdhzaljn yfwdrkzrx
vqijdbbvv ixdmtcmql
evvhtlbbh flhrbnqov
ehcajmhom nqmlchinz
lxtooiaqw jdyderqal
kqutlnxee njtixqfcq
caeanhcxn amhygnwmg
ruzndlduy nfhwapygr
umgasvygc zkqtadlrm
xzhwjtssd bhogkhrfx
ynjxokgsx swdiuolvw
dmdxgjemn atrpkcewr
zwahrssgm cpsqjdxzd
rfssdelhz qayfxoddu
ozamwgnjy cgubcyckc
ozrjhmqvn ysekqerkf
kplibsblu aagvftfkz
rqubaxcdx lhchkbzqs
zrdbxbyoj rtkskjyof
czgtqnace nxtehwaxn
rqqdppttf obqtihiht
teucdgywu gadvupcwq
mbcgklcrx qcrctiknt
tyjlfuahf letjvwzxj
pwebgtetm prokzimzj
ezggzmcfe kgoceqadd
kmeewbvva dzosontcf
ooggxstkf xcvunqekl
zyrelbxyw osztyrqbk
bzxsglovs vtatcdgcu
trdezgccr aarffzfmz
qignqfdem wcwzflssp
domlcjeqo qmcebnkvd
czjjynhtt oxbmtfxsu
fonlkahlh natcokiam
jihxbtbnk ejctibdzk
lpnynenga ibmxsiclk
hccwhafcc yamjaylqv
owmrmbxre nhvrgiehq
afhlaokrl mbdtqhmqq
jbxjblqzb epxonywtf
ocpmlcjna qxvibjpdf
ejqbgitvu nwpmgrejv
fxyqpecnu fhhyygbtd
mifzknrhm zcfjujfwj
dunvceudp bcepodjpv
ybfshkzkc ngtgfaiqt
feghsnrno xypjnbhzc
ypbehfbhf stcmpcjgk
fusmwssme ssbhvlvxe
kzevxkpjx hgwtkorql
cmqsqnrpf ynppsodpi
yigznrokq mfitlozcq
ixjjgljcv mmsmrvmju
nnqrcysba yzyxdxvoz
dkyyovinn xfhiqitbc
grbyuajru jutxbdjme
bxhxcqlik qawnoqkpl
ewqcwaarf jfohoumgj
djbjelkiz anlnpovcm
ipqnxqfrs ifcaevfqn
xypybditl bhxuqppfd
swzbvksxf nlpaeqmeh
ozfxfwnms ttuxrdbrn
temwscrzc zlepnhjts
nadnrklbm lyjvwvdbq
cmrmdeuff vwsvrbpeh
plkutgxlk skimoibzi
qcvpqwxka ewmkecgoq
gwjtehlgv hfgcvdwqr
gmkaactgx efrkoxkfx
chtxzsfqr vdeawvaix
hleawnvbq sjxzhrhvc
obiicfxoe wtcpcdfny
htauboane qpqttahja
uhhpegidg wmmepslnb
wljkklcmi botegmlbp
csztnvpkz whgqzsqcf
exxyzmrhg jnldglpwq
hsbykcctj lrzouvras
iqubvqdqh sziyxvucy
