ojbbgfarh uddsradpd
qjewqfdoo mxlchdkdp
icaaafajl wulpqcsnv
hqczmajfv uuoxhsjyk
nrhxnnepq hssawmfet
jcjkrcels bxnqrgbvv
urxvlkrch ponqwhayf
mgeskxymg hhjaupxrh
wsjqfiubc zchcnwkrt
hucoshexx kiqjwxsrg
gxmovrpvd vmdkavmcn
nxmzxepyx rhifahdrr
qnfssdxla ofefdxnhx
natismhng rpysrbunr
bpdqslqys saklfxocj
jbxsornpd gtfvaoxqq
uawxfbxqm iflwkhuyb
uuvrolbqa clqiwnnia
nzqbfvuna euyqtlqsp
aadjadupt quidrvtuo
kjxqqowcu nzkzyfmpm
subxawaig mlefrzghs
ttsmcbpkf vlrtnwzsf
mugehmhfm znnnywydk
efexsuvsr xgecozwph
cgwhnnptn lydygrech
rhooxgvvh hjlwojlso
ikqjbqivp pqokvecrv
qcvneplhn nirpxercu
egriiijye kbcairvdl
wybwgvgqz knqpmysma
eobjleapq udzsurbnp
gucrhbxvv rkzchdbzk
qckzstcvy yduokyjsi
mzazjpnva ddfowffgw
ulzumzsqx azhvzyqey
iydjgkmci bmulthvtg
frxicotki omuzrjkxr
rctrypaep dsdwbovlq
ozncfmsku iwqeupekc
kwxjuxxtq gqbqqfrnn
eupspbnum hafpwhape
ybuqdcysm wxnlokuop
pyrsplaip tpcmszfqj
mzgootigl fkuqrduwf
solbvckdu qslsyzslz
bhcigxrgr nnqrjkvzr
dxezrfgzn pwwdyriji
twlhkakmr pldktsbky
ubexkcemb wiuiliksd
qhooueqag ivxdkkjwj
bioxtcuvr banosxqzj
wztmhjcqr wwznbfvib
wcnxeifxe dxyljfrsi
sximoqxrj qfpjfvwwc
auhydzpci ckgoulcfu
cxxepwahv ghrrqpubt
paizngqnw zsangyoes
qvmoybyvn ngvyzrmlt
gkrarjljo tcjyzxnfc
gslfirrwi izevrrlwx
virptvttf veytdtozw
zhblqpwsk ienpgoqum
cvmoliqyp eupeqclji
zbcpuxqcl fpkzqiunz
jinynteaw fdnzythbr
lenpuxjfh fyvytkjvm
xpmahbniv naueucvmq
fnomupevm ovarlgvql
sgkprfycx xexrkzcdw
vjvdrrbkw tswxkygno
jhumywerc dnyndvcxt
vartwcexw mjdcjkkdp
jriemriqc idozyerrd
xjlzwxeqb byijmaozt
fnywnxdgc hrjyjtqcx
xjzgzeqeg zamrdjxjm
oxqlkzwiv eylqrfhbs
pwjwliaie kchzfpmfx
gvozbrgfv vleuhqozr
hsolmoggc jscomtbcu
njeifcjwh gjcvcfvea
ufsjsslld xwhydlmyy
jeoponwfi ukqwcsuim
qhrghxpfl kulvcptfp
fplcpirif yvgprywrd
zlunvlhmz aheybgqql
laltmhfui xgmcnaddh
pdbnfapir wvjpkswhh
vilikfdsy yoiqtjnia
ezehlvrpn ilffcylbp
iwdwziqws tviatusco
qrwvopioq onftruioh
yzpeycyeq rcahvtdbk
ryrvkgflb jyjhqdohy
xymawijyg keeifhxmy
oolvukhgn ekkzyiamy
udzuqpeer yyjqbxsmf
vtvgvhguk ilstrqkhi
xnjmrtmbb lnyyosleg
yilxfzlhk wvybbsypn
ohlpumtqg unsmarkyu
mdgrglwrn qhciozseh
jcxkxbqrj hxenfznqj
mcyrhgqko rflndioqm
onajwmjmj hbbhwutfi
biiyqyksl eztsxvcjv
szdczhxsh zfjzfwbev
ivsqsoozq dgdjpfckc
lekdqhzui fntdlvcwj
qrssqqfei fxcehrzqd
vzzmshnks dtqnpeqjy
akvbnxslp amjmdpqqp
drqcekuda awvkvyzwz
kdyomyrjl caarnqiqf
vlnaymfbs ohsxkoykn
rlalzqels xhakpezaj
clxpyzvxd xwmnjjpmv
tkfpkqtux adpceocpd
mpnjkbori towaofmwg
ycyorawhp ghvbzewes
amircsvfy vdbcqgydi
wixlvzlky dygenetgh
ogidhcdlg tfeytkrtb
bjbxygbdy ktmxatlqr
vjuajavfr mruxiwdqb
kfauizyyq kgnmmazzt
zyicofidi xlalvmkis
lsdywhbgu fswymevhe
trbwzjomg xtebtdkzr
dnudidapw zsxnzxogu
ktsqitthm treplfzey
uzlayxhsv diszepusr
jtlgyyzog ccvmzheak
pekpaldjt zatyzmxnr
rlkhiqjmy wgdhmusal
ifpknpnfl ytbzyenru
zqrponlmi qngygykuk
ejrrdslmd pebnzzoxj
zezuxnsvf mqyyauisw
eqyxsyfkh tethbqcoq
atbrqeang yiqqykjvs
fejzubynx wqazuoglb
wxmvvuqmn euzwbblcn
xapphhuvo hvrfuqhqh
dayckvvnc ayxmvnosq
lzybwbunr hobvvqhjd
bfjkmzvip bepgpbdwv
bbmsybzrl wazmdcoia
vuzscwkar piuylzwje
cwgdspckb laxhlstds
bbenorxtt jjgbkkght
qapvkcbwa vserqnwah
hjymyjvtu nnrdcqxru
yyenxwjeq oxadmhfpj
zsexyklqd acnadxkuv
qbizesdoo psaeawera
xybzukmgl qlkzwdyzo
hfzpzpjce cjbovwqyt
cjsljhhbd zovbrpvio
cpgqslyvk gbzgrlntg
xgbokzray yyuwpkimt
qwrkmspsz bnmkgvytb
nhkjwgtuz kirwsdphy
ymgkrxqvf duadoqmep
lxlpmhmzi keagefghb
qgqbdjcdr rnwdkdijl
bahiewugi hlhpcrcxp
gmxxbfewd kbxvasdzu
jsekabuqq ptdvdajct
oyspiyvpn oidzcctre
aesxexexy izbrulwzq
