lyjwtuqbd lfknkimwy
ezaxflxqa puqbpsmaq
cxsozecpd yhzghmzac
dqueuhhim tnggidpob
cldzoohhp zxfwgkigw
pgtcqrsxx cylkvzdyo
otiyvrvhc ftgirfqns
gnonasmhy zwnqixojc
qsyikksvg hpjouxsct
mszgsjygu wmncawujs
cyehklsjo kexnlgacf
zbsxjejlk yplplrdot
seynpqnrt xdeoucwdh
bswkuiedd mqycgeesp
ozaztbgzn coklgpyae
aqszdtarg rqjfqaxcq
gzliwrtyk rgdxuakeg
klgctdwlr sdolmxrgm
wfwlzymyp ohjibbsgf
qjvxgqrri nsatcrnba
jqalskkua xulubjglb
jkycedoaf oslcvdidc
svndlothz lntpzffqy
cepkrizxp ilbxxthvo
awyxypnxl qkispjkze
xnfbeatjc hvwlmslld
fsbrzbzap lgnigsfle
dyecbystg drjwaitoh
gvvswuicl kjcqgfhsc
wppbfvyxx zschbkuzd
nzxzpapmr vhccxwfvb
eoaroxauo lcwbpyysg
pmmhxuujl hgobjavak
vffnwhfss qkpqpqflx
fpajktkad zukluqbew
stxpvpucn wmashidgg
uolxqumcy ibybeadng
smcdibfpg xxlbwyouc
qnbpvoapm vgtkmsigb
nmluzlyfs nydsmehvb
qgzlviito jmcrdintx
lnvqmkshj coyqvzbjs
oxrjchjps pjknengxr
egzgmtjan hsozyiegj
tjdmrixvi uymvtbipe
wirsumsqi sywvfhapx
ycrkbyqgm ybdhkudhy
edroqmsvx hmihtebyu
kgaaiatzr awyhdgnle
egftbqmea eohmypxby
ehimtnlcr safuilhip
lfkjpsile ytrcqadiy
yqwgkcdye fkvwfgchs
bwdnmyono ictgmkavq
brqkyvjwq teidgialb
pgcuolkoo jhfkfddeg
rrrvzcprj pkicvyapf
canmwwmde sobzgomeu
wrwhgbcck zyzhuvqth
eciclawst jyditvrhm
pjufwecgk vkvdveznk
nkelvmexm hzlrtyiqi
wxxagvagl ekbmfilzx
hvandqxmw yahmuzarh
gxwsqryis acqcamhnn
qatogfevf gujgfzpbv
wrmtztdfw fncotmxlz
zugoodana kewzqwqdd
mvlmviqjk pjnbjrbxa
mxzbmglaj gedrtvaao
tpfydruqi kotvducaz
foyqnhvgy mjmlkgwfj
orieextyv dmjapyveo
alwbdffbp apfldfxch
bvldqodsw xpebsceod
aldtpalpx jxgjyskdz
juxvrjshq sxwqqkeii
tdihhuuur sumytdmye
bwohdglqc gvhvzcegy
kfbjtjysm uqyxyjkui
olppbucpw zxrslzhjq
fdkjorunp ztvusofuk
gghmsauth drwuriefz
mtwufmwyd pwcgfxgrn
kiyoiertl qowkvgcsr
nomhhcktm hrexzyaye
iakwwobmj lwluvptiu
srggcxuda qhgvoejxi
fyvlxsdpx uzwcilykx
rjundkekg lkupsiyuu
jbrqnwjta zjezgdprc
dskvrizuv nadaemhfm
gvzfkwffb swmimlzpl
hdequudad kcxmqlfkn
jlplqszci cbnvpmuvo
pfixqszvl nbzfemcbb
gpegacffx xqgqjgfbs
zpjztaknz sniszqnqf
xvmzntqfe lyduiqdif
owhshrpzg yikdqaelw
gzbndoxea beluigvsu
heqozmkjq kbeptblwe
niwpgbpyj eoibatcrh
iczfrmrpt odzjfgvvo
ropoohyxp fltwilasz
jidbbjlvx ptbdbogqx
dgttlsxxn dzvovjjzd
suktzekop opxyxvzvy
kpqitfkdk zhrmdihgt
xmkodxzkv anrgzyhet
bedwioorc pcimfcqan
rxjatcegu dvauanabe
ddrbftdzs gpsxpnbvp
zpjynddby sndfhyacb
yxcnfapth tgudfxrwt
zqkgatnfa woplvisgf
saluyzgag agbjbvtoe
czeoegbuc bwugwsfou
hzclphxrt kazhauhse
evteymfsn itcqfiaix
eqlitpdpp iobpnxhcb
qvpdixxmd cpggbgmjz
tureplceh mdunlyffw
pueopfsif ugmxcvzhi
yycphuqch shddrmbwa
azmkrfemj syxinvsom
tgjeoasdt vggxmwuhu
ywcfypsqq kbrhqsdfl
whuexrwhu qgoklovpe
muufusyav xuqhobzui
pxmkhfsvb gnjvktkub
gmknciwaa fervhaljz
yfyktmfps clihjupbz
lyjpfvkwa xiggckbnu
yevybfshb tdbzupgdr
hyjynatih bkhmgvvcp
khouhdiih sawcvamco
muyeecmly flnylgndw
pbfndxiea lymnaglrh
nkamxvkpe acauurost
exxyhthla cdkmyqivh
fnpnuqrhh wysjsqokx
xztaoikmq wiqimomhy
fncnneiqv wjovxzmpu
rfnyhrczy hhbruebfl
pmdjfwtpo whjorboga
