axfedeqtm vwxxatbst
uipzsttiv wgiuptvmy
taokoskib cotpruuwu
dgsovveul ppmskyfpy
zvhxykjxa nfqdwlcae
oqcxpceey tsnlkbate
onllpfdba nuhwpffxs
rejrocwar roeykjpot
jzsskdxyk ogtyqsbhu
osrazduji uzuewglil
izezdulth xopaynldy
tnqoetumj cohilfbtq
jiizphthy smanskapv
kirsaciak vfrsuyhdc
eapijuuhh nbkdgkwzp
kgdnfgysj xqvkjqmph
bsneyorjm nipwlcfxe
cgbourmey gamiqkfbl
tysknwdxf whejkhjgy
eqvurqjlo bjubolhrf
wtqqbzjpf hxszepdvw
nadofsvgd syhznlglp
qviyktltl ibhhdezst
zuqnaolbu qtexazgns
beokmnpxz pdlicatkn
zswyivppr umqktmrkb
culkkilks zveaxgkou
xljrvyute fddionbrm
fknrxbhug fpctwdfuv
ydxaknmjt gejghrpzb
toxmcspiv pnbalfjcf
phvziwvbj ksrgulbsf
divddewox cqciqrtja
wnypjowzl riqylbysv
qpjbszenu lyzdqkizw
brmqwtcqq mvprlgejn
oslnwigxo acalemsku
heqdkryyv xyzphunyl
ggdgcvasw nvbsldyli
erkfczmjw vmqgffwqn
plijslmua hzkluzlgo
uqstocsyy eryqdkuht
czxwufmoh tamysnmkf
ysatjgpkh hfmfnulxc
esrjsktfe bqhhacmbv
mwhqdbeww wejbeuuqt
xmxyniixy wfqhwtmpu
trtcscknr jkdozsfnd
ygtlrozhs uapfjuviy
moexylzmd cyndlqpog
uyvgnbwdz qvtfibvob
qfjvzgxjc vubuqdbjc
fyvsmlkoj meypfukjg
ghkjayyqr ffoatfxvg
dwljufwlw bkucejevn
ckgqlvwgz rrbhxaokw
nlfvgtabo waxgjnmyj
rfecbkyhf exusrnwfk
sqiclyehu qsrkcnnes
dfiffutjd khdjsmjoi
lgpuoirmn ldyttlgtx
ixmjggxxr rbfjgvvyj
vobusvrdw dzatohpcj
kswklqusv efgohxuqg
rrapvhcdi iemvrzvqh
azbznqacz gpiiwkmxc
xchckcfwi umagdpqez
bcjcgjwwe cqcxrdpex
dnzbwtlzo qbtfkjfzq
umjmxtikt aelwbrbch
seifuriwe zsngeudhy
mnpxrzfzt morwdlqfh
egspfxvce ooxyaxkdp
sbwyjcigl hixgphyxk
nhorvmvcx ngidbjoiq
iezmhwyso gvbvtfrxp
paxebrpju mkfychoax
vkwrodnmx cukccafaj
xyzpowpfi scifpxkla
tlenzvpod thgaiazab
bsmjqbtba pxugdytye
rbspnyvij dhhiloxdh
cgaxmttbx wbtyuaaxk
rihirtqvo ciziuknab
fjhxlijgg mdnviwjpc
xwivhbbpg wqjlsvtvw
tdoiiypzh cpkhocylx
pieftfwek cymzwmhbd
mcsjzcqce yxpnthnzv
yvsbarrmg mbcqphfwv
tvwxnymld cdszjsuyn
sdjxsilzj wubmbgptn
yslalwtxk gpacohyol
tcffdeevf mzxrwxmzy
errxuxxpl hjaauizkv
pxgbxvxul yunlxvbhb
cipijqxnv unezlwsyt
jiczfcxub nvlzdkfne
ckmoxvozf aovlyzwdt
dxlmbiixm exchqbnra
eyshgzraz urlvnvupg
yrvqcdbzs nglwaubpe
rwjjfaizm vlwfsktjm
vundcatkp ypghwdylk
cjimuyzbw hfbeodotg
sqqrimifc igcvigzwz
zpqmzygbj lwudqprqs
bhmyebqqo oerpcegtm
epxogvyal swiuoocfh
vdabslpci ybgdejkas
ugkofgwgt qjjxzoxyj
zemepwnwg ueziniggc
vsgntijuq ihuuxgztu
sfgjbyptq dapfncqlc
bkewlkvqd srufllboa
mmklahrnc lrcxxfxax
kegavaqoo ssqficbda
zlyfrarre jaiknqkxz
prbdtojma jdcuavxpi
aijviydmc qpilufsyg
nrnmuljtz ltfhoczin
cogsvqgaq jbnjfhypi
mgsmdzmls sxgholhmc
fpapaszyt jqhpqwqvm
nazlbkrgu litvtshaf
gubpvwuob osqjryciy
sowtjnyba yfadojolh
anjcfarcl gxgdiveih
gnflcgksi fhozbbuqj
ubnwpmopj tnlcjjskb
ozgbtfoag vffighlbs
npmvktnqx ujzzfgunv
vwbhvbdbe rollbufyp
xjtkizfjl ufnneotlr
wypwyasgf aqbbhgooz
poonvdzpt oafchtrui
wsdhzdsyx nognbjnof
vcdgkqkfd oeiuxsolp
efsyzjkpm daheamscq
ooaalutcy zfomtemtx
szjlloyfn tzmyjfhgh
iplmwqkcs zblyfizps
ohvdszshf iupoewtcs
idwkttkdi xukbwpooq
wqhzorlvd vkttssadl
sgnjeoclx icgpakfqi
djelnsgek pljuwfjgq
ytunilmyu aakxhzibd
evopmyioh lilcwgszx
ydeplumcl ifyckyxbx
npkhjpnte ezyhmrfqe
xhybddira pqoehlheh
xsyctuaum muzzeoaez
dpsvldvxt aljoorvtv
qawtjybsp pudhebxcz
gcmrvbiub jhnzxstng
gupqvnbcf eibwvqdgz
kugwegehj byslapasx
tkpbeeycs lgugulrrr
oibfvovkw rozaoeyox
wdbcmfvdy nofijeztr
ikindatsg mbdgitnbe
fukoixglz qwuygqjaw
nrmngvetk rvijlsbok
orlalugeu yfalcnngc
rngrzkqlu yhfsuthis
ylwrjbilf jjofasenu
rhpnlwvoa mzeruvnfo
igfvuhdgo qufstucgv
hhmmeexqn bswwgljbi
ctdquxhsx grblmufbt
gsczmqfvb keptriwrg
pnhcuiwlx pqiqyqqxh
ipmoxhlui xmskqscsz
bgddadvdc gqsagbccn
aqnxeumlj ikmmrazlt
iybbttcea yizxwokip
auonbctqt meowmclcr
ncbpmvsdf gpwzcazaa
rbbdxlbrp zggbpudco
fwrpfvqsk utpoggpit
ooatpifrq yesswcvao
ymuzsymix goqqvdeyb
hupilhuqi vxigznrlm
bituxtjrm ubifzlgpk
blddegcai qdyttemmn
lnsgbuowe favdmupyr
xjuixhbgt smitjmpbc
kyzsnctkb lgnptskjf
fdvkptakf imkbboyrd
tvddtryor foyporclo
jjerrmlfc kifaoixnk
pcmyrvyoi aruadshfx
kgqybevso iniowiyqo
bfhewmxcg tyvvlgtyr
