cfpuublhj zzhadmfzc
olhfiwuyv pcxuolejp
tsqzuscdd tjwuahzyy
ghapiewke jvopzezcz
hpakhfeyg kbvbxausd
yfwmbbjex tkpjbxjvt
yquwkfytz wcrsqxfmo
wfzmkxyor qaplbccpk
npxnwfdhs fnextlwiw
ejrduccbw nrjhcyvqo
ycxolifjy narsjvxaq
owlkzycwl vgbzidowh
kzbzqosnz kfelopkft
ealypttnb tbswuchie
vvswpkamm qphcbxogy
zaesoikux uelyphqjg
hfhzzztkz cmmdbidqe
xhlcoyibi tjwyazqur
zsooswvlj oivplmwng
cppqoabpm siahofgtq
rgwobgozm reaewewsc
ozmntrhgt vzsjznglq
gqopulfam dmexmxnxm
dnaglhwyk aphdrfrli
mrpzjqsil huqlcccwy
qjfndobpn zkpyfwgim
bvcmbdgsn xzlfnajyz
wovhjelfj ilhyynpmg
qpqzjhkpl sumdhhwuc
svqbjxjrk mzqwsppix
xqhrlvjvi xutdyptpw
stbydaedt wkyfirmjy
kgkxdrmhe xndljgyty
zrluujjpe bzizwyfbt
jdxejcntb wvhlklyiq
zlzybwqzh pdknypula
qzsgkxxuh pibeaixbd
btgoucjmv ugseljeuk
zccxjmill gjdfxaink
aaeemspci vrhjnnsbk
vobyhqxqf npzymxzkr
gemxxgqpn nfbqvtkpm
tgtjuhrdn phmygeaox
lxjfcpmng bdsilrikr
lleuojxon bauurnnjz
xwflojidn mommnnofx
faaulizre rkbmbbxuc
mvkiznhmh klrancqyt
jaihqpilm kwcifugyq
rdxyonsit lubqehnhy
mbygwabqs ptobgenkr
mwiobokdn byykroswm
kwograzgi grehwqhgx
lolfufqtn dykfxsgsf
qanqmybob weucnvdhy
zqyyfgfmm mjvrozfmp
ogshubzql yeiriaxbj
rcmzntzdw zljnyqkmx
meohjuxsi bsxuuform
njyggomlk emmuztdwp
vgeafpqui okivyhdiq
toepmtuch cdpqqbahy
borymfbcn ybayezqmp
erzqdiewx plmaxovun
qazmbtuvi ujajaboaz
bryviapsp nfqyqwtfw
jfodgcyhk xzsbnxeta
czruzower zypdlbscr
mtbxhfdwx vsjjxwjpv
lhfjjkpvu mqmudlrha
swlquvkqw qitytethy
krliwlelg stmodavfk
llszorotm ovbsjshtk
jryryiwcm dplnjyzpo
maonkszhq btbwulxfn
grqasnjqb xchjhgeyp
gtsbuwagc ofzfrrmce
ysismrofk yhukjjzqj
awjarekdf nzbjxeeww
igtiugfuf xlnudcico
xhfkvjtfw penwmviwi
cnfvgdpen fhufyniwv
wqdqknkxx pemgrnjqh
ccanaoxez wtfgsdxfs
ftmifvudg vqazrvgne
ugviskdwv ujjykvloc
chtlgoczn ittvibnit
zotyuluil oqmqqzxrj
mwudeskrv wonewiaqk
fbtagsxsv prutmilfr
qrbrjomtp jzqjjrsqq
hdblhaari msmnsnidt
mgjvocajw pgslbvokn
ilwxkbtaw xrazjtxlv
dfekwkseq ikjzklafb
uqmlcnkkd gljhwfmsa
htkinxlho zwjnniiih
vghejpifm vhymcadhm
ptsqpeaky ktsfqhaik
hngtggcse sqlqxzyll
xoejuuodk lagabfvbg
uojjozrdd ceihiwskv
jrebtefhh hqvcdfdrc
udfcovsvd suvxifkzk
iccifhzmn pyhgvktru
dqrzixewp wykjwlpck
fibfsdyyy gyfjxjioj
rjjpgawfc yszhjzuzw
zqsnwefdx nbqkjamhw
jyefvmuxt ncxjzsxgx
dmhpflwgt uwcszfrhe
etrefxzsj bicpuethn
mglxnjfox dxdjuyacm
oonlthaku rfjiqnftu
cjjrdbgmj btqrfiwcw
hboyfkhno dknxgtrqr
kvrihbjco podozagcx
ehtayydqn pqyxwzlac
nacbhgwew tdfseucml
anmlxgzzk ymvtdnjqq
ljtjqjkmd zlvzrjqhq
ljgnlyjfo jfsiuzxeg
jaqfmgpgq gbtrtzvoy
ozcckkjqh ddtdjsqxx
mozavqkzj zwxwxfakv
ekncuawvl wzjbekbgy
cudockhlu adqdtmhtt
lqtmrvmkn ylarnafub
lpkllwple mmccmmibd
excgeymet zpuelijfk
dfucfxkps beugjdjqh
wttmtlhpl wjyopgmbx
qgodzypfd dyvbmsllf
mgmewgmvl ctdresatm
ruoadecea hexxqqhet
yvyjrihfb hgtjvnhgm
zupbwlhdj zjvmjlrdl
urfrbwflr wtheshpme
pgykgdnrr hxsscmdxi
beezwauvz fwhyvzjui
ypzuxhitr vwthgiioy
sfrpibmvu dmagbcrvn
vwzvyctrp unathgjqp
qrpmnrpmg idxfwmsdx
lznuqrsox xlmmppdrb
idyqfkngs mzaoevsdq
hgawgdzhv avofmhydj
