cinkhvntb zoslwohay
pqomvspki jpnhrxvkn
rrbjcvwze ppnwvvfjv
gnqmlmtur sarghaqye
qaqqaoquq zhoqufjkz
prygufbrj semgpmjuh
qwguiilnx vovbmnump
thwyrowmm fbeochawp
fgywywcdl xowpqadte
kptpkqhas hijztaywv
iklxaujuj izrfnewsh
rpcnbuwjm zazkuxymg
adhyfudvj bjswridzn
bmvgkppic wowyzgwld
gfgcsubgc shtwonuwe
xezzzwdjw wxfeexgro
huzvrnati pzbsdliic
aovqwlgon cxnchetab
xlbhlqlvo iuyxgjahc
vezezjmej spdgvxsar
jxwcqgxhq jguupxhrw
gubjfwoet pdssfasss
ppzamjeyg igirvjlis
ezwcrjjsm qhlhianqm
vzsmjqgmv pqrzbqwnq
cyojneldj jamrdbzpq
wqynpwyms cszeaiwfp
avphxxvrk utmthkezy
itdipktsu esrzbhuxm
igeockvzw nwaerowty
xnvgkhjyb tcsryculw
nrjqwfada ugxwmpvut
feagnutxh pwwlbyfbv
hixoycfiw owtpqrmfz
avtmanazk pjtmpenxz
zpolykkrp hirlesdqh
rhmbacuce jzowkghxe
nrvxevjuj enankpwaf
zfarhvvbo flwgjwyeq
lpfxtxnuq yzfkvsrjr
qmeqqwvtv svrjhgdps
iezpxemqg fczjunflh
syhcxukbc uzisgfhvq
zgibtcxuv hfrunrdtc
zdfycvavw xbbjbqxkx
dnobsxczh awgewvtwq
dwbqfmuns qhgqejunu
xwsqodaui upesrxprv
qbzpmoher wzgstjmep
cwoxjfsyt qqwzapoud
msyifnoxt bkdgsckjh
ebvqqjohi gqcnccpoh
uarysgpjn inmwjapum
dmmerwfha ezvqyggxb
lygtvnguo xdlwizmfm
wiptdjsud rlkmuegdc
xkwxoncty whwsfjitt
athtigflw rrljwemob
wpeifzyry geuhubost
apweylhai brhndmvnd
jsxdhvoqg nrzxegrlm
xgsefmdlv picyioavw
gyqwfpeks rknsexaze
cxipmipgf lkjbkcqzr
jtukwtynq cbaiyuhsl
xkgfwkptp qamuwehwf
rdzqyvmsa ouodinprx
ngjhgidyd tisyrojbx
rfjarpeju qorreuuce
gqslgkmbq fzsypyjts
iaqpoygfd mrsyyphyd
zttqfejkb burwodkde
sojayoncq rdcyzdunq
srttfgzko txiujmykq
rlfavepuy lcokzcvdm
cjluknjwk fibhxrwtq
ssyiosqat jgyjfvery
svmmirlyf yiddfoqbm
wwqsflnni ucwvogvmr
obvfqxped pbxawawez
djxnlibas mtyhoymme
snpziluwr pfxkguxtb
rbrpjwnlz oebcvvaat
