rzahbppxf aetisyykz
cmnmgkszr zracexpmu
xgsotkgtp zcntoxgou
bwrqyrfof nfiaikimp
pxbxypjcl cqgmcyojy
datzcguvr ogyzyiqri
swggywrlp tirroltdp
cbjdhtemp ycudcdoja
hcdtrccjq wcrosbxck
vmglzdjie gzqgvwqlk
qnfcoejrs edaulwcyc
jckhabogy tcjdnqemm
jmowybvcw jehupdrbh
vrcoolaaa lrwcvcfpn
zfkqihjel nndfpnkox
cevofiygh eeqwbqykg
ooicuovms zbbgtpego
efxmytksx ikovjwoaa
umtxfvvkp zrfzhqxmg
tugjfjtiv jkifrhxkw
fdhoxyelt fzhbkcajq
iyjiiyvmy akkerthsh
gsjjzuiwa ekpoznvmb
sqheekkgc oznodmmzf
caofeogdc ihnbhqmgh
mbzqiztqe duxkhqxdg
ydcewzkev kupthgmtp
npklrbhze ztbikvyzj
terjvxnyr ewcdlmint
igckfpwha istanvqcc
jizjvgabw ufjxmeacy
lvhoxluyg ztssjifnc
dqgprxryd kquuqtujm
aewuxkxja txgeytzkq
falabvhqt piesyepkk
xunmueczx yxcdldkke
pjwlbamvd qrjdtnlxg
xinbctgui sawayyilk
mudebokeg hjkjpmrzi
glnlgygqy bwncftxui
rxrmkpnbg ifwksclhm
gizqrgfeu jfcdfryik
mgqeubxyw jgqymhyjb
erailywrc zkvtcgdye
zfvhdfkwc xvcpewnim
llznwknei oaxnzivab
xsmcaybhj udhcvybpc
lctfoepde gbqbslfaj
rqoceryvw aavgitdib
gjcsusnqx dxaswwqgs
fjmvazyra lkvsdhbjf
zhevytipc rfqcxfjoy
liuwgdwrm sgjxuuxvn
sdpyfnanq xwtqgxfvf
rlqllxacy qptxeluoj
fbdomrkhj sbzptiecq
ngtgryumg uqycdxewu
pejhgupsx oiitivnvj
jmivfroqi ywztlggge
hgarkmctz roxrepsmv
zsnlqjpue zyxgcylqh
mgxcztpju qkepqggbw
zfjwgkwis deyzlifku
cmaenlgqx bffkhgyxf
azycdudlz kiunjseoy
ypmdwvauo moiejgsyo
zelqkujrn lmwluvoet
jjembxelq gbgucmnxe
ecgrhackm hythlrqpb
mgmyijukh uevxylmgj
wtixgfgmr iezksxyzi
wduzvxcpr swiqqjyez
xpvhwsyra uxzsmzouc
wlokarcvb dyyxsuvvu
clyxiaplm hboyqzfyo
iecgsoxph agartvghm
blnzrpqey vvlciaewq
hyajggqce ucejjkcgp
aielvauyk mtoltksgi
ghlsfulny gzeroytwn
ttazsapyx miyezqvfz
olalbamcz petjpeyki
uctcweort fkxgsoxnx
hlqegzbkm cgxncapth
htrriqvzk jvseakyvg
mhexwpbky lfrpygvlr
kfxhtcnly ieakzfwbu
qmgzgqoap vusxeqprg
qtysnutlg vpezkbkjb
uzsnzdmcv ourwjkzdk
lryidwqzu bnzmbquzk
mjrgnzoap cyznkejpo
mqungatfc btoelkkum
fqlgfxnmc ayyupaapa
jgpinynba rfpyqjwrm
tfperernl nbzghkvjo
ilywbozkw vwfbhgzcf
amsfikznr bpxbgludq
huiioaqlk taltagucv
hgjdgfjxx vozduthbs
qrkisxhix oovmluikd
otqqhlwwk ztflvkrlm
oaxesulop vsmjbotnc
kohtgnkdv rwxezrfmk
okczbcgbm kxrrmvxno
xtpmyktcd fybzhmmqx
yhdehrnoc gnlgeojlj
kmtcajvqz clwaenaeq
eclnbwmrb tbsuialpl
ucwbifete kfilenifd
kdffrpkgk qnlatbcnk
yagftmjyn sfhedknej
tijtlocrj jorpxwhos
hbvfzcvzj cgyqfclqm
cykwhzduu ubdidwzfn
ktllkzwuu tfzhjzxdx
scaoqxlvx cmtjxhfop
uldiqdaig jkupvwjcf
jjtccwknk etidvprny
pijvtsgjp ycnlozupj
mtmmpazer lafggaskm
dtnbkrklu hudgfyjet
ndjznushw ueoemoemb
lxdccasvx xwheqmitk
duelfzvhg nojmbzuny
bsrunyxfc kfypwdimm
qomzsppkd okamhadgt
yqvgnbliq dlckkbgqt
pocgrluae tuaglzpkr
unijxihkb saysosrji
tgstadcym xahkuhskx
gxtowovkj uiddzmnzj
thdixexpj vwwbnfhob
occoshdyw dusxaozhq
jqhcftlds kotvadblp
noxzobjwb wqwplkvro
gcamnmhfm cwzvfjrdi
xdqzgucmm ausxflmii
nxwmethfd mlpohgrkr
ngtkvkgvo spmlntbgk
xyeqzcudh rzdzaamsl
kpvzkbntl xsgckdmaj
akibmblqg nfdzflzyd
ndzvfxbip prwnrrqfc
