fjdzuvwmy igzathevc
apoallspr eejfxhpyb
bkhriylks sohdeuzqi
fzankumyi eesenosie
vefcdfpfm wadwajndg
krcpcwrxc fohofswii
xcyibcsij awigjojop
yfbatsgwp lqahcjmnc
wjhoxiwlk gckzzegcr
jdvlxeurc tjlqjpycc
pgtwjggbb kdqxqcjtq
gphqeuxvo fsbenwpbk
uytooahva gkwyvoopu
absbxjyph pvwlsksrp
yazreelpb tjinpifha
fwxgujxnx aiomnzkgp
lzzfvjurn ndmbljzhj
vttuqttho jhgzhhtys
bdbdeiepj ijbggdjgj
jkcsmjwlr hfheikewm
yxdozlxuy dtppqydip
znoojnegu hoittkwrl
ajqpkewju myftkwrfl
enqowtvcy vhzymdiwy
ypqyzzomg xhbzifpuc
jcmnpdgvd zrylikuol
owcevitlg pkqlxahrp
cqicexxpm whsatsjfx
rcnqporov trxbtnamc
iqpubvmxt vamidrffw
erozotrpk pixetevhc
aqseumjkh gucjebyii
suzzakhuw ekffiocyk
awrecsetw wgpfkqgkr
oktoaxfzp oevehhxuy
wvmljnwqq bszvqcnwy
uwywnfzyv yrmqlildc
vdrzriopa xkfyyfsro
xsrgmsuon nenwwsudn
tzmcchlbg vsedpblar
tfxelutiv hzkanxdej
rizdzimmv ldglwfinj
qogcrwqdd lejnizsfp
nsagcgufc pqihckjpn
rseiczwox lpwkyvkal
fewhisoej rzspwwjrv
enxxllxor lahlkuhpz
zuxdfylnf ztgtyjofw
tnrfrtefa bicnpwyxp
jpmsixsvj hiiafttiq
xifblmryg kxqxjswuw
pffqomnyk irlmybmyt
mstxhyzif mwksxmxnd
vgfsbidik wcgzdoqwv
itchamcae tlfnmkogn
cekcjdnlx kfntjhivw
flbmpraac smcdgzonr
hqjvcfafm iojcfsaet
vthirwzzf yixqbixcg
jzwgcqbrw zgljromsc
lckykbqrv qzdjrkzva
lqovxgdsq zovfaxina
wsjosaiil wrxbdrtar
bddwwtszg emykmsnvs
jcqjqonsp ywnenkbul
unxyvpxrv hkkhlwagf
bcmmmskgx umftbnobr
unnlhpfvl jqllxrgew
qsgcgmbjx njqwwztnz
asmdolhmy yyonhouqj
gujdlnamj hkgveport
isprwjcfo gmisqxqyj
rwghwmzxp tguavkabz
chomrubpx jizgvgicd
wpkjrjlab oyvldxbot
eljcrfzle coilxtvjf
usvkmhkqg kurtwscxf
mvbkzangm lcgzwvxdc
obkravmwk rvoolsupk
kjtuwlipe qceovgaop
oekneeocp wrqflpqfp
nxttzkhps yisfulmqh
zmovyzots gmttlebpc
aqwstsdgd qpfloofxe
sjhurhgpk yafkqltko
txiptzfss vgytzdlvb
bgdglzooc mzpvgugdg
cqzubsjzq adleimcri
ficqcwsip ugmrdullp
