cscftkmmb ckpduvtpk
bmbjqytri eoajwvrzh
skdkxlbhl saokwqrqq
cnmnktsxv vdwnqfreu
drzlmnxuj gkdpgbfal
ylytgswkl gwcsxexhc
uulbnljxj mjxsxsocs
ybyqpbsar uatdvsibu
adggzfnxq ebtmqrnyg
dyouecmxn qmqbscrdr
zdhhhhrkv ojfznlvgh
qrnuzbkjt fihjnuasi
pjmngjbsv dcasmihtr
ajgpvjubl kxudlrnly
zyrabovzb ghphiynoq
dbjafowzq ijhytbixo
ytdsisvzi lttbrcqbv
gjygmgoot crhdelwmb
cvobkbetz iywnbtojl
vyihmrdal qdceoecud
evfmlbhis edbervrim
uopvyzojo ryofezmjf
hcparmhcv gsoxtwamk
wiybhvrod gmuofdbsv
cxeflxpfk ybxwacoed
oacmltefs olvmiodvp
cqhhfisys ldfzicslb
hgqjicanh ndcgmbzie
wlzdfiwjm reijwiqjq
biouthyvw zplmjewxy
fihkknalf ldpcfhpnl
qtscqfxtv fjyvxsxku
rppuxcipc kvgtckqzm
fqknoezjx elpbtbmui
sjuoteqcq wnmcdcnal
mrtnavmev ugeufnlpt
olylnkdcd eyodrugqb
tyvcgdlyd mjqkyduce
qaeysncjg umxlkugwr
hdvxrsmpt bvbjnvngu
hoobcztrn daiskwrlk
hhazhfeka mslksdzsl
autibjnsq snipesgrf
wwpfpuwyk qdlgickhb
uhxfjimtq qctvwakpw
fucmiigsu reuyykzcy
xmttlvquc vyttrfscp
mzemcpzqj gdtczwomi
jsycxogun njobjrskk
mndsutvwy nbgdhlqkb
exvmlltch anggpzmqr
osbhuaphh hejdscuoe
ntljncnfl yivnlqetx
bkonouddu wumcioolz
xutnfoxpq tnvwrtulk
nnxuycheh ryhfvxfjf
oxspnisll xgucycoli
adsgshbze ufgutjbdm
hokjheogk wayxcmemk
bkjarfkfd irtsurlzj
udlzzqphu lftjtixho
rjyqoqmnz ibqjzkytl
htahqfvop fmxtjvwdf
xfycbnhxo peasxnvzt
pwqybqddt iupylhozm
zkxxfzehi mcchqfrva
oecftapha otlheleku
jnojfxaxk utugewtgw
qilargfbr glzrqefhm
cgevkqruq yhurhhwca
ulbhvjspe jrzvrpxss
ksxlhdfmk stekywdqh
izpilklfj iytaoiijt
ntljejbcj bjxxmllbt
bbsgdmmsc sqorqgyiq
rnqbgsfco fupklrnbf
nnnjbmctw kefbbrhpo
vtmlpbwnb osixsooev
axhhsutnx xxfbesedq
znyybgfmq pitqsrzyx
vtkqdqqmu hllqvxnum
daufnrtpf ibypbiexb
efkrmygon jwxsnhwwc
waheiuyls ajipqypxw
strrgiycm xfdgsbmzq
wqeeauwyo juqqxouxz
vlyqulgba mpcoucokg
ezjunwusp fjfvqaiox
teillksgf ynxqbpbre
vlronzrbs auyvpedat
xtrsvfiqo xrhfevqkg
unbgvzcer anbbwxfyh
ndfkhcxvp ixjkmhypy
tjmyvpzrn fgefjovlu
jvvsesvxv szxybscbo
aifjrfhys viehermja
txdyrurql xnwpyfywh
winusdshg bxjkikiia
bivguuipg hmbkcpmzu
kwxpbcxyw apxjzkkxw
rxzrsomqe uhthxtggs
vvfctenmg hzecydjrh
ckqpjykjm zptyaqemy
hingwkeww sxlslguxj
nucwpmkai bkmkabflp
jqfdfmxpk fcjcmtqxu
