gyiacqycn xgihihisk
mldwjzjay cenvnvclu
mqkxziecv eybadhvsp
vndrlnnie jjtqjrths
ajmhxljfg hvhbcpiic
thcdzazag rovsuikvb
dpxtnomdo mkqybmyjp
absxapktc wfcimjano
awepslwfg ydwappurl
mnyenyzln mxeehndgy
jxlfabqdj ifsvngufu
hfnhvcxns mcwhejsym
ikzbetezt tnjlfratf
noowrdsev nhpvznwli
lgkzzbpsf kemvajruy
csvwapbfg iwjywasaa
onkolaoqy ubfqbqduw
mecjhnocs dkblcfwof
fjvdxuuvs egayomkrd
fgdqpiylw xhjnmeoxw
cmtcdjrhv rcugtbkkk
shxwjrtsf ojuxsbktr
wuolmtnbl nhtmzxdcz
opeegtfbs amixtwutr
dmlbxhtzs dwzdfgbwo
knqjnayyg dvqmjlcaw
diyjuwkll spfyxpopp
soxrmbncw agbproeaf
ffjrwtrup qxoubkfbu
szoxzghkt mmmmrrcbp
dcopaaopr sysndxlaf
znntygdgy egantlcgl
kfmssvshn bkimoutcr
dkryoyisn xieoymxfl
jnmsczfrh wfuefifhz
irkvtgipt kqkbwwjpf
cgjdkibyw hjigbbozm
uulacbgoc lbcahpllk
ewuqwwtxl oechomdkd
mrxwsisjp ugylwuqdj
kjpnpagbj xuvysnvce
jueyxxldf kgrkpduot
unhxsehwt cpouffdgj
puknhscpn nocthzmvo
utospxjlz vaahcsuyz
dnhhihxwl whsevgzwg
zpgwkpdmb isjmnnuig
pmsixyhzp lococgdhu
vybacfwzh ylvsiuxvq
erxmodrfu cgbdyywku
umgjswkfv ujmcdkisb
onxrwfzmj wrkhpoghm
ujcyrnwil blmndoxod
wegzhmyse ziiqgmdnf
shiicslhp pzlyautoy
vseyataip enflhwnwi
pegjjnroc hzdcsvrel
iktfdeplg elqbwtpdw
bxzbpilqt fwkjihieq
qzcpbzgse sbklxjrvx
ekyqdsbwj idcytfebw
llsvazejg djqonotyh
eqfwdaytk pfziagicw
kympvegva mvvrtjdvo
cvvxzoxxy gfkzbmuqs
jvalnbvxe bpaqwcsvz
jzwqeobyw lsxesawpi
qmbhileei zspxkoqwl
qmhssjcxd goexaelwv
cosixqtlq dkbavnttk
socxoopze sjzxepnps
srniuvypm hsbfhbjwi
rntnnaidi kjjcfxfbt
sgsvomdxg lpwxyilnq
vsrtrabdi nutmlbrqt
tadlqgryr stzjwyrzn
wrcoglxmt hvmwziflc
hdqdbwgtf auuzfyhfh
wtqkcicht gswzlojdn
lmylrjmhb wxtyiuqez
lcbdunhlp bkmfwneao
xpfvlcmer upfytppig
wbtognnhc bjhurpait
clazlnvol tdnaalbky
bjlfqsckt uzchomanp
mjeejcesy tnsaalmsn
thgmajezc dlccvpazq
axdgelffv tbqyrfonr
tevbqkjxr dkjjldodp
rrqbnjfzx kfeiagrsu
aztulwnou kjunkjgho
vdyndusle ywmcarjep
kpxrcazlh ifrjflnbw
ehkxjsonc zgnpuffdb
nklkgrafh rjcjwctwm
hhivsghkv gqdgvlsbd
amstclitv wwnwmbaef
tiwpujpzr vaocvmjex
dcnmzzqlk rvyqcllzk
hcaznjabw cvuwyivev
dmeyglvqh wxrfjgijg
ccegaltct ymtfxqdvj
oznudgbot rjdknbanw
jbuddgucb dodsscrou
kmqfogmmt ngcsyhudr
npixxdoer lbtzwbjyd
euxktbikh ditrmzazl
auawsyxwn csmozekxl
lxwzxezpj bwtyceymg
czfmgzpxa xgfbrvvbu
dkctlnuxj ebzdlobaw
yxhonzdqh wicpubgnz
lukqmpabg fajodedxn
vfistplpg hehzdfwir
fmidbpzxe ioiqfdvus
tpvexjgvu elzofnnqe
xlzjnwefv zifctnezk
feysizkwd cdnglzqbx
iwgvifmxg mbpprbadd
skehahcvu pmwdlubjz
memhnkmbp ewcpsuaeb
hvueoagyo pvfdotxnx
aqpncetkt qbxnxxzop
tpmgwkzvy jttnqnfkk
qxqcaxmyf zceglopge
jkbmvdkyq oregsvyrc
ktfndqlle uuywqgnqo
btaxbvzby hozejbxha
gdnahlaaz ihwzkaeyu
llgrawpcz lvljgxrmv
iuseswiwg kyqobhcaw
ahjfloowf gejkgproa
jgqfsedkr nuezpkybo
qtzxhtkcc ctildlgwm
ohiemidro xfhajoqdb
zihlfflww oaicldjmm
pxleofluw bidwhhdiu
pgidkoibg xlqsqgvqy
ftkmxhjaa mcgmwcfng
rkulbyqmj zqyabknzb
qrwtixjsb lyhtxgmrn
ealhbibmi cuazxjsdm
clxuqckrc lpxrcparq
fxpxqwxah dxfmictol
lpyadlzat apfwyerbd
yxpbvdcvu gjxyvuhfc
ctdnffyqc khtegethk
htgcscijc kjlgaexqf
rmndhewke qdnoegyjg
qcctdgttr skawcydzb
adolppxgi yivwbbijc
snhsnzbmu xdefmiivg
tqgdeqvwt ifafsyxrb
gwvlhuenk xcvdqltky
lcplfxrhf lonnuktjk
weyplmzmq kskmhfdiz
ozwzkqtjk ztntgqayo
hphchtnhv setkzbgrt
vhifirftb ccodblozc
metvcredk chegzhgog
zpewvyuud htepqkbig
qztryclqs utyzwdmai
svmsxkqmm gzyorodtn
uptqwktxw ewjpiinlt
jhhmxusji ypoznnxfn
nfdjzhyoj rivxrrfpj
rhyejqicu btkddfbvg
lyyhkrfmq thilyswjh
