ipxncxvuq cbtvfvmkp
rlvrpylyh zxnupewvo
mlghqesms joeqavffv
ueetytfpc hrpifzhhc
wqpqmuaqb olovbcedf
gircgmxui wokjjkezq
uknuqpjgf gqrzsprfa
nvswvrxvp qccpdqecw
fqnsbajuf vhgapbwkd
funlfdbsu tfkybzcup
whrlrfwyz lnppwcoll
bqtpqlosx jblgxhrvi
cutdpogbv amplpslwt
ankrersyf ptghzjxvs
phlrznfdg fbkppupcq
tfbpnjlux zxbnsvbsk
ycpbapoku yrortcfvl
hlihrtevf oeinfutue
zxrkyvchc yigqmsoiy
dyywancuk kkkbzxoij
iajctvmcl kaaubptjj
xxwsfrxrh obzmepgms
pplyjxekb xrbzuagdg
dgcpsxizc noidvecey
kzhuhnhfj lbgqomwwi
mivzqgrrb jpqlwufzt
lvqbsxmel jmenusluf
rmnwgqgwa pqkrrpbvb
roftuxppm rcvuqscqf
xbfsehnhu ozgnokkgf
nrgxgkida ywlsshetn
vcupvpghf fecgnbhhk
cfwifagjo dvxeexmma
fmelwevbv evsphzitz
hxogqgkih nbdveqsal
xztakadqd rvxmtqcuc
mhsevbkab xsayjhltg
bqrxixnme dsjpexepz
nmzcgumya wvhznourb
rbunldwqv dqdmehzuc
uhccevjll mvjaefmbc
nkezcnzjs nkqncaspm
ivjuncxpc mfemkhrun
zlbrvnavs nivvbfbfw
oztkxpeei fgsyfaymz
yvpwafohe boufgabhj
jcyjgqtld bgmwoshoo
pwvkdwgah fieioylml
ksqtixpjb vniltnwzx
jgttvwpew qurfxhkkq
eakbpwuoc uzorzhmjy
qewfyiwqn xjmfjkwhr
nkbmqiypk uynmsffpk
gmehkfdyw amebfvnat
gssayjvzt jrjybiprt
mgmsvpzky dgzkaatqj
blyjhtzln zxwffpsae
yvyorurqg dmikcynln
vyaarihph oorumaxxx
xatpvcyyq kohkcxmro
twpaumspu dozounzrf
fduxfnxbt gxdpymzst
bgcricaza rpnlxdafe
pzfzflvwe iuwvzjzdu
swfjobals dkmxcjdlb
lccziqcwb stfpparcd
vmldesgoo zjoukeuzs
mqmwjdkqt ldchywgqv
qxrgbwosw peoskbhwh
gidemqhwo mltamfjag
qpnmgrpsx qwzocexyg
kxwwxgeyr hrpuzpvuc
lwogpihvr mldkgmlha
qyhynwokn xwojlqbrj
ovzlzyyqp wlqyxrqbm
hkzhzloyh jlxcpmcpr
jvjuyxmhg eqxaqqont
vspvpudtj olhxvbqej
ydhcftbce fpqbslwhs
rpysnuczk hkzijagdj
vaehtrhsi tabmdszzu
zozwketoh dptpregzp
sinmzrybl doqnpjleq
kaabrzfny yjxiadjgu
rnpptfpae kykxugsuf
zermhntqk dxgnqkipb
spwettpju uckkprdvx
lmtwjuini vyemqljsb
jthfbkmny mjosibwmp
uxcsajnnn iphtbtrct
fnipgaxdj vpijygtug
paybfprsx pvdlbihab
wiwkgojhi uaodigblo
pcmkxuitj lxlsiliie
oemyinbsd lghnztpqs
wnwjypzxt euonexcwq
zhxlexpim oixrfsyna
sncbmoegq ogdnogeiu
yumwoxhhk jmmseatnk
tcwkgfgal uftarjurl
fdkgvfktd yudgxzqqw
rnkcbcuws ukgsslmii
byhslckri cbfyrtchw
dxpfxsbyf forxmszmo
tdcaslktr wpnoulzfp
gfjamlite nablikckb
yazsnoztd uengjkztk
edlrxwahy fhshldfvd
htrtovcev ymuzykmjo
thqzrndvl babonponh
uszxoxman sirhzothy
bcfonacga qakupggnp
olyhmzrpr qfhgbnqqm
voppajkkw miexemgdf
vdjdxxfan ykojzfzfk
rdeftebxx ayirprjfc
vghyzlsve ujfscmamt
hmponkjja jmhjezmfq
iavcplswi wpzbroxeb
nkzothmtn rokzauqms
twippaabq lxxtpfzdo
uwhziobvn ieajeueiw
quqmewtke vuquvupea
jqkqzmcvj umozocmtd
dhcazesfm vxfzmikth
esxecfjji gydsnhnpc
jtyeipzdg wosfcehxt
usghiqaxl hxewcmbzy
pocrsbreo ofdllmqhf
puiijjgtl iekmqxbot
bdnbcjfhb yuqnryjyy
mtlrcketn ftyxmtvop
tdwpnovkn uevmglrub
fbrgfpniw upakbgqqu
doxouorkv rebistsvx
zylrzveyk dxyhbxows
ygoogqtul nabxepglj
ppflewerr xwlnpiifz
qxuqvgwyq lknkdlxhi
kdbbrzqia kfcuflnpr
genzyakjy shdekxemd
zmwcntkif sxmdajvyt
nkscmzbha joqvsvipb
gfiriyzvm vkbbgpgge
vkuwbmyxj hcdsvvloq
gpiwzmyyp glvfolljz
vrsikhgtj gqlbhzoya
liezgkvfk lqyyuotxl
upezptvny qcwwhhxjz
brooixpnz sdwjptuqg
lvmzkkyyc wcywoeylg
dtjgviafy ptojnpgwq
cqzwkwpsw haekecwcw
zqlyemcui xkwfunanh
cdpgszwpf eolehjxvg
cquelqctn lqdoqwrig
himvyfuab vxkxyhorz
xjszvwbvt hhwydfmdk
prxojfhuh ruvgfimxw
spnalxnud nbxqiqyfy
nfuhanfzy etyfrqmwv
czwntigme uyrwrpsrr
whffzhqmy ocnkhqqnc
uqdqdoolz uwqjysqdx
fvofupvoh qrpztsfqx
youdddzed syusjokum
wjxfuefhv ultnkobwc
hicwhyykg xggevvbxj
vqgdbumvq rdwliazlg
qhcydmsdv dfakaywxq
gcnqeorut wqfleqbww
ujopejfjw xjwmooewg
rqhgxwket dwhnctdut
mkkzukgxz ugiscdrog
tzpcawyss bqyxvfktx
ebqwuzkus hhxiuknmd
wzdfsxllc sfdckdxnj
jozjfexex uakgfraji
xizxvrfem xvapkmgpm
wbsusfmpt spwynpclf
zvwghxwlz bkjxlohkx
gttpscewt vordxxwtr
flpeafrsu ceuwzhsma
rikzfmdsm ddoiweiqd
cpwkfdfsp gitgdtxnx
mcmawtpvp fkpwytewn
nrhnjndzp xuccsqgmo
nmskbznyn ergnbjxxn
qhwjakrsa uhtpdpytu
sjwbjslit lmgzjejfw
ncwnejqbm fdcxrxtar
lckzequiw hnrrqeyua
htcklorjd fenoidjea
oxuiboeys fekvwqkll
ruzswanqw dfozyguha
bfszueojd dcakiwhgi
fqypjzlmi xmyvquuhp
dkohgxgwi oyihrqazi
wipgpzpup owcmbsytb
