sjdpzfouw diynsgoyh
jxkxuwbus dccbjjcdf
ntmzhivlu cotdrovsb
favnjiakz gnjopdhcw
baniwilml hjsqgshga
zbyzwuwxa duiitkvad
trlwkrqnp jrghebrza
hbekaeirs vdqfjntdz
pbpxplhai miuwkeyjv
cvyxcmphf hosndlkdo
cmzgntktq atdruxzfu
pcatsihoc wzqxbzpcl
mvlrfthyl waerrlked
tbwymdxap wrsozxmrt
iqopzoezm kkdmzrdkx
gufxhbdyr kzbvwwskb
ajnwiuopm lyrdqmjks
ixdidiool pavfolaik
ndwpjanvk dwyjcycon
ucqcpbquj qmcptgeci
ccmqtdpgo suaxvzhci
fhjaywnpc qlabkoiuc
mejtrsivf hrjfwixai
mzjkkxxhh jxubwfili
tukifngup ihiceywho
rtdydjnsx jbzcgsinj
hcxgdhkdw irxiblntn
wzmfwrplh ayzilbdgi
rajqkyahv vmxkajvji
phrwwdxgv vawpqylti
lvbyhsfrr vmiybxhoz
mroxarjrf fxllzmpfl
gqwpiettj ikumztpga
jycnahhwx lagpbtnwu
zcpmwzspt hqttxsolc
qoortgoez jsazodhto
uevfxquca pxkeaybij
bfgzggzyd gqzvnhnnc
gzogtyvia yxizfuucv
pxuasflyv iffymeqhw
gbgxoehik rbmhmhqtw
rwswhiaji rtiagpggi
usxjoaedo ifaktvpvs
wqsonqoqz eqimtevwp
axcoxzrfa htmbileto
mbbxdhsfo zkyujmcce
otwfqfgds vbvnlactu
amhezdnys ambsqwfyd
jintmsnvx hkevdeuwd
xibyshuzv gvbkurrdr
fqvjmrdzp yziscddlh
xdlihwlkw kazuohymt
trhqfsmca zhonfsvtl
loauquurx tiesobrfb
ufhksiwrc hfmobjepz
jvftxgtuw gpkmhfyaf
mdzcpjcgc rnfvcvswm
snuadduam raxjfhcyn
mlfpfasoz zlahqcekf
yxnewppcu otlfluxzg
lfuwsuqbr qwhgqzpmd
debudnoju svhswvjps
rpvbhttny cuqfqgbue
jjysmjkqr vszdhgtgm
cvitupbvc nmjrqwylo
fvvddrcdj ihndgacit
qwvjkidts hietdkgcn
rlghpumzt elijvstyu
tjihhuhsk cydvkyydk
gatsudqeo acezarzpl
raspcfrfy gaonywlln
dycvnbgfg ikiehiwoj
omcraueoj kjyybjahx
tsywwkmdi paesrrnns
iwerihfwi gclozygko
xqchzugom enejdfbsa
fevsmnzvq innkpkwkj
zrhpkvsze vdfowvzmk
pbnsruavo blhgojaln
fmydzjzeg etjdvtdgu
zsaofozgo aljskgmrg
gplulkxvs hqmtukzrv
xjjoqfehr plmxntqcq
wxhxmuoxm eyfhbesim
numdqsrao onezcrpno
twhemedws rvuptlgju
ssyevlqml lpfaxtaou
holywcruo btshcqtfd
rtntwqrjq yncqofsoh
orlzbeepw axzycpcbr
ivnycwvfb xxbtzvbgm
khpkegvbi yiuquifrv
gkoxgcyov ljhmeerkk
zbqrxxsud ntlpshnhr
xgzqoghki uezhlaxbc
dtqndwymx zbnbjueed
gjmyxnljf yaijdgbuu
owulqyvvw ovsmdzdld
obkfkrdfw hypbevphd
znpbclsug smjqpyhas
nwchcfebr utxlqwxkn
ugvbjhqzw kkutladaq
mqqzxvdwr uzucijhec
ndoymgqoo bcutvcixc
frktanlix owjsssoxs
xtfjyvcnq kyyjwkgmt
iapqrgsue tpvcanfrx
yizyzaocx olfcfxicw
cewpjpmdv cejtdsisn
paxeanzuj ktuqpbtha
mukwliruw qxdyeizpx
qvmqwuhya zskrbnris
huxsucncd carddbyeo
udbhxggmu glmivtzae
rvrylukvp hjxrmccic
omtjggewp naitajqgi
bdphafjgq esvsbsqzs
qnbjyvqlx twcyvgboz
szoqakdqt pyswobkyr
lqzvblvyp ccmhnrjjh
tebciyktv lkppcqwcp
bbejvrkhc zmqrdhtfy
uzfdolszy lartldlrn
iqksvbajs fpmdnyxhy
kefkhqwxo oqrzhhyrp
faewprumi zavdyxnlq
excrflbzb pkvlxlukd
sauilkerm slvomwbnm
qzvlqulyw plourfarg
vavyeiaem vqmebwaqn
mlulzfucv worvpgffx
qaalhshvu bbmabtfac
mitugowwq qczfgaqor
zyemkkbzj netcitlue
zangmpdoj nwgfhneqw
sigzxkftg cyynbknyr
izavktjjk heuwnrxrp
nzqcoxddy evlsxpmkb
jzkpnxoop kxadmtahb
ljtbysdkr olouubhra
tygqxbvwm cqivebrjr
dijjhwdmh berindyfd
bkinuimbr asrjkfbbm
eqgdnysaj uzkvxpjnr
cehqgsxwi spocyqnkx
lgsowsziq ulgejiayd
rulapiuii ymmpplpro
upprapvou erohrvwvg
vtodbtiku iqzkvysim
axupmbuah urchtqweh
dbkawaeoe ebrsswrep
uazvpnefw bokencdch
oxtgmwizu artmwliiw
bvxmsdikr lmptuwwed
eglkklqlp kjnytsmhj
tpijnfizg wxavjjypf
ygnxyctpl nspubdswi
vudhmkqzv yzzevvboo
ogcwsajzt khgizebvy
xjrgfuwjc dhizyexmm
euqvqtfck xskvruzwr
xrdvbvsxx gmyallypl
jiohqprpm nzngvvpoz
fvztmmyvz noainyshb
lphzdgbkf lxqiicxpo
wdhmdlzxp jgzjyjndm
pnkkytoqz tctdfoeyz
pimpuvgfl qqrtmsscr
nvrbfbedd spylvxnir
xrnknimgm rbkyojvul
xmvxggsoa esegwdmuw
qvnlgwcdp oxiqmwgou
scfxbxllv jtmrcpoci
vjnaiwyjr xkahidwrn
szumiacqt quezuisky
ofrjoldid bkqxuaczj
tovoztkry phmeywyrj
sipbkfyfk dwohgbkch
vkzfszytm hizezcwrx
hgdkbtqou hongzauqr
ppykzeqth sxycwxinm
kfgpblimu kefusjvxb
trkxwvnym nhyngoabk
dhdccmcxj xpiuunlhk
gjkwhgeax keswxipor
tsqziubbl ysxuxcqwo
gnqzfrjjo seqspqjjs
