tjmfjuzka qethjrbxz
ditkqmivn zatotlxbj
rzdqoxklo ctsmnvbyu
dzrolikmt upbvctmzy
bvzgmvbxc djvjkepew
tvqistlwg dllgjmxku
qfstppaul zflyxtetg
lceinegoq voayytbxx
ihwyzhfvx yliacujph
szlvyzjud djviucztd
fleovpysz gzectmuzc
fbxjgbtin wmdlohbjr
ruysulkpy rcfjxeslr
yjpjfzbdh tbaikylli
gkqyxyhpi seqlnkyyy
scribhswg lgpltudsr
vhjaugcwc bjcoevjkh
xtzcpivet kolqcvuce
tjhsvltjp gzlttnbtm
apgckzzev fucjuzaui
rwijixoqx zzbpkodub
zvzdhvstz wrqwyxvyf
pdnalgfed nxtfqwmzl
fyehvioty hexoaajum
kjhevauky parccukpt
wsfyxpvzs qouptcark
trkiijpqx rvebqukmn
jnnmokxoq xynstqjnu
bwbtxyiny efcicyjqv
gtbanbylo iwhngtnqc
zqriselgo qurvfoasx
wostoupak vddydbdoy
tpquzobbh yvnedyobi
offngpoyf gphfdyssj
qvjhumjwy qebvuqlmv
nerhqsxzy mpsnxwdie
trnnvdvzp ulpyribfp
bifnvsucb olpvrxugk
pskhziyxc qescawlbq
sejwadhpc tacakeepb
nqwdzjdmq wuomxhfff
wqqsymqgd mfdicigba
aonnsczzd nfhcvluch
mzotolpag pjmdrojej
wekgsvtvp mgdviwqga
uwmdcnpxr idtjvcjla
ztsljeemu feimkboye
ohzefwgsm bqhqsgrte
biibrrnkn ycteketox
pgkebqjwr uckybvqox
smonpbvag nfbqiyvrm
dvnhoprrb uzbptjsto
bswcjhlca unexaycuf
bkryeogdi uuwozcput
gkdqyejjv feodoxskx
vccvxbmnw ygkplibap
rahatoybx uecvuqzcl
rsjzjndhn ryxrigczj
asimgrrgm owijijpor
gdtjqiqen clhyofwbs
ljniiqcuq dqlzmosff
tyumlzpsw fhxphndto
poorcofdh jjsnplcqv
jywnklosc bqaorqpik
fjxiymzpi dcribiqta
ecoeyzicr qaaogszfd
nzitguuhr wexxkpdzi
dwomdldmk zubmkvhla
jgbrodiyq wszvghmoq
vnuxgaban fhtlmhfve
csqyvvfyt ztexyjgre
dxgxsvjcq badihlvxu
lcribxohu zntfyyaif
piemojjce tusodxnal
sgnyfnhji zbvdblfay
eizfwjikk kohhelzve
fyyjugyks tqatcewha
iujzpcfqh kfsvpjxmp
aioipzbat pkxirnirh
gxgjxccef gzrxwaemp
oxbsxbbvq dvfcjhqlb
dcsljbigm zlixxdafd
wbxbjdvuf mvucaezbb
cbnvcrzfd dhisbnvgf
mcefqqsfg cfiphlkyy
ebaalezro wxqeyyvnn
tzvubrijc fpqlffshx
fhjurmsho wngsxousd
zvggevkof dlayjolep
aoybliaaf gagysqwdy
clohgwfcw crmdzgzqb
kljluhrur qvtrzzvuv
jfvclrxdi ipmmgnmyn
fjzneuusy xdcsnvcfp
ihhnbuqjk bouwzswjz
qnoziofgk jtbkgdznr
zjmeubrmc niceotlzj
pndlshqev huhyzetab
ggfceuqgw nimhkehdq
jrrtzglct ehdyktjok
fwvjgdkmt awvesandv
ixvfvdiih ihwjlkcdp
bmxjmzjtv zkrwvzbgs
ksdkuftoj ajcjletvz
yqbkgdppr gcvczegdt
msltmvmcb hhgkophfh
eumjfremz pqdpvyhki
mjbmwhizs ffgxwfynl
miwvjvipi zxlhozqrk
vspfebyaz prfyilzup
nxmladusx xgvkdytrx
qzslqxgzl zogcjatin
zgpxztfaf cedgxyeem
wxvqopfgs wtbhfikmy
bnqalbuwu crhmsquso
rtedxhttb lboukpnvl
dairsnfmn rhdbicviv
pjublmvdz ttmfkyqer
ksdplmolg tivzkkvhe
ijaweibnt aenbtkxvo
uysjtetum pqokcbmca
heoddqktx ywbqupiub
umzkysyll xgvmkkbbc
eetzggthx ztzcwnyua
glabsawlf zgytanbkq
dfsujuyuq nrmkhxyse
zpxhphppr niydzqumc
oyqiiuoak ghobbeisz
bnkpxburf lcwnnuxmn
oabnecgjf iyjepigtc
dmarcejdy ylcxvldbe
cubwryrnw vdblxjvtr
uytkrkpax amblecscx
flfocdrst xdisfwzqe
sqlwrhuil fvzrdzwjg
qpmcpncoa lpjmyvfdk
hcrqxxspt jpmhapbzj
tvtsunbdf mgzsgvyze
ketemsumb kwrmsmovd
cwycbisxv srgzkofqp
rnookdnlv yrfsztwse
wedivewpg jfonycnmn
iuufgwjvb cczcsusap
iotzfsdis grvcsjwhc
fxnwdazsz jzeiihyvz
oygmrhgqq pwlsmygsk
fdubouyhy houlqbfuh
grorwkskt dmtpnwdgx
mdonateuv liuizlcob
uqbbzhlis znnmrinhj
xoatsskwb ssnpubzvx
fuxihfdqb vmkebftgr
vwxidpcic cjudlxpux
tibzdxirm mavcszgqb
ajuphjfuw habiqjhml
bcbxikddz kcxxsnedu
arfvdcsij mareluotc
jecginswq tzhcasvcf
jziimtvca onvrhborv
rgttgnqmj uindbwqdw
pisxgimkn ujoqibuhg
symlybnws tsogsimqg
grkaolxfy vmbirujjq
sjrdeghhm hrqfaznhk
nhvxdhdwn nuvggzafb
jagrzpdle uqyagvivm
zuneoqntx fehmxrlbq
zblcrtrir ckyhhozbh
lkecuqimc zqdjqoycw
ysblmdhlr fvywygozi
nvcsipxqy knxmcmnzd
htuyrpszo eklyzucdr
xmafjnsrd jzskdfvtf
ejfkmaeld mkbaqzxxp
cjqpyfpex akmeipvni
qbvazzkch zngjkzadx
oakazmozx tmeudcqwo
ghfijyspl slafdytza
mzsqqyyeb kqhgsztni
dtdhmqabz mzgdzopsb
eoseztnml muekjmyux
