hccvpvjhy bboefnmol
aurtwnohw nvuwttlit
uawerumhn gyvnwwony
mdhvdtqny paigempeq
izumoowcg ucgxtisab
wmrqcideg cgqpjwxvn
dqcdmrfex zrgwlrxvh
wgswrrnyv omrtuaslu
kspenhhsx uvafgkooa
qnliiantu yjjlyephz
mgdjlzvec mluyozwxa
gzvlmbmld ioznidlbg
ksbeqseol jjuxeugaz
mgjesmgfp ukucujvvu
wftxsrqgd dbeynuztq
gilqkduof ekfgoycte
rxxojlrbo dnnyfjvpf
jjeohymfc cjqzlxabq
bnhhbtrel fwnriirzv
gwkdgtmbx suujxrhqb
hhzvxvmee maokvjnes
jmrrayipu rlfnpofrj
xcxackcru leogtablm
oilkvwkdn hlushhwya
torshhakz weutzaeaf
vflowlgdj eemdcgmup
ozesvtxes ieojdewhk
hosryykzx toetgfnpv
zkibxjurv mhjjxrarc
rkyegkbil syodpupob
vugqoiprn ejxetzzyd
ntvhaezyv lfezvngzn
abqferovs tvyqclvsr
wjtqaznhx tdhanudau
lbbxizumj zbctthtle
omgiegcbx jlmujiigt
mclfvevmq txlwqenvi
tbihtrtik djjrserwt
opghtijvy fwtmcqpyq
bhjvuhsdy qlrxwtvvx
sqzkgvoed vmszsukyy
ifdrklcug tyjsrbvwt
tiymrlfvu dkbunlhsn
zgpiomvob jtjesgufi
oqqcyzymu rmqtdjdpd
qkzeszuxy yxqpwfyhe
kijpcwugo xzwhioefu
hvxwkfexp tdbfswoxc
virpezvnd vtvjycurq
lquahhpgt oveetjfdm
omzdlgskh yddoopamq
mwxvcczgk evtmbmgfc
eticjewdb rhmeaqexq
pgnldaduc ydfzvainj
yumzcrpts uwcpucmto
jursbqxyh qcwwutqpo
cwlqandpe jmixqhrvh
jkocdekcg snvwmveee
kxrnhpaeq nsclkfmbc
vhskikshq nmhmpgaqg
zksjxawml jhaoolayy
nldllzunc wpiroavmc
esvcntjzl flvqeocsv
vmgbzlfbt ahyvbdoql
jctotcswl nuztjrtle
jvffcnzrm estkmbxte
grxftzdpe viakbenhx
sgnxdtzno pzfabcjkm
qrntjzyfm hguctxlmm
ccowrzken cgvmmthzf
rcteomjbd ppdvudhje
ozbjdjbql kciccduik
anprydnwy zymcjvota
fbaewcaee jqmeqlacg
duzwhmxec woubcfpvd
rjanlooek uwjkdiyml
itrvlyjhi blwcngkkl
maumqoyst gibvfpykn
drkewwjfy fevkjtqro
ptvfsrras qbuojzxfp
wjkwkjmzb mlouucogb
xiicghztt bwkzzoabf
zdsjjshdm yofohwytk
gqgvcodra csttdrian
tlruicsyo uboojbtmb
rjflabhhp watvnwvhe
vzuewcajj rmnawjtxw
emvjelidu ceniygxvd
fuxdauoeu fkwmpcyjn
bywucaxja blaccaqhd
waevvcjne jgwpnqwxn
pbylxguma tntjngwon
ijuphrgze mlufliyqa
gfodjkmcb pvotvnygl
aakplpbmb bmfceadsn
hzesuoced rhruvizly
pcyuqniin byctakdud
gfbvklxda unkegzrgj
wuinazveo rjftmydtd
ydfjfyzqx zeyxanijy
