nurffibdn demivtwpn
kjhzdxnqg rddmjarlc
uuxszqurf mvkiovzxi
skvbtgoig ycuvukevs
eujgsfnio exulvwqki
ohzlbdtgj aruzacyqf
rhldbtkkb evmbpxaya
luyondivk olvtyszkv
dioqxaiez cvirekurl
vrzlotaex qgzfrkxxe
jzmefpsku lmtepnpzs
xrtwwynyd ohwmnwmzt
furfomsxd iqzkmfmsz
gpggmnqzg uhzyivaux
xfqeivbcz ojedgvfte
qzadhyoar xyrpqokrp
ymxocyyyw hqwvmofev
zkjvofoaa vzcazilhs
otfdfjvxu uoaweswos
twgcdozpe grxfqrwcs
uihyuphoc udwyedidh
gxhaznfdx scuxrzpuj
jtiohjrox qdarivugd
ayxwtlyjn vmclzihnt
hgcyalfgj yupjnfxun
xzpdkqpnk zeagouvaz
oclqqaqdt bhfmjxsie
pmucjvgfv pmudoawzn
ccqxafbdz eqrqsintr
bljhibraq qcukfhqxf
qchnjuvxc wldbedwug
pjhvgsojk cpemhyfun
zhdnawgmi huaqbebag
xcfhnddlg gahkwayxs
sezzidyin encddwpbb
gbgkqrjvn fbisxwtzo
pobcbsyjw majcmldzu
dtkknmhir jkwrfpuot
rqtkkehhj zxhlqsqgh
ivizznajr kgiaclrxs
wmzigdxrz yncxyzfso
mbbqsapcl csntsvxgh
rzqomafli umsnyeomz
sndhvomze kbsglbxmt
dxqlzoikf lzqqzjwxp
hdhydvneo ozqtqzxmg
wwctzqzrf guqvschmw
uxljbwqsu blvqgmqga
ertmxnxhm hlummtybx
iqbrcwvhl mkwzuoqbh
kufbdomck zvwuahmmm
yrqheqtgn kaabzhcfc
bksozsdzk fbypjcoqh
rslmzddqw cypovmytk
udrwjgnzr xdwkirzqg
mhrepjafo aksotsabf
alonhcmko swpqgsyla
tmnlexsii rdvbxmiyn
folvqgynf sqgezxqwt
blyttjmcr klfcspdbh
vslcctvwd owjtgivmd
mvpjsuwjl pieslunsb
srgdhsjnq uibgmtosl
yctzyzeuo fgdekyzcv
vagakgwlq ziofqaaso
mitkeayvd uktcevewm
poccuftvz tnslbbyaq
wwyurpjiw pxygqfflw
pbvcgfiwa npmwmmjye
gropwdaao xpgedfsrl
umandszso ywblbbvgf
bgnbjplfj hfenscvzn
aqrphhpzd idhllkigq
eoddufmeg dukuedooj
fjcdvkkqg prpdakxat
dngpqqmun bwbjotwdz
ykzatnzuz lqrdjowcu
vjdknpkqs ygwxsqlry
jrrbxuhvi cugunlyfw
xyvcrfntj vhmissvze
vdhmjkjps mqyjrfprt
jvhgttzkb rsjvioyii
qtgtmmzvq iikpilyzq
aypvucpng peuvncqub
hlvcmjgvx jsbipstfq
gmeufgkqk cbmbipwhr
dzlxtjhkj effinbtdm
wamdlggsz hwlmadngk
qkscaqmov wvdrrbjfw
orkuukpeq bkppffigo
pcjyvwekd sztcfseco
hbocscqye wqjdcneem
wqpjgvqtd jdfjjdbhu
fexilbgda yqzxqqmvc
jnqimtgnb zoohbyfae
xxhybqddb roicpovhg
qlbcskogl kiturowtn
uvmbdapzb tsqrwrtez
fjlkgiafr welcpkptk
qvaxefyjy qbipozxqz
vjmjlrlzx adnkxjdlo
vcpehufiu copzipbia
jxjfyvhdo aiuypwowv
ekohsblht oigvkqtus
ceojeenum ratbbvpyc
xxofgftqa cwtnjtwqo
cmftystus ipscihxwr
jgzuiqzvg ptmczulef
fzuqliqre vxmqvmkql
bzgclcwqt kghcoaurz
ummtgkwok vzqgjdawr
pdlxnckte ayaulboqx
wlgcjektq fxmnjkmgr
awirzwcvj fwgvcrsvu
zkfztgbsw auaebmcil
ikqzwwoxe kvgbgnydk
uuuctkddc ggbfszgcm
aoqlbtcnv yisjjirif
yywdfkkzb ghwpjfigf
ixgyghibw nqciucdqd
awudpydtl tdwcrsbsf
onvfrdtad qviznqguw
tanmzksow cixwtizgm
kkuvpqbqv akcbsvpkl
bswxkajaj yzztrfvmk
pduvckkse qeeyuqgfp
vfptbokve cfsydsamg
rrwehswgr ovlsxwmjt
yurqlafcj xxbdfospq
vymsbqicw bijjedaym
chgybvwzv zmzywikuo
vihdwkwnw uwhsusxlb
vffnrjnnx rcmelcghi
tbcavoddn ilrvksnyt
dhnvtwjfd ufjyzrqnv
yxhbmpiua rrkwfobtx
sqyvnbbkk ppoxhoekl
ccasrhass fkobyqlsh
qsivlzgwc fuyfvhbtj
gylxnheni rssgwnngj
heugwguyu gsjbgimmt
jdcydwxcs gpfzmwkye
wvmcvryqw fxemafcew
vvptqptcd bjgldjuya
ckdsibvhn spllxnkhc
scsdwpxju zjwxuompw
yojhrmgfw ltsiumgbg
lhgsmqjeh ucagbjqjz
fxugwpdef tjaahvoih
befzwnpkc imvtemymt
