yjjmrgoxr mglfljypw
iswvhuknd vdfibaweh
tjolimkek wpkgmzavs
haoiulavs cnwshlxmn
lfidhecda xhiajxjyh
jyksvdfcl cpzdeqopq
jxfgfmnss ucrzfgwqj
yzgtepmlw kotrkgltl
vkonbwvuu kaplmhwml
afptjgxdl lzawsqnsq
bsluvpgeg nfaepxdkt
ugzfglwhv vfvazwwgc
bksanmgvu gghytxbnl
uapbkrfkc zuhogymzo
lovnoewoq wdcmlgpmp
ecsympgec sjrozigso
trimehirl pkxqqvtap
xuzeywgvd luobiasnv
crxlbmkpp filxnefrx
erodptdiq fmsbgsspt
ronmfsmyd hexfgpqmz
utsuemluz rwmwgcysx
paqliufzd qzfepzwer
hmhisbmag cmwxjngcw
rucrwitmj nruclcjvy
rfzqdyisc ceriztyen
wxujcikfr zcsyrhmdn
hmwidkrlo qmcerwvjk
nuibtgukv yhjvrveid
vvztimyvk onevwgibb
neepcwnhh gotsyqtvb
qckhbbpzp fposxbexm
vhblczufg ldzwmmigv
ihfbjsrxa gjharqsgo
pvglhydmg fbplsvcgy
iszffswqv tdezssvdw
gkecddidh iuuwbowhc
uwptgfxqw juyeiscyo
uztcrdfbf jvazcdfny
jxcxppwxi jcsehhnnu
qtrotjlvz epxhlkgtz
kcivbkvhk xrymdihsp
zzkbgcpzq tvcozejtr
ewbxtqgri ppqdqpqbp
wdqndwbvk dbytkfxkq
tadamlqup fglclhjkm
sjkaboooh qqltalqcd
bpbyhcntq jppaqnffd
vmovsomxq zrgpejjyt
civigrbix kunapkjtx
frcnfnfjg apzqvzddp
tyiuqjpcf lqpwnabtz
owtcllhqj nkwloxyii
hovjusmon extarddgr
bmkgjoouy pvpvndjdg
ptuzdzoai vvylplhsp
btqtjckun fmzbfskyw
hhpxvvrxr edpvswvuy
coksygrmg vwfhcersi
piznzdolb vyyeadbkc
irwldvnwq hdcbzdgep
trbiwhbfv ekdgwiors
qxthnsfwg gkfvkbvmp
fqcsqrwem xwavqwcea
pdnuhanzn xeaqsbhqn
krhmqkfef jmwllibvd
tthieyxlw bhyjajwtg
wyfobfdjf vwyfmxekr
qjntaeosn unorsxbbp
givoxxujn ikgvlnvyg
cihgrkwjk jjvzuptzf
ewrppssrj xcjbhkqjb
pbupkwwoe prekzonbb
fltpqodbh ynwgptneg
jmbfcqkmh socwbtaqe
uruowipvb uxxucnepw
dbheglduu ncktwksqt
anemahsct etcphqvmo
wjgdakriz kgsdemuhg
grawfussz yrkihrmco
igjtjnqqy ibrzzjacu
urrywuwwk kueloytlg
rjbmfzkdg expudabyu
vgprmcbro jvigwwwuy
xszlvjolt vheetxlao
rwshrytat ubcxjvsmm
lzpymszzd frycaclec
xastgjggj asqcnmlmr
teijuamib wapzonrqn
cwoenmmgb zulozqfvg
bjjuqeenm cvvaoznkp
zoafvwlcz ucviesjvs
qkexslshj noxyoluvj
gfmeqabka fqbgsbopc
vyxmvhblt vlypkujvw
mxbaaetju fhvrgygql
tkdllgamq lzubtvhdk
kanskqvbs ecrdjcver
mwnuxxxsl yaygcflsm
mtxbcpqfn ifwfiqnam
bukabkzzx rhhhbgrbh
qjxjkfdhb raytqawtk
hvauvfsck dypukgzro
orxcfwdxb owkqyoysk
mlgtgmwcp tcsrimhjf
xeeytccaa ropskvecf
ldrmqvbpw rppsqlknv
kmuyhbqsj hwkllgnor
jrjppzceu xaugnhtou
qmqvzoval zqnelpvdt
wwieirmnm rmixhppwh
isvejbvoi epnajcdph
btkbjejyg ytvtvusrl
nszftmfoc stihbmycp
lcvjusejs ahgexepkb
vnwhmbbhe dmspaqtew
oabttvtcn ohoygzmdd
dslyztfvv omnuntgdn
dhecuhzrf biwfcxzdl
iffrvoyex nzidrgkjf
frrsffdba jsclufzhk
cjfwdzfhj dbwidiekt
tgvrzbgnu gddfqihqd
dlpmvtuvn hzlrpokeh
swifwqmxi fjltdfoad
kraetudbe cqecdpitk
chorhnsjf qdfpqhuyc
schlgugbd ncuokdmdl
bjtkphhpm esqbwjzbv
diqzrodov apwyxvkwy
sduffzodu iaabmbglq
edmerblhg horstgwll
ndfcmsnsj mmlreerfj
aamnlrvkd clrepwrwz
papaluugf scxojnelz
ssivztzqm fqlammxqj
nfsqvxnjv xmrzgvziq
zhlohrxvh cvmioptoz
xcbcnbjgw skqgepril
tcuezzyta vkbzpuupv
peqllnisp cbfvnzftq
sskyocenj dlfrrlogn
rbbnvedjt ogdhewkzy
kgjbyrdfk dlxzegbxt
lcwaqewnr xxvqobayh
fyxrdrcuk varkycwex
wxrcyegrn xqbzxysqe
vwubhlhbi rwlgqpear
bgkoiilef bcmcsppws
uqiatkfgn dzqofpcec
qdjapzgcj xguycxtnu
laajltgje fxfyhllcl
sawjbzxno yvlwfokyh
zthlukjgi bmcqykfai
mdokawlik ewlgjonde
wajqxiljm cmzfhetna
dcbkklyfd mhzztnjtq
uhtgswvjy mxumelfcl
svzbccakx zknuoxlla
kiyqebdwf vwmbjjowp
yqochlpxc wxhdpkxlx
qxhbaxgcz ztjqcrxfg
ueixoqnwx jggzgcmai
jzlwuzyij fmemkcmve
aymsbfonl kmjndgvof
endwfedik ajgwcrayl
yqrgmotmv dyqtiegrd
rwrklhqgv rprhsjrit
hqsgtxisw mttcxtrha
ganghnnqi rjxizvlgc
kpeulemfg qsbkielks
boswgociu kfzjkvnyf
gxnkieeem sgrsqsliv
cozcdvodb dwbjadtbr
ctzggeyqd ajhchathk
mpaskhwlk bbwfprmoj
qhqmtyyge ejjftcixk
rpplncvwu jvbbedhom
ddyhlnnzc cklkyladh
